In file included from ../ext/bson.h:17,
                 from ../ext/bson.cc:35:
../../../../nan/nan.h:206:9: error: ‘v8::Handle’ has not been declared
  206 |   , v8::Handle<v8::String> opt, bool def
      |         ^~~~~~
../../../../nan/nan.h:206:15: error: expected ‘,’ or ‘...’ before ‘<’ token
  206 |   , v8::Handle<v8::String> opt, bool def
      |               ^
../../../../nan/nan.h: In function ‘bool NanBooleanOptionValue(v8::Local<v8::Object>, int)’:
../../../../nan/nan.h:208:7: error: ‘def’ was not declared in this scope
  208 |   if (def) {
      |       ^~~
../../../../nan/nan.h:210:27: error: ‘opt’ was not declared in this scope
  210 |       || !optionsObj->Has(opt)
      |                           ^~~
../../../../nan/nan.h:214:26: error: ‘opt’ was not declared in this scope
  214 |       && optionsObj->Has(opt)
      |                          ^~~
../../../../nan/nan.h: At global scope:
../../../../nan/nan.h:221:9: error: ‘v8::Handle’ has not been declared
  221 |   , v8::Handle<v8::String> opt
      |         ^~~~~~
../../../../nan/nan.h:221:15: error: expected ‘,’ or ‘...’ before ‘<’ token
  221 |   , v8::Handle<v8::String> opt
      |               ^
../../../../nan/nan.h:219:17: error: redefinition of ‘bool NanBooleanOptionValue(v8::Local<v8::Object>, int)’
  219 | NAN_INLINE bool NanBooleanOptionValue(
      |                 ^~~~~~~~~~~~~~~~~~~~~
../../../../nan/nan.h:204:17: note: ‘bool NanBooleanOptionValue(v8::Local<v8::Object>, int)’ previously defined here
  204 | NAN_INLINE bool NanBooleanOptionValue(
      |                 ^~~~~~~~~~~~~~~~~~~~~
../../../../nan/nan.h: In function ‘bool NanBooleanOptionValue(v8::Local<v8::Object>, int)’:
../../../../nan/nan.h:223:44: error: ‘opt’ was not declared in this scope
  223 |   return NanBooleanOptionValue(optionsObj, opt, false);
      |                                            ^~~
../../../../nan/nan.h: At global scope:
../../../../nan/nan.h:228:9: error: ‘v8::Handle’ has not been declared
  228 |   , v8::Handle<v8::String> opt
      |         ^~~~~~
../../../../nan/nan.h:228:15: error: expected ‘,’ or ‘...’ before ‘<’ token
  228 |   , v8::Handle<v8::String> opt
      |               ^
../../../../nan/nan.h: In function ‘uint32_t NanUInt32OptionValue(v8::Local<v8::Object>, int)’:
../../../../nan/nan.h:232:24: error: ‘opt’ was not declared in this scope
  232 |     && optionsObj->Has(opt)
      |                        ^~~
../../../../nan/nan.h:235:9: error: ‘def’ was not declared in this scope
  235 |       : def;
      |         ^~~
../../../../nan/nan.h: At global scope:
../../../../nan/nan.h:164:21: warning: inline variables are only available with ‘-std=c++17’ or ‘-std=gnu++17’
  164 | # define NAN_INLINE inline __attribute__((always_inline))
      |                     ^~~~~~
../../../../nan/nan.h:333:3: note: in expansion of macro ‘NAN_INLINE’
  333 |   NAN_INLINE v8::Local<v8::Signature> NanNew(
      |   ^~~~~~~~~~
../../../../nan/nan.h:334:11: warning: ‘always_inline’ attribute ignored [-Wattributes]
  334 |       v8::Handle<v8::FunctionTemplate> receiver
      |           ^~~~~~
../../../../nan/nan.h:334:11: error: ‘template<class T> v8::Local<v8::Signature> NanNew’ conflicts with a previous declaration
../../../../nan/nan.h:328:27: note: previous declaration ‘NanNew’
  328 |   NAN_INLINE v8::Local<T> NanNew(P arg1) {
      |                           ^~~~~~
../../../../nan/nan.h:334:11: error: ‘Handle’ is not a member of ‘v8’; did you mean ‘JobHandle’?
  334 |       v8::Handle<v8::FunctionTemplate> receiver
      |           ^~~~~~
      |           JobHandle
../../../../nan/nan.h:334:38: error: expected primary-expression before ‘>’ token
  334 |       v8::Handle<v8::FunctionTemplate> receiver
      |                                      ^
../../../../nan/nan.h:334:40: error: ‘receiver’ was not declared in this scope
  334 |       v8::Handle<v8::FunctionTemplate> receiver
      |                                        ^~~~~~~~
../../../../nan/nan.h:335:7: error: expected primary-expression before ‘int’
  335 |     , int argc
      |       ^~~
../../../../nan/nan.h:336:11: error: ‘Handle’ is not a member of ‘v8’; did you mean ‘JobHandle’?
  336 |     , v8::Handle<v8::FunctionTemplate> argv[] = 0) {
      |           ^~~~~~
      |           JobHandle
../../../../nan/nan.h:336:38: error: expected primary-expression before ‘>’ token
  336 |     , v8::Handle<v8::FunctionTemplate> argv[] = 0) {
      |                                      ^
../../../../nan/nan.h:336:40: error: ‘argv’ was not declared in this scope
  336 |     , v8::Handle<v8::FunctionTemplate> argv[] = 0) {
      |                                        ^~~~
../../../../nan/nan.h:336:45: error: expected primary-expression before ‘]’ token
  336 |     , v8::Handle<v8::FunctionTemplate> argv[] = 0) {
      |                                             ^
../../../../nan/nan.h:336:51: error: expected ‘;’ before ‘{’ token
  336 |     , v8::Handle<v8::FunctionTemplate> argv[] = 0) {
      |                                                   ^~
      |                                                   ;
../../../../nan/nan.h:343:11: error: ‘v8::Handle’ has not been declared
  343 |     , v8::Handle<v8::Value> data = v8::Handle<v8::Value>()
      |           ^~~~~~
../../../../nan/nan.h:343:17: error: expected ‘,’ or ‘...’ before ‘<’ token
  343 |     , v8::Handle<v8::Value> data = v8::Handle<v8::Value>()
      |                 ^
../../../../nan/nan.h: In function ‘v8::Local<v8::FunctionTemplate> NanNew(NanFunctionCallback, int)’:
../../../../nan/nan.h:345:42: error: ‘data’ was not declared in this scope
  345 |     return T::New(nan_isolate, callback, data, signature);
      |                                          ^~~~
../../../../nan/nan.h:345:48: error: ‘signature’ was not declared in this scope; did you mean ‘sigreturn’?
  345 |     return T::New(nan_isolate, callback, data, signature);
      |                                                ^~~~~~~~~
      |                                                sigreturn
../../../../nan/nan.h: At global scope:
../../../../nan/nan.h:164:21: warning: inline variables are only available with ‘-std=c++17’ or ‘-std=gnu++17’
  164 | # define NAN_INLINE inline __attribute__((always_inline))
      |                     ^~~~~~
../../../../nan/nan.h:349:3: note: in expansion of macro ‘NAN_INLINE’
  349 |   NAN_INLINE v8::Local<T> NanNew(v8::Handle<T> arg1) {
      |   ^~~~~~~~~~
../../../../nan/nan.h:349:38: warning: ‘always_inline’ attribute ignored [-Wattributes]
  349 |   NAN_INLINE v8::Local<T> NanNew(v8::Handle<T> arg1) {
      |                                      ^~~~~~
../../../../nan/nan.h:349:38: error: ‘template<class T> v8::Local<T> NanNew’ conflicts with a previous declaration
../../../../nan/nan.h:341:46: note: previous declaration ‘NanNew’
  341 |   NAN_INLINE v8::Local<v8::FunctionTemplate> NanNew(
      |                                              ^~~~~~
../../../../nan/nan.h:349:38: error: ‘Handle’ is not a member of ‘v8’; did you mean ‘JobHandle’?
  349 |   NAN_INLINE v8::Local<T> NanNew(v8::Handle<T> arg1) {
      |                                      ^~~~~~
      |                                      JobHandle
../../../../nan/nan.h:349:46: error: expected primary-expression before ‘>’ token
  349 |   NAN_INLINE v8::Local<T> NanNew(v8::Handle<T> arg1) {
      |                                              ^
../../../../nan/nan.h:349:48: error: ‘arg1’ was not declared in this scope
  349 |   NAN_INLINE v8::Local<T> NanNew(v8::Handle<T> arg1) {
      |                                                ^~~~
../../../../nan/nan.h:349:53: error: expected ‘;’ before ‘{’ token
  349 |   NAN_INLINE v8::Local<T> NanNew(v8::Handle<T> arg1) {
      |                                                     ^~
      |                                                     ;
../../../../nan/nan.h: In function ‘v8::Local<T> NanNew(P) [with T = v8::Date; P = double]’:
../../../../nan/nan.h:375:26: error: cannot convert ‘v8::Isolate*’ to ‘v8::Local<v8::Context>’
  375 |     return v8::Date::New(nan_isolate, time).As<v8::Date>();
      |                          ^~~~~~~~~~~
      |                          |
      |                          v8::Isolate*
In file included from ../ext/bson.cc:14:
/root/.cache/node-gyp/14.15.4/include/node/v8.h:5787:69: note:   initializing argument 1 of ‘static v8::MaybeLocal<v8::Value> v8::Date::New(v8::Local<v8::Context>, double)’
 5787 |   static V8_WARN_UNUSED_RESULT MaybeLocal<Value> New(Local<Context> context,
      |                                                      ~~~~~~~~~~~~~~~^~~~~~~
In file included from ../ext/bson.h:17,
                 from ../ext/bson.cc:35:
../../../../nan/nan.h:375:56: error: expected primary-expression before ‘>’ token
  375 |     return v8::Date::New(nan_isolate, time).As<v8::Date>();
      |                                                        ^
../../../../nan/nan.h:375:58: error: expected primary-expression before ‘)’ token
  375 |     return v8::Date::New(nan_isolate, time).As<v8::Date>();
      |                                                          ^
../../../../nan/nan.h: In function ‘v8::Local<T> NanNew(P) [with T = v8::Date; P = int]’:
../../../../nan/nan.h:380:26: error: cannot convert ‘v8::Isolate*’ to ‘v8::Local<v8::Context>’
  380 |     return v8::Date::New(nan_isolate, time).As<v8::Date>();
      |                          ^~~~~~~~~~~
      |                          |
      |                          v8::Isolate*
In file included from ../ext/bson.cc:14:
/root/.cache/node-gyp/14.15.4/include/node/v8.h:5787:69: note:   initializing argument 1 of ‘static v8::MaybeLocal<v8::Value> v8::Date::New(v8::Local<v8::Context>, double)’
 5787 |   static V8_WARN_UNUSED_RESULT MaybeLocal<Value> New(Local<Context> context,
      |                                                      ~~~~~~~~~~~~~~~^~~~~~~
In file included from ../ext/bson.h:17,
                 from ../ext/bson.cc:35:
../../../../nan/nan.h:380:56: error: expected primary-expression before ‘>’ token
  380 |     return v8::Date::New(nan_isolate, time).As<v8::Date>();
      |                                                        ^
../../../../nan/nan.h:380:58: error: expected primary-expression before ‘)’ token
  380 |     return v8::Date::New(nan_isolate, time).As<v8::Date>();
      |                                                          ^
../../../../nan/nan.h: In function ‘v8::Local<T> NanNew(P, const v8::ScriptOrigin&)’:
../../../../nan/nan.h:392:32: error: ‘CompileUnbound’ is not a member of ‘v8::ScriptCompiler’
  392 |     return v8::ScriptCompiler::CompileUnbound(nan_isolate, &source);
      |                                ^~~~~~~~~~~~~~
../../../../nan/nan.h: In function ‘v8::Local<T> NanNew(P) [with T = v8::UnboundScript; P = v8::Local<v8::String>]’:
../../../../nan/nan.h:400:32: error: ‘CompileUnbound’ is not a member of ‘v8::ScriptCompiler’
  400 |     return v8::ScriptCompiler::CompileUnbound(nan_isolate, &source);
      |                                ^~~~~~~~~~~~~~
../../../../nan/nan.h: In function ‘v8::Local<v8::String> NanNew(v8::String::ExternalStringResource*)’:
../../../../nan/nan.h:405:24: error: ‘NewExternal’ is not a member of ‘v8::String’
  405 |     return v8::String::NewExternal(nan_isolate, resource);
      |                        ^~~~~~~~~~~
../../../../nan/nan.h: At global scope:
../../../../nan/nan.h:164:21: warning: inline variables are only available with ‘-std=c++17’ or ‘-std=gnu++17’
  164 | # define NAN_INLINE inline __attribute__((always_inline))
      |                     ^~~~~~
../../../../nan/nan.h:408:3: note: in expansion of macro ‘NAN_INLINE’
  408 |   NAN_INLINE v8::Local<v8::String> NanNew(
      |   ^~~~~~~~~~
../../../../nan/nan.h:409:19: warning: ‘always_inline’ attribute ignored [-Wattributes]
  409 |       v8::String::ExternalAsciiStringResource *resource) {
      |                   ^~~~~~~~~~~~~~~~~~~~~~~~~~~
../../../../nan/nan.h:409:19: error: ‘v8::Local<v8::String> NanNew’ redeclared as different kind of entity
../../../../nan/nan.h:403:36: note: previous declaration ‘v8::Local<v8::String> NanNew(v8::String::ExternalStringResource*)’
  403 |   NAN_INLINE v8::Local<v8::String> NanNew(
      |                                    ^~~~~~
../../../../nan/nan.h:409:19: error: ‘ExternalAsciiStringResource’ is not a member of ‘v8::String’
  409 |       v8::String::ExternalAsciiStringResource *resource) {
      |                   ^~~~~~~~~~~~~~~~~~~~~~~~~~~
../../../../nan/nan.h:409:48: error: ‘resource’ was not declared in this scope
  409 |       v8::String::ExternalAsciiStringResource *resource) {
      |                                                ^~~~~~~~
../../../../nan/nan.h: In function ‘v8::Local<T> NanNew(P) [with T = v8::BooleanObject; P = bool]’:
../../../../nan/nan.h:415:40: error: no matching function for call to ‘v8::BooleanObject::New(bool&)’
  415 |     return v8::BooleanObject::New(value).As<v8::BooleanObject>();
      |                                        ^
In file included from ../ext/bson.cc:14:
/root/.cache/node-gyp/14.15.4/include/node/v8.h:5838:23: note: candidate: ‘static v8::Local<v8::Value> v8::BooleanObject::New(v8::Isolate*, bool)’
 5838 |   static Local<Value> New(Isolate* isolate, bool value);
      |                       ^~~
/root/.cache/node-gyp/14.15.4/include/node/v8.h:5838:23: note:   candidate expects 2 arguments, 1 provided
In file included from ../ext/bson.h:17,
                 from ../ext/bson.cc:35:
../../../../nan/nan.h:415:62: error: expected primary-expression before ‘>’ token
  415 |     return v8::BooleanObject::New(value).As<v8::BooleanObject>();
      |                                                              ^
../../../../nan/nan.h:415:64: error: expected primary-expression before ‘)’ token
  415 |     return v8::BooleanObject::New(value).As<v8::BooleanObject>();
      |                                                                ^
../../../../nan/nan.h: In function ‘v8::Local<T> NanNew(P) [with T = v8::StringObject; P = v8::Local<v8::String>]’:
../../../../nan/nan.h:422:39: error: no matching function for call to ‘v8::StringObject::New(v8::Local<v8::String>&)’
  422 |     return v8::StringObject::New(value).As<v8::StringObject>();
      |                                       ^
In file included from ../ext/bson.cc:14:
/root/.cache/node-gyp/14.15.4/include/node/v8.h:5854:23: note: candidate: ‘static v8::Local<v8::Value> v8::StringObject::New(v8::Isolate*, v8::Local<v8::String>)’
 5854 |   static Local<Value> New(Isolate* isolate, Local<String> value);
      |                       ^~~
/root/.cache/node-gyp/14.15.4/include/node/v8.h:5854:23: note:   candidate expects 2 arguments, 1 provided
In file included from ../ext/bson.h:17,
                 from ../ext/bson.cc:35:
../../../../nan/nan.h:422:60: error: expected primary-expression before ‘>’ token
  422 |     return v8::StringObject::New(value).As<v8::StringObject>();
      |                                                            ^
../../../../nan/nan.h:422:62: error: expected primary-expression before ‘)’ token
  422 |     return v8::StringObject::New(value).As<v8::StringObject>();
      |                                                              ^
../../../../nan/nan.h: At global scope:
../../../../nan/nan.h:427:32: error: ‘Handle’ is not a member of ‘v8’; did you mean ‘JobHandle’?
  427 |   NanNew<v8::StringObject, v8::Handle<v8::String> >(
      |                                ^~~~~~
      |                                JobHandle
../../../../nan/nan.h:427:32: error: ‘Handle’ is not a member of ‘v8’; did you mean ‘JobHandle’?
  427 |   NanNew<v8::StringObject, v8::Handle<v8::String> >(
      |                                ^~~~~~
      |                                JobHandle
../../../../nan/nan.h:427:3: error: parse error in template argument list
  427 |   NanNew<v8::StringObject, v8::Handle<v8::String> >(
      |   ^~~~~~~~~~~~~~~~~~~~~~~~~~~~~~~~~~~~~~~~~~~~~~~
../../../../nan/nan.h:427:51: error: expected initializer before ‘>’ token
  427 |   NanNew<v8::StringObject, v8::Handle<v8::String> >(
      |                                                   ^
../../../../nan/nan.h:164:21: warning: inline variables are only available with ‘-std=c++17’ or ‘-std=gnu++17’
  164 | # define NAN_INLINE inline __attribute__((always_inline))
      |                     ^~~~~~
../../../../nan/nan.h:438:3: note: in expansion of macro ‘NAN_INLINE’
  438 |   NAN_INLINE v8::Local<v8::RegExp> NanNew(
      |   ^~~~~~~~~~
../../../../nan/nan.h:439:11: warning: ‘always_inline’ attribute ignored [-Wattributes]
  439 |       v8::Handle<v8::String> pattern, v8::RegExp::Flags flags) {
      |           ^~~~~~
../../../../nan/nan.h:439:11: error: ‘template<class T> v8::Local<v8::RegExp> NanNew’ redeclared as different kind of entity
../../../../nan/nan.h:403:36: note: previous declaration ‘v8::Local<v8::String> NanNew(v8::String::ExternalStringResource*)’
  403 |   NAN_INLINE v8::Local<v8::String> NanNew(
      |                                    ^~~~~~
../../../../nan/nan.h:439:11: error: ‘Handle’ is not a member of ‘v8’; did you mean ‘JobHandle’?
  439 |       v8::Handle<v8::String> pattern, v8::RegExp::Flags flags) {
      |           ^~~~~~
      |           JobHandle
../../../../nan/nan.h:439:28: error: expected primary-expression before ‘>’ token
  439 |       v8::Handle<v8::String> pattern, v8::RegExp::Flags flags) {
      |                            ^
../../../../nan/nan.h:439:30: error: ‘pattern’ was not declared in this scope
  439 |       v8::Handle<v8::String> pattern, v8::RegExp::Flags flags) {
      |                              ^~~~~~~
../../../../nan/nan.h:439:57: error: expected primary-expression before ‘flags’
  439 |       v8::Handle<v8::String> pattern, v8::RegExp::Flags flags) {
      |                                                         ^~~~~
../../../../nan/nan.h: In function ‘v8::Local<v8::RegExp> NanNew(v8::Local<v8::String>, v8::RegExp::Flags)’:
../../../../nan/nan.h:446:42: error: no matching function for call to ‘v8::RegExp::New(v8::Local<v8::String>&, v8::RegExp::Flags&)’
  446 |     return v8::RegExp::New(pattern, flags);
      |                                          ^
In file included from ../ext/bson.cc:14:
/root/.cache/node-gyp/14.15.4/include/node/v8.h:5912:51: note: candidate: ‘static v8::MaybeLocal<v8::RegExp> v8::RegExp::New(v8::Local<v8::Context>, v8::Local<v8::String>, v8::RegExp::Flags)’
 5912 |   static V8_WARN_UNUSED_RESULT MaybeLocal<RegExp> New(Local<Context> context,
      |                                                   ^~~
/root/.cache/node-gyp/14.15.4/include/node/v8.h:5912:51: note:   candidate expects 3 arguments, 2 provided
In file included from ../ext/bson.h:17,
                 from ../ext/bson.cc:35:
../../../../nan/nan.h: At global scope:
../../../../nan/nan.h:164:21: warning: inline variables are only available with ‘-std=c++17’ or ‘-std=gnu++17’
  164 | # define NAN_INLINE inline __attribute__((always_inline))
      |                     ^~~~~~
../../../../nan/nan.h:450:3: note: in expansion of macro ‘NAN_INLINE’
  450 |   NAN_INLINE v8::Local<v8::RegExp> NanNew(
      |   ^~~~~~~~~~
../../../../nan/nan.h:451:11: warning: ‘always_inline’ attribute ignored [-Wattributes]
  451 |       v8::Handle<v8::String> pattern, v8::RegExp::Flags flags) {
      |           ^~~~~~
../../../../nan/nan.h:451:11: error: ‘template<class T, class P> v8::Local<v8::RegExp> NanNew’ redeclared as different kind of entity
../../../../nan/nan.h:403:36: note: previous declaration ‘v8::Local<v8::String> NanNew(v8::String::ExternalStringResource*)’
  403 |   NAN_INLINE v8::Local<v8::String> NanNew(
      |                                    ^~~~~~
../../../../nan/nan.h:451:11: error: ‘Handle’ is not a member of ‘v8’; did you mean ‘JobHandle’?
  451 |       v8::Handle<v8::String> pattern, v8::RegExp::Flags flags) {
      |           ^~~~~~
      |           JobHandle
../../../../nan/nan.h:451:28: error: expected primary-expression before ‘>’ token
  451 |       v8::Handle<v8::String> pattern, v8::RegExp::Flags flags) {
      |                            ^
../../../../nan/nan.h:451:30: error: ‘pattern’ was not declared in this scope
  451 |       v8::Handle<v8::String> pattern, v8::RegExp::Flags flags) {
      |                              ^~~~~~~
../../../../nan/nan.h:451:57: error: expected primary-expression before ‘flags’
  451 |       v8::Handle<v8::String> pattern, v8::RegExp::Flags flags) {
      |                                                         ^~~~~
../../../../nan/nan.h: In function ‘v8::Local<v8::RegExp> NanNew(v8::Local<v8::String>, v8::RegExp::Flags)’:
../../../../nan/nan.h:458:42: error: no matching function for call to ‘v8::RegExp::New(v8::Local<v8::String>&, v8::RegExp::Flags&)’
  458 |     return v8::RegExp::New(pattern, flags);
      |                                          ^
In file included from ../ext/bson.cc:14:
/root/.cache/node-gyp/14.15.4/include/node/v8.h:5912:51: note: candidate: ‘static v8::MaybeLocal<v8::RegExp> v8::RegExp::New(v8::Local<v8::Context>, v8::Local<v8::String>, v8::RegExp::Flags)’
 5912 |   static V8_WARN_UNUSED_RESULT MaybeLocal<RegExp> New(Local<Context> context,
      |                                                   ^~~
/root/.cache/node-gyp/14.15.4/include/node/v8.h:5912:51: note:   candidate expects 3 arguments, 2 provided
In file included from ../ext/bson.h:17,
                 from ../ext/bson.cc:35:
../../../../nan/nan.h: In function ‘v8::Local<T> NanNew(P) [with T = v8::Uint32; P = int]’:
../../../../nan/nan.h:463:68: error: no matching function for call to ‘v8::Integer::ToUint32()’
  463 |     return v8::Uint32::NewFromUnsigned(nan_isolate, val)->ToUint32();
      |                                                                    ^
In file included from ../ext/bson.cc:14:
/root/.cache/node-gyp/14.15.4/include/node/v8.h:2836:44: note: candidate: ‘v8::MaybeLocal<v8::Uint32> v8::Value::ToUint32(v8::Local<v8::Context>) const’
 2836 |   V8_WARN_UNUSED_RESULT MaybeLocal<Uint32> ToUint32(
      |                                            ^~~~~~~~
/root/.cache/node-gyp/14.15.4/include/node/v8.h:2836:44: note:   candidate expects 1 argument, 0 provided
In file included from ../ext/bson.h:17,
                 from ../ext/bson.cc:35:
../../../../nan/nan.h: In function ‘v8::Local<T> NanNew(P) [with T = v8::Uint32; P = unsigned int]’:
../../../../nan/nan.h:468:68: error: no matching function for call to ‘v8::Integer::ToUint32()’
  468 |     return v8::Uint32::NewFromUnsigned(nan_isolate, val)->ToUint32();
      |                                                                    ^
In file included from ../ext/bson.cc:14:
/root/.cache/node-gyp/14.15.4/include/node/v8.h:2836:44: note: candidate: ‘v8::MaybeLocal<v8::Uint32> v8::Value::ToUint32(v8::Local<v8::Context>) const’
 2836 |   V8_WARN_UNUSED_RESULT MaybeLocal<Uint32> ToUint32(
      |                                            ^~~~~~~~
/root/.cache/node-gyp/14.15.4/include/node/v8.h:2836:44: note:   candidate expects 1 argument, 0 provided
In file included from ../ext/bson.h:17,
                 from ../ext/bson.cc:35:
../../../../nan/nan.h: In function ‘v8::Local<T> NanNew(P) [with T = v8::Int32; P = int]’:
../../../../nan/nan.h:473:54: error: no matching function for call to ‘v8::Integer::ToInt32()’
  473 |     return v8::Int32::New(nan_isolate, val)->ToInt32();
      |                                                      ^
In file included from ../ext/bson.cc:14:
/root/.cache/node-gyp/14.15.4/include/node/v8.h:2843:43: note: candidate: ‘v8::MaybeLocal<v8::Int32> v8::Value::ToInt32(v8::Local<v8::Context>) const’
 2843 |   V8_WARN_UNUSED_RESULT MaybeLocal<Int32> ToInt32(Local<Context> context) const;
      |                                           ^~~~~~~
/root/.cache/node-gyp/14.15.4/include/node/v8.h:2843:43: note:   candidate expects 1 argument, 0 provided
In file included from ../ext/bson.h:17,
                 from ../ext/bson.cc:35:
../../../../nan/nan.h: In function ‘v8::Local<T> NanNew(P) [with T = v8::Int32; P = unsigned int]’:
../../../../nan/nan.h:478:54: error: no matching function for call to ‘v8::Integer::ToInt32()’
  478 |     return v8::Int32::New(nan_isolate, val)->ToInt32();
      |                                                      ^
In file included from ../ext/bson.cc:14:
/root/.cache/node-gyp/14.15.4/include/node/v8.h:2843:43: note: candidate: ‘v8::MaybeLocal<v8::Int32> v8::Value::ToInt32(v8::Local<v8::Context>) const’
 2843 |   V8_WARN_UNUSED_RESULT MaybeLocal<Int32> ToInt32(Local<Context> context) const;
      |                                           ^~~~~~~
/root/.cache/node-gyp/14.15.4/include/node/v8.h:2843:43: note:   candidate expects 1 argument, 0 provided
In file included from ../ext/bson.h:17,
                 from ../ext/bson.cc:35:
../../../../nan/nan.h: In function ‘v8::Local<T> NanNew(P, int) [with T = v8::String; P = char*]’:
../../../../nan/nan.h:488:21: error: ‘kNormalString’ is not a member of ‘v8::String’
  488 |       , v8::String::kNormalString
      |                     ^~~~~~~~~~~~~
../../../../nan/nan.h: In function ‘v8::Local<T> NanNew(P, int) [with T = v8::String; P = const char*]’:
../../../../nan/nan.h:499:21: error: ‘kNormalString’ is not a member of ‘v8::String’
  499 |       , v8::String::kNormalString
      |                     ^~~~~~~~~~~~~
../../../../nan/nan.h: In function ‘v8::Local<T> NanNew(P) [with T = v8::String; P = char*]’:
../../../../nan/nan.h:505:35: error: could not convert ‘v8::String::NewFromUtf8(nan_isolate, ((const char*)arg), v8::NewStringType::kNormal, -1)’ from ‘v8::MaybeLocal<v8::String>’ to ‘v8::Local<v8::String>’
  505 |     return v8::String::NewFromUtf8(nan_isolate, arg);
      |            ~~~~~~~~~~~~~~~~~~~~~~~^~~~~~~~~~~~~~~~~~
      |                                   |
      |                                   v8::MaybeLocal<v8::String>
../../../../nan/nan.h: In function ‘v8::Local<T> NanNew(P) [with T = v8::String; P = const char*]’:
../../../../nan/nan.h:511:35: error: could not convert ‘v8::String::NewFromUtf8(nan_isolate, arg, v8::NewStringType::kNormal, -1)’ from ‘v8::MaybeLocal<v8::String>’ to ‘v8::Local<v8::String>’
  511 |     return v8::String::NewFromUtf8(nan_isolate, arg);
      |            ~~~~~~~~~~~~~~~~~~~~~~~^~~~~~~~~~~~~~~~~~
      |                                   |
      |                                   v8::MaybeLocal<v8::String>
../../../../nan/nan.h: In function ‘v8::Local<T> NanNew(P, int) [with T = v8::String; P = unsigned char*]’:
../../../../nan/nan.h:521:21: error: ‘kNormalString’ is not a member of ‘v8::String’
  521 |       , v8::String::kNormalString
      |                     ^~~~~~~~~~~~~
../../../../nan/nan.h: In function ‘v8::Local<T> NanNew(P, int) [with T = v8::String; P = const unsigned char*]’:
../../../../nan/nan.h:532:21: error: ‘kNormalString’ is not a member of ‘v8::String’
  532 |       , v8::String::kNormalString
      |                     ^~~~~~~~~~~~~
../../../../nan/nan.h: In function ‘v8::Local<T> NanNew(P) [with T = v8::String; P = unsigned char*]’:
../../../../nan/nan.h:538:38: error: could not convert ‘v8::String::NewFromOneByte(nan_isolate, ((const uint8_t*)arg), v8::NewStringType::kNormal, -1)’ from ‘v8::MaybeLocal<v8::String>’ to ‘v8::Local<v8::String>’
  538 |     return v8::String::NewFromOneByte(nan_isolate, arg);
      |            ~~~~~~~~~~~~~~~~~~~~~~~~~~^~~~~~~~~~~~~~~~~~
      |                                      |
      |                                      v8::MaybeLocal<v8::String>
../../../../nan/nan.h: In function ‘v8::Local<T> NanNew(P) [with T = v8::String; P = const unsigned char*]’:
../../../../nan/nan.h:544:38: error: could not convert ‘v8::String::NewFromOneByte(nan_isolate, arg, v8::NewStringType::kNormal, -1)’ from ‘v8::MaybeLocal<v8::String>’ to ‘v8::Local<v8::String>’
  544 |     return v8::String::NewFromOneByte(nan_isolate, arg);
      |            ~~~~~~~~~~~~~~~~~~~~~~~~~~^~~~~~~~~~~~~~~~~~
      |                                      |
      |                                      v8::MaybeLocal<v8::String>
../../../../nan/nan.h: In function ‘v8::Local<T> NanNew(P, int) [with T = v8::String; P = short unsigned int*]’:
../../../../nan/nan.h:554:21: error: ‘kNormalString’ is not a member of ‘v8::String’
  554 |       , v8::String::kNormalString
      |                     ^~~~~~~~~~~~~
../../../../nan/nan.h: In function ‘v8::Local<T> NanNew(P, int) [with T = v8::String; P = const short unsigned int*]’:
../../../../nan/nan.h:565:21: error: ‘kNormalString’ is not a member of ‘v8::String’
  565 |       , v8::String::kNormalString
      |                     ^~~~~~~~~~~~~
../../../../nan/nan.h: In function ‘v8::Local<T> NanNew(P) [with T = v8::String; P = short unsigned int*]’:
../../../../nan/nan.h:571:38: error: could not convert ‘v8::String::NewFromTwoByte(nan_isolate, ((const uint16_t*)arg), v8::NewStringType::kNormal, -1)’ from ‘v8::MaybeLocal<v8::String>’ to ‘v8::Local<v8::String>’
  571 |     return v8::String::NewFromTwoByte(nan_isolate, arg);
      |            ~~~~~~~~~~~~~~~~~~~~~~~~~~^~~~~~~~~~~~~~~~~~
      |                                      |
      |                                      v8::MaybeLocal<v8::String>
../../../../nan/nan.h: In function ‘v8::Local<T> NanNew(P) [with T = v8::String; P = const short unsigned int*]’:
../../../../nan/nan.h:577:38: error: could not convert ‘v8::String::NewFromTwoByte(nan_isolate, arg, v8::NewStringType::kNormal, -1)’ from ‘v8::MaybeLocal<v8::String>’ to ‘v8::Local<v8::String>’
  577 |     return v8::String::NewFromTwoByte(nan_isolate, arg);
      |            ~~~~~~~~~~~~~~~~~~~~~~~~~~^~~~~~~~~~~~~~~~~~
      |                                      |
      |                                      v8::MaybeLocal<v8::String>
../../../../nan/nan.h: At global scope:
../../../../nan/nan.h:586:20: error: variable or field ‘NanAddGCEpilogueCallback’ declared void
  586 |       v8::Isolate::GCEpilogueCallback callback
      |                    ^~~~~~~~~~~~~~~~~~
../../../../nan/nan.h:586:20: error: ‘GCEpilogueCallback’ is not a member of ‘v8::Isolate’
../../../../nan/nan.h:587:18: error: expected primary-expression before ‘gc_type_filter’
  587 |     , v8::GCType gc_type_filter = v8::kGCTypeAll) {
      |                  ^~~~~~~~~~~~~~
../../../../nan/nan.h:592:20: error: variable or field ‘NanRemoveGCEpilogueCallback’ declared void
  592 |       v8::Isolate::GCEpilogueCallback callback) {
      |                    ^~~~~~~~~~~~~~~~~~
../../../../nan/nan.h:592:20: error: ‘GCEpilogueCallback’ is not a member of ‘v8::Isolate’
../../../../nan/nan.h:597:20: error: variable or field ‘NanAddGCPrologueCallback’ declared void
  597 |       v8::Isolate::GCPrologueCallback callback
      |                    ^~~~~~~~~~~~~~~~~~
../../../../nan/nan.h:597:20: error: ‘GCPrologueCallback’ is not a member of ‘v8::Isolate’
../../../../nan/nan.h:598:18: error: expected primary-expression before ‘gc_type_filter’
  598 |     , v8::GCType gc_type_filter = v8::kGCTypeAll) {
      |                  ^~~~~~~~~~~~~~
../../../../nan/nan.h:603:20: error: variable or field ‘NanRemoveGCPrologueCallback’ declared void
  603 |       v8::Isolate::GCPrologueCallback callback) {
      |                    ^~~~~~~~~~~~~~~~~~
../../../../nan/nan.h:603:20: error: ‘GCPrologueCallback’ is not a member of ‘v8::Isolate’
../../../../nan/nan.h:617:11: error: ‘v8::Handle’ has not been declared
  617 |     , v8::Handle<T> obj) {
      |           ^~~~~~
../../../../nan/nan.h:617:17: error: expected ‘,’ or ‘...’ before ‘<’ token
  617 |     , v8::Handle<T> obj) {
      |                 ^
../../../../nan/nan.h: In function ‘void NanAssignPersistent(v8::Persistent<T, v8::NonCopyablePersistentTraits<T> >&, int)’:
../../../../nan/nan.h:618:33: error: ‘obj’ was not declared in this scope
  618 |       handle.Reset(nan_isolate, obj);
      |                                 ^~~
../../../../nan/nan.h: At global scope:
../../../../nan/nan.h:631:17: error: ‘WeakCallbackData’ in namespace ‘v8’ does not name a template type; did you mean ‘WeakCallbackType’?
  631 |       const v8::WeakCallbackData<T, _NanWeakCallbackInfo<T, P> >& data);
      |                 ^~~~~~~~~~~~~~~~
      |                 WeakCallbackType
../../../../nan/nan.h:631:33: error: expected ‘,’ or ‘...’ before ‘<’ token
  631 |       const v8::WeakCallbackData<T, _NanWeakCallbackInfo<T, P> >& data);
      |                                 ^
../../../../nan/nan.h:632:36: error: expected ‘)’ before ‘<’ token
  632 |     _NanWeakCallbackInfo(v8::Handle<T> handle, P* param, Callback cb)
      |                         ~          ^
      |                                    )
../../../../nan/nan.h:696:9: error: variable or field ‘NanMakeWeakPersistent’ declared void
  696 |     v8::Handle<T> handle
      |         ^~~~~~
../../../../nan/nan.h:696:9: error: ‘Handle’ is not a member of ‘v8’; did you mean ‘JobHandle’?
  696 |     v8::Handle<T> handle
      |         ^~~~~~
      |         JobHandle
../../../../nan/nan.h:696:17: error: expected primary-expression before ‘>’ token
  696 |     v8::Handle<T> handle
      |                 ^
../../../../nan/nan.h:696:19: error: ‘handle’ was not declared in this scope
  696 |     v8::Handle<T> handle
      |                   ^~~~~~
../../../../nan/nan.h:697:6: error: expected primary-expression before ‘*’ token
  697 |   , P* parameter
      |      ^
../../../../nan/nan.h:697:8: error: ‘parameter’ was not declared in this scope
  697 |   , P* parameter
      |        ^~~~~~~~~
../../../../nan/nan.h:698:51: error: expected ‘(’ before ‘callback’
  698 |   , typename _NanWeakCallbackInfo<T, P>::Callback callback) {
      |                                                   ^~~~~~~~
      |                                                   (
../../../../nan/nan.h:720:37: error: variable or field ‘NanThrowError’ declared void
  720 |   NAN_INLINE void NanThrowError(v8::Handle<v8::Value> error) {
      |                                     ^~~~~~
../../../../nan/nan.h:720:37: error: ‘Handle’ is not a member of ‘v8’; did you mean ‘JobHandle’?
  720 |   NAN_INLINE void NanThrowError(v8::Handle<v8::Value> error) {
      |                                     ^~~~~~
      |                                     JobHandle
../../../../nan/nan.h:720:53: error: expected primary-expression before ‘>’ token
  720 |   NAN_INLINE void NanThrowError(v8::Handle<v8::Value> error) {
      |                                                     ^
../../../../nan/nan.h:720:55: error: ‘error’ was not declared in this scope; did you mean ‘herror’?
  720 |   NAN_INLINE void NanThrowError(v8::Handle<v8::Value> error) {
      |                                                       ^~~~~
      |                                                       herror
../../../../nan/nan.h: In function ‘v8::Local<v8::Value> NanError(const char*, int)’:
../../../../nan/nan.h:731:65: error: no matching function for call to ‘v8::Object::Set(v8::Local<v8::String>, v8::Local<v8::Integer>)’
  731 |     obj->Set(NanSymbol("code"), NanNew<v8::Integer>(errorNumber));
      |                                                                 ^
In file included from ../ext/bson.cc:14:
/root/.cache/node-gyp/14.15.4/include/node/v8.h:3670:37: note: candidate: ‘v8::Maybe<bool> v8::Object::Set(v8::Local<v8::Context>, v8::Local<v8::Value>, v8::Local<v8::Value>)’
 3670 |   V8_WARN_UNUSED_RESULT Maybe<bool> Set(Local<Context> context,
      |                                     ^~~
/root/.cache/node-gyp/14.15.4/include/node/v8.h:3670:37: note:   candidate expects 3 arguments, 2 provided
/root/.cache/node-gyp/14.15.4/include/node/v8.h:3673:37: note: candidate: ‘v8::Maybe<bool> v8::Object::Set(v8::Local<v8::Context>, uint32_t, v8::Local<v8::Value>)’
 3673 |   V8_WARN_UNUSED_RESULT Maybe<bool> Set(Local<Context> context, uint32_t index,
      |                                     ^~~
/root/.cache/node-gyp/14.15.4/include/node/v8.h:3673:37: note:   candidate expects 3 arguments, 2 provided
In file included from ../ext/bson.h:17,
                 from ../ext/bson.cc:35:
../../../../nan/nan.h: In function ‘void NanThrowError(const char*, int)’:
../../../../nan/nan.h:739:45: error: no matching function for call to ‘NanThrowError(v8::Local<v8::Value>)’
  739 |     NanThrowError(NanError(msg, errorNumber));
      |                                             ^
../../../../nan/nan.h:716:19: note: candidate: ‘void NanThrowError(const char*)’
  716 |   NAN_INLINE void NanThrowError(const char* errmsg) {
      |                   ^~~~~~~~~~~~~
../../../../nan/nan.h:716:45: note:   no known conversion for argument 1 from ‘v8::Local<v8::Value>’ to ‘const char*’
  716 |   NAN_INLINE void NanThrowError(const char* errmsg) {
      |                                 ~~~~~~~~~~~~^~~~~~
../../../../nan/nan.h:735:19: note: candidate: ‘void NanThrowError(const char*, int)’
  735 |   NAN_INLINE void NanThrowError(
      |                   ^~~~~~~~~~~~~
../../../../nan/nan.h:735:19: note:   candidate expects 2 arguments, 1 provided
../../../../nan/nan.h: At global scope:
../../../../nan/nan.h:767:13: error: ‘node::smalloc’ has not been declared
  767 |     , node::smalloc::FreeCallback callback
      |             ^~~~~~~
../../../../nan/nan.h:767:35: error: expected ‘,’ or ‘...’ before ‘callback’
  767 |     , node::smalloc::FreeCallback callback
      |                                   ^~~~~~~~
../../../../nan/nan.h: In function ‘v8::Local<v8::Object> NanNewBufferHandle(char*, size_t, int)’:
../../../../nan/nan.h:770:57: error: ‘callback’ was not declared in this scope; did you mean ‘calloc’?
  770 |     return node::Buffer::New(nan_isolate, data, length, callback, hint);
      |                                                         ^~~~~~~~
      |                                                         calloc
../../../../nan/nan.h:770:67: error: ‘hint’ was not declared in this scope; did you mean ‘uint’?
  770 |     return node::Buffer::New(nan_isolate, data, length, callback, hint);
      |                                                                   ^~~~
      |                                                                   uint
../../../../nan/nan.h: In function ‘v8::Local<v8::Object> NanNewBufferHandle(const char*, uint32_t)’:
../../../../nan/nan.h:777:43: error: invalid conversion from ‘const char*’ to ‘char*’ [-fpermissive]
  777 |     return node::Buffer::New(nan_isolate, data, size);
      |                                           ^~~~
      |                                           |
      |                                           const char*
In file included from ../ext/bson.cc:24:
/root/.cache/node-gyp/14.15.4/include/node/node_buffer.h:65:50: note:   initializing argument 2 of ‘v8::MaybeLocal<v8::Object> node::Buffer::New(v8::Isolate*, char*, size_t)’
   65 |                                            char* data,
      |                                            ~~~~~~^~~~
In file included from ../ext/bson.h:17,
                 from ../ext/bson.cc:35:
../../../../nan/nan.h:777:29: error: could not convert ‘node::Buffer::New(nan_isolate, ((char*)data), ((size_t)size))’ from ‘v8::MaybeLocal<v8::Object>’ to ‘v8::Local<v8::Object>’
  777 |     return node::Buffer::New(nan_isolate, data, size);
      |            ~~~~~~~~~~~~~~~~~^~~~~~~~~~~~~~~~~~~~~~~~~
      |                             |
      |                             v8::MaybeLocal<v8::Object>
../../../../nan/nan.h: In function ‘v8::Local<v8::Object> NanNewBufferHandle(uint32_t)’:
../../../../nan/nan.h:781:29: error: could not convert ‘node::Buffer::New(nan_isolate, ((size_t)size))’ from ‘v8::MaybeLocal<v8::Object>’ to ‘v8::Local<v8::Object>’
  781 |     return node::Buffer::New(nan_isolate, size);
      |            ~~~~~~~~~~~~~~~~~^~~~~~~~~~~~~~~~~~~
      |                             |
      |                             v8::MaybeLocal<v8::Object>
../../../../nan/nan.h: In function ‘v8::Local<v8::Object> NanBufferUse(char*, uint32_t)’:
../../../../nan/nan.h:788:26: error: ‘Use’ is not a member of ‘node::Buffer’
  788 |     return node::Buffer::Use(nan_isolate, data, size);
      |                          ^~~
../../../../nan/nan.h: At global scope:
../../../../nan/nan.h:793:11: error: ‘v8::Handle’ has not been declared
  793 |     , v8::Handle<v8::Value> value
      |           ^~~~~~
../../../../nan/nan.h:793:17: error: expected ‘,’ or ‘...’ before ‘<’ token
  793 |     , v8::Handle<v8::Value> value
      |                 ^
../../../../nan/nan.h: In function ‘bool NanHasInstance(v8::Persistent<v8::FunctionTemplate>&, int)’:
../../../../nan/nan.h:795:51: error: ‘value’ was not declared in this scope
  795 |     return NanNew(function_template)->HasInstance(value);
      |                                                   ^~~~~
../../../../nan/nan.h: At global scope:
../../../../nan/nan.h:800:11: error: ‘v8::Handle’ has not been declared
  800 |     , v8::Handle<v8::ObjectTemplate> tmpl = v8::Handle<v8::ObjectTemplate>()
      |           ^~~~~~
../../../../nan/nan.h:800:17: error: expected ‘,’ or ‘...’ before ‘<’ token
  800 |     , v8::Handle<v8::ObjectTemplate> tmpl = v8::Handle<v8::ObjectTemplate>()
      |                 ^
../../../../nan/nan.h:800:7: error: default argument missing for parameter 2 of ‘v8::Local<v8::Context> NanNewContextHandle(v8::ExtensionConfiguration*, int)’
  800 |     , v8::Handle<v8::ObjectTemplate> tmpl = v8::Handle<v8::ObjectTemplate>()
      |       ^~~~~~~~~~
../../../../nan/nan.h:799:35: note: ...following parameter 1 which has a default argument
  799 |       v8::ExtensionConfiguration* extensions = NULL
      |                                   ^
../../../../nan/nan.h: In function ‘v8::Local<v8::Context> NanNewContextHandle(v8::ExtensionConfiguration*, int)’:
../../../../nan/nan.h:805:51: error: ‘tmpl’ was not declared in this scope
  805 |       , v8::Context::New(nan_isolate, extensions, tmpl, obj)
      |                                                   ^~~~
../../../../nan/nan.h:805:57: error: ‘obj’ was not declared in this scope
  805 |       , v8::Context::New(nan_isolate, extensions, tmpl, obj)
      |                                                         ^~~
../../../../nan/nan.h: In function ‘v8::Local<v8::Script> NanCompileScript(v8::Local<v8::String>, const v8::ScriptOrigin&)’:
../../../../nan/nan.h:814:60: error: no matching function for call to ‘v8::ScriptCompiler::Compile(v8::Isolate*&, v8::ScriptCompiler::Source*)’
  814 |     return v8::ScriptCompiler::Compile(nan_isolate, &source);
      |                                                            ^
In file included from ../ext/bson.cc:14:
/root/.cache/node-gyp/14.15.4/include/node/v8.h:1852:51: note: candidate: ‘static v8::MaybeLocal<v8::Script> v8::ScriptCompiler::Compile(v8::Local<v8::Context>, v8::ScriptCompiler::Source*, v8::ScriptCompiler::CompileOptions, v8::ScriptCompiler::NoCacheReason)’
 1852 |   static V8_WARN_UNUSED_RESULT MaybeLocal<Script> Compile(
      |                                                   ^~~~~~~
/root/.cache/node-gyp/14.15.4/include/node/v8.h:1853:22: note:   no known conversion for argument 1 from ‘v8::Isolate*’ to ‘v8::Local<v8::Context>’
 1853 |       Local<Context> context, Source* source,
      |       ~~~~~~~~~~~~~~~^~~~~~~
/root/.cache/node-gyp/14.15.4/include/node/v8.h:1879:51: note: candidate: ‘static v8::MaybeLocal<v8::Script> v8::ScriptCompiler::Compile(v8::Local<v8::Context>, v8::ScriptCompiler::StreamedSource*, v8::Local<v8::String>, const v8::ScriptOrigin&)’
 1879 |   static V8_WARN_UNUSED_RESULT MaybeLocal<Script> Compile(
      |                                                   ^~~~~~~
/root/.cache/node-gyp/14.15.4/include/node/v8.h:1879:51: note:   candidate expects 4 arguments, 2 provided
In file included from ../ext/bson.h:17,
                 from ../ext/bson.cc:35:
../../../../nan/nan.h: In function ‘v8::Local<v8::Script> NanCompileScript(v8::Local<v8::String>)’:
../../../../nan/nan.h:821:60: error: no matching function for call to ‘v8::ScriptCompiler::Compile(v8::Isolate*&, v8::ScriptCompiler::Source*)’
  821 |     return v8::ScriptCompiler::Compile(nan_isolate, &source);
      |                                                            ^
In file included from ../ext/bson.cc:14:
/root/.cache/node-gyp/14.15.4/include/node/v8.h:1852:51: note: candidate: ‘static v8::MaybeLocal<v8::Script> v8::ScriptCompiler::Compile(v8::Local<v8::Context>, v8::ScriptCompiler::Source*, v8::ScriptCompiler::CompileOptions, v8::ScriptCompiler::NoCacheReason)’
 1852 |   static V8_WARN_UNUSED_RESULT MaybeLocal<Script> Compile(
      |                                                   ^~~~~~~
/root/.cache/node-gyp/14.15.4/include/node/v8.h:1853:22: note:   no known conversion for argument 1 from ‘v8::Isolate*’ to ‘v8::Local<v8::Context>’
 1853 |       Local<Context> context, Source* source,
      |       ~~~~~~~~~~~~~~~^~~~~~~
/root/.cache/node-gyp/14.15.4/include/node/v8.h:1879:51: note: candidate: ‘static v8::MaybeLocal<v8::Script> v8::ScriptCompiler::Compile(v8::Local<v8::Context>, v8::ScriptCompiler::StreamedSource*, v8::Local<v8::String>, const v8::ScriptOrigin&)’
 1879 |   static V8_WARN_UNUSED_RESULT MaybeLocal<Script> Compile(
      |                                                   ^~~~~~~
/root/.cache/node-gyp/14.15.4/include/node/v8.h:1879:51: note:   candidate expects 4 arguments, 2 provided
In file included from ../ext/bson.h:17,
                 from ../ext/bson.cc:35:
../../../../nan/nan.h: In function ‘v8::Local<v8::Value> NanRunScript(v8::Local<v8::UnboundScript>)’:
../../../../nan/nan.h:827:48: error: no matching function for call to ‘v8::Script::Run()’
  827 |     return script->BindToCurrentContext()->Run();
      |                                                ^
In file included from ../ext/bson.cc:14:
/root/.cache/node-gyp/14.15.4/include/node/v8.h:1606:43: note: candidate: ‘v8::MaybeLocal<v8::Value> v8::Script::Run(v8::Local<v8::Context>)’
 1606 |   V8_WARN_UNUSED_RESULT MaybeLocal<Value> Run(Local<Context> context);
      |                                           ^~~
/root/.cache/node-gyp/14.15.4/include/node/v8.h:1606:43: note:   candidate expects 1 argument, 0 provided
In file included from ../ext/bson.h:17,
                 from ../ext/bson.cc:35:
../../../../nan/nan.h: In function ‘v8::Local<v8::Value> NanRunScript(v8::Local<v8::Script>)’:
../../../../nan/nan.h:833:24: error: no matching function for call to ‘v8::Script::Run()’
  833 |     return script->Run();
      |                        ^
In file included from ../ext/bson.cc:14:
/root/.cache/node-gyp/14.15.4/include/node/v8.h:1606:43: note: candidate: ‘v8::MaybeLocal<v8::Value> v8::Script::Run(v8::Local<v8::Context>)’
 1606 |   V8_WARN_UNUSED_RESULT MaybeLocal<Value> Run(Local<Context> context);
      |                                           ^~~
/root/.cache/node-gyp/14.15.4/include/node/v8.h:1606:43: note:   candidate expects 1 argument, 0 provided
In file included from ../ext/bson.h:17,
                 from ../ext/bson.cc:35:
../../../../nan/nan.h: At global scope:
../../../../nan/nan.h:1443:34: error: ‘Handle’ in namespace ‘v8’ does not name a template type; did you mean ‘JobHandle’?
 1443 |   explicit NanCallback(const v8::Handle<v8::Function> &fn) {
      |                                  ^~~~~~
      |                                  JobHandle
../../../../nan/nan.h:1443:40: error: expected ‘,’ or ‘...’ before ‘<’ token
 1443 |   explicit NanCallback(const v8::Handle<v8::Function> &fn) {
      |                                        ^
../../../../nan/nan.h:1455:41: error: ‘Handle’ in namespace ‘v8’ does not name a template type; did you mean ‘JobHandle’?
 1455 |   NAN_INLINE void SetFunction(const v8::Handle<v8::Function> &fn) {
      |                                         ^~~~~~
      |                                         JobHandle
../../../../nan/nan.h:1455:47: error: expected ‘,’ or ‘...’ before ‘<’ token
 1455 |   NAN_INLINE void SetFunction(const v8::Handle<v8::Function> &fn) {
      |                                               ^
../../../../nan/nan.h:1465:27: error: ‘v8::Handle’ has not been declared
 1465 |   void Call(int argc, v8::Handle<v8::Value> argv[]) {
      |                           ^~~~~~
../../../../nan/nan.h:1465:33: error: expected ‘,’ or ‘...’ before ‘<’ token
 1465 |   void Call(int argc, v8::Handle<v8::Value> argv[]) {
      |                                 ^
../../../../nan/nan.h: In constructor ‘NanCallback::NanCallback()’:
../../../../nan/nan.h:1440:36: error: no matching function for call to ‘NanAssignPersistent(v8::Persistent<v8::Object>&, v8::Local<v8::Object>&)’
 1440 |     NanAssignPersistent(handle, obj);
      |                                    ^
../../../../nan/nan.h:615:19: note: candidate: ‘template<class T> void NanAssignPersistent(v8::Persistent<T, v8::NonCopyablePersistentTraits<T> >&, int)’
  615 |   NAN_INLINE void NanAssignPersistent(
      |                   ^~~~~~~~~~~~~~~~~~~
../../../../nan/nan.h:615:19: note:   template argument deduction/substitution failed:
../../../../nan/nan.h:1440:33: note:   cannot convert ‘obj’ (type ‘v8::Local<v8::Object>’) to type ‘int’
 1440 |     NanAssignPersistent(handle, obj);
      |                                 ^~~
../../../../nan/nan.h:622:19: note: candidate: ‘template<class T> void NanAssignPersistent(v8::Persistent<T, v8::NonCopyablePersistentTraits<T> >&, const v8::Persistent<T, v8::NonCopyablePersistentTraits<T> >&)’
  622 |   NAN_INLINE void NanAssignPersistent(
      |                   ^~~~~~~~~~~~~~~~~~~
../../../../nan/nan.h:622:19: note:   template argument deduction/substitution failed:
../../../../nan/nan.h:1440:36: note:   ‘v8::Local<v8::Object>’ is not derived from ‘const v8::Persistent<T, v8::NonCopyablePersistentTraits<T> >’
 1440 |     NanAssignPersistent(handle, obj);
      |                                    ^
../../../../nan/nan.h: In constructor ‘NanCallback::NanCallback(int)’:
../../../../nan/nan.h:1446:36: error: no matching function for call to ‘NanAssignPersistent(v8::Persistent<v8::Object>&, v8::Local<v8::Object>&)’
 1446 |     NanAssignPersistent(handle, obj);
      |                                    ^
../../../../nan/nan.h:615:19: note: candidate: ‘template<class T> void NanAssignPersistent(v8::Persistent<T, v8::NonCopyablePersistentTraits<T> >&, int)’
  615 |   NAN_INLINE void NanAssignPersistent(
      |                   ^~~~~~~~~~~~~~~~~~~
../../../../nan/nan.h:615:19: note:   template argument deduction/substitution failed:
../../../../nan/nan.h:1446:33: note:   cannot convert ‘obj’ (type ‘v8::Local<v8::Object>’) to type ‘int’
 1446 |     NanAssignPersistent(handle, obj);
      |                                 ^~~
../../../../nan/nan.h:622:19: note: candidate: ‘template<class T> void NanAssignPersistent(v8::Persistent<T, v8::NonCopyablePersistentTraits<T> >&, const v8::Persistent<T, v8::NonCopyablePersistentTraits<T> >&)’
  622 |   NAN_INLINE void NanAssignPersistent(
      |                   ^~~~~~~~~~~~~~~~~~~
../../../../nan/nan.h:622:19: note:   template argument deduction/substitution failed:
../../../../nan/nan.h:1446:36: note:   ‘v8::Local<v8::Object>’ is not derived from ‘const v8::Persistent<T, v8::NonCopyablePersistentTraits<T> >’
 1446 |     NanAssignPersistent(handle, obj);
      |                                    ^
../../../../nan/nan.h:1447:17: error: ‘fn’ was not declared in this scope; did you mean ‘yn’?
 1447 |     SetFunction(fn);
      |                 ^~
      |                 yn
../../../../nan/nan.h: In member function ‘void NanCallback::SetFunction(int)’:
../../../../nan/nan.h:1457:48: error: ‘fn’ was not declared in this scope; did you mean ‘yn’?
 1457 |     NanNew(handle)->Set(NanSymbol("callback"), fn);
      |                                                ^~
      |                                                yn
../../../../nan/nan.h: In member function ‘v8::Local<v8::Function> NanCallback::GetFunction()’:
../../../../nan/nan.h:1461:53: error: no matching function for call to ‘v8::Object::Get(v8::Local<v8::String>)’
 1461 |     return NanNew(handle)->Get(NanSymbol("callback"))
      |                                                     ^
In file included from ../ext/bson.cc:14:
/root/.cache/node-gyp/14.15.4/include/node/v8.h:3717:43: note: candidate: ‘v8::MaybeLocal<v8::Value> v8::Object::Get(v8::Local<v8::Context>, v8::Local<v8::Value>)’
 3717 |   V8_WARN_UNUSED_RESULT MaybeLocal<Value> Get(Local<Context> context,
      |                                           ^~~
/root/.cache/node-gyp/14.15.4/include/node/v8.h:3717:43: note:   candidate expects 2 arguments, 1 provided
/root/.cache/node-gyp/14.15.4/include/node/v8.h:3720:43: note: candidate: ‘v8::MaybeLocal<v8::Value> v8::Object::Get(v8::Local<v8::Context>, uint32_t)’
 3720 |   V8_WARN_UNUSED_RESULT MaybeLocal<Value> Get(Local<Context> context,
      |                                           ^~~
/root/.cache/node-gyp/14.15.4/include/node/v8.h:3720:43: note:   candidate expects 2 arguments, 1 provided
In file included from ../ext/bson.h:17,
                 from ../ext/bson.cc:35:
../../../../nan/nan.h:1462:25: error: expected primary-expression before ‘>’ token
 1462 |         .As<v8::Function>();
      |                         ^
../../../../nan/nan.h:1462:27: error: expected primary-expression before ‘)’ token
 1462 |         .As<v8::Function>();
      |                           ^
../../../../nan/nan.h: In member function ‘void NanCallback::Call(int, int)’:
../../../../nan/nan.h:1469:34: error: no matching function for call to ‘v8::Object::Get(v8::Local<v8::String>)’
 1469 |         Get(NanSymbol("callback")).As<v8::Function>();
      |                                  ^
In file included from ../ext/bson.cc:14:
/root/.cache/node-gyp/14.15.4/include/node/v8.h:3717:43: note: candidate: ‘v8::MaybeLocal<v8::Value> v8::Object::Get(v8::Local<v8::Context>, v8::Local<v8::Value>)’
 3717 |   V8_WARN_UNUSED_RESULT MaybeLocal<Value> Get(Local<Context> context,
      |                                           ^~~
/root/.cache/node-gyp/14.15.4/include/node/v8.h:3717:43: note:   candidate expects 2 arguments, 1 provided
/root/.cache/node-gyp/14.15.4/include/node/v8.h:3720:43: note: candidate: ‘v8::MaybeLocal<v8::Value> v8::Object::Get(v8::Local<v8::Context>, uint32_t)’
 3720 |   V8_WARN_UNUSED_RESULT MaybeLocal<Value> Get(Local<Context> context,
      |                                           ^~~
/root/.cache/node-gyp/14.15.4/include/node/v8.h:3720:43: note:   candidate expects 2 arguments, 1 provided
In file included from ../ext/bson.h:17,
                 from ../ext/bson.cc:35:
../../../../nan/nan.h:1469:51: error: expected primary-expression before ‘>’ token
 1469 |         Get(NanSymbol("callback")).As<v8::Function>();
      |                                                   ^
../../../../nan/nan.h:1469:53: error: expected primary-expression before ‘)’ token
 1469 |         Get(NanSymbol("callback")).As<v8::Function>();
      |                                                     ^
../../../../nan/nan.h:1475:9: error: ‘argv’ was not declared in this scope; did you mean ‘argc’?
 1475 |       , argv
      |         ^~~~
      |         argc
../../../../nan/nan.h: In constructor ‘NanAsyncWorker::NanAsyncWorker(NanCallback*)’:
../../../../nan/nan.h:1505:46: error: no matching function for call to ‘NanAssignPersistent(v8::Persistent<v8::Object>&, v8::Local<v8::Object>&)’
 1505 |     NanAssignPersistent(persistentHandle, obj);
      |                                              ^
../../../../nan/nan.h:615:19: note: candidate: ‘template<class T> void NanAssignPersistent(v8::Persistent<T, v8::NonCopyablePersistentTraits<T> >&, int)’
  615 |   NAN_INLINE void NanAssignPersistent(
      |                   ^~~~~~~~~~~~~~~~~~~
../../../../nan/nan.h:615:19: note:   template argument deduction/substitution failed:
../../../../nan/nan.h:1505:43: note:   cannot convert ‘obj’ (type ‘v8::Local<v8::Object>’) to type ‘int’
 1505 |     NanAssignPersistent(persistentHandle, obj);
      |                                           ^~~
../../../../nan/nan.h:622:19: note: candidate: ‘template<class T> void NanAssignPersistent(v8::Persistent<T, v8::NonCopyablePersistentTraits<T> >&, const v8::Persistent<T, v8::NonCopyablePersistentTraits<T> >&)’
  622 |   NAN_INLINE void NanAssignPersistent(
      |                   ^~~~~~~~~~~~~~~~~~~
../../../../nan/nan.h:622:19: note:   template argument deduction/substitution failed:
../../../../nan/nan.h:1505:46: note:   ‘v8::Local<v8::Object>’ is not derived from ‘const v8::Persistent<T, v8::NonCopyablePersistentTraits<T> >’
 1505 |     NanAssignPersistent(persistentHandle, obj);
      |                                              ^
../../../../nan/nan.h: In member function ‘void NanAsyncWorker::SaveToPersistent(const char*, v8::Local<v8::Object>&)’:
../../../../nan/nan.h:1532:36: error: no matching function for call to ‘v8::Object::Set(v8::Local<v8::String>, v8::Local<v8::Object>&)’
 1532 |     handle->Set(NanSymbol(key), obj);
      |                                    ^
In file included from ../ext/bson.cc:14:
/root/.cache/node-gyp/14.15.4/include/node/v8.h:3670:37: note: candidate: ‘v8::Maybe<bool> v8::Object::Set(v8::Local<v8::Context>, v8::Local<v8::Value>, v8::Local<v8::Value>)’
 3670 |   V8_WARN_UNUSED_RESULT Maybe<bool> Set(Local<Context> context,
      |                                     ^~~
/root/.cache/node-gyp/14.15.4/include/node/v8.h:3670:37: note:   candidate expects 3 arguments, 2 provided
/root/.cache/node-gyp/14.15.4/include/node/v8.h:3673:37: note: candidate: ‘v8::Maybe<bool> v8::Object::Set(v8::Local<v8::Context>, uint32_t, v8::Local<v8::Value>)’
 3673 |   V8_WARN_UNUSED_RESULT Maybe<bool> Set(Local<Context> context, uint32_t index,
      |                                     ^~~
/root/.cache/node-gyp/14.15.4/include/node/v8.h:3673:37: note:   candidate expects 3 arguments, 2 provided
In file included from ../ext/bson.h:17,
                 from ../ext/bson.cc:35:
../../../../nan/nan.h: In member function ‘v8::Local<v8::Object> NanAsyncWorker::GetFromPersistent(const char*)’:
../../../../nan/nan.h:1538:53: error: no matching function for call to ‘v8::Object::Get(v8::Local<v8::String>)’
 1538 |     return NanEscapeScope(handle->Get(NanSymbol(key)).As<v8::Object>());
      |                                                     ^
../../../../nan/nan.h:684:43: note: in definition of macro ‘NanEscapeScope’
  684 | # define NanEscapeScope(val) scope.Escape(val)
      |                                           ^~~
In file included from ../ext/bson.cc:14:
/root/.cache/node-gyp/14.15.4/include/node/v8.h:3717:43: note: candidate: ‘v8::MaybeLocal<v8::Value> v8::Object::Get(v8::Local<v8::Context>, v8::Local<v8::Value>)’
 3717 |   V8_WARN_UNUSED_RESULT MaybeLocal<Value> Get(Local<Context> context,
      |                                           ^~~
/root/.cache/node-gyp/14.15.4/include/node/v8.h:3717:43: note:   candidate expects 2 arguments, 1 provided
/root/.cache/node-gyp/14.15.4/include/node/v8.h:3720:43: note: candidate: ‘v8::MaybeLocal<v8::Value> v8::Object::Get(v8::Local<v8::Context>, uint32_t)’
 3720 |   V8_WARN_UNUSED_RESULT MaybeLocal<Value> Get(Local<Context> context,
      |                                           ^~~
/root/.cache/node-gyp/14.15.4/include/node/v8.h:3720:43: note:   candidate expects 2 arguments, 1 provided
In file included from ../ext/bson.h:17,
                 from ../ext/bson.cc:35:
../../../../nan/nan.h:1538:68: error: expected primary-expression before ‘>’ token
 1538 |     return NanEscapeScope(handle->Get(NanSymbol(key)).As<v8::Object>());
      |                                                                    ^
../../../../nan/nan.h:684:43: note: in definition of macro ‘NanEscapeScope’
  684 | # define NanEscapeScope(val) scope.Escape(val)
      |                                           ^~~
../../../../nan/nan.h:1538:70: error: expected primary-expression before ‘)’ token
 1538 |     return NanEscapeScope(handle->Get(NanSymbol(key)).As<v8::Object>());
      |                                                                      ^
../../../../nan/nan.h:684:43: note: in definition of macro ‘NanEscapeScope’
  684 | # define NanEscapeScope(val) scope.Escape(val)
      |                                           ^~~
../../../../nan/nan.h: In member function ‘virtual void NanAsyncWorker::HandleOKCallback()’:
../../../../nan/nan.h:1553:23: warning: passing NULL to non-pointer argument 2 of ‘void NanCallback::Call(int, int)’ [-Wconversion-null]
 1553 |     callback->Call(0, NULL);
      |                       ^~~~
../../../../nan/nan.h:1465:23: note:   declared here
 1465 |   void Call(int argc, v8::Handle<v8::Value> argv[]) {
      |                       ^~~~~~~~~~
../../../../nan/nan.h: In member function ‘virtual void NanAsyncWorker::HandleErrorCallback()’:
../../../../nan/nan.h:1562:23: error: invalid conversion from ‘v8::Local<v8::Value>*’ to ‘int’ [-fpermissive]
 1562 |     callback->Call(1, argv);
      |                       ^~~~
      |                       |
      |                       v8::Local<v8::Value>*
../../../../nan/nan.h:1465:23: note:   initializing argument 2 of ‘void NanCallback::Call(int, int)’
 1465 |   void Call(int argc, v8::Handle<v8::Value> argv[]) {
      |                       ^~~~~~~~~~
../../../../nan/nan.h: In function ‘void NanAsyncQueueWorker(NanAsyncWorker*)’:
../../../../nan/nan.h:1582:25: warning: cast between incompatible function types from ‘void (*)(uv_work_t*)’ {aka ‘void (*)(uv_work_s*)’} to ‘uv_after_work_cb’ {aka ‘void (*)(uv_work_s*, int)’} [-Wcast-function-type]
 1582 |     , (uv_after_work_cb)NanAsyncExecuteComplete
      |                         ^~~~~~~~~~~~~~~~~~~~~~~
../../../../nan/nan.h: At global scope:
../../../../nan/nan.h:1715:9: error: ‘Handle’ is not a member of ‘v8’; did you mean ‘JobHandle’?
 1715 |     v8::Handle<v8::Value> val
      |         ^~~~~~
      |         JobHandle
../../../../nan/nan.h:1715:25: error: expected primary-expression before ‘>’ token
 1715 |     v8::Handle<v8::Value> val
      |                         ^
../../../../nan/nan.h:1715:27: error: ‘val’ was not declared in this scope
 1715 |     v8::Handle<v8::Value> val
      |                           ^~~
../../../../nan/nan.h:1716:5: error: expected primary-expression before ‘const’
 1716 |   , const char** data
      |     ^~~~~
../../../../nan/nan.h:1717:11: error: expected primary-expression before ‘*’ token
 1717 |   , size_t* len
      |           ^
../../../../nan/nan.h:1717:13: error: ‘len’ was not declared in this scope
 1717 |   , size_t* len
      |             ^~~
../../../../nan/nan.h:1718:1: error: expression list treated as compound expression in initializer [-fpermissive]
 1718 | ) {
      | ^
../../../../nan/nan.h:164:21: warning: inline variables are only available with ‘-std=c++17’ or ‘-std=gnu++17’
  164 | # define NAN_INLINE inline __attribute__((always_inline))
      |                     ^~~~~~
../../../../nan/nan.h:1750:1: note: in expansion of macro ‘NAN_INLINE’
 1750 | NAN_INLINE void* NanRawString(
      | ^~~~~~~~~~
../../../../nan/nan.h:1751:9: warning: ‘always_inline’ attribute ignored [-Wattributes]
 1751 |     v8::Handle<v8::Value> from
      |         ^~~~~~
../../../../nan/nan.h:1751:9: error: ‘Handle’ is not a member of ‘v8’; did you mean ‘JobHandle’?
 1751 |     v8::Handle<v8::Value> from
      |         ^~~~~~
      |         JobHandle
../../../../nan/nan.h:1751:25: error: expected primary-expression before ‘>’ token
 1751 |     v8::Handle<v8::Value> from
      |                         ^
../../../../nan/nan.h:1751:27: error: ‘from’ was not declared in this scope; did you mean ‘fromfp’?
 1751 |     v8::Handle<v8::Value> from
      |                           ^~~~
      |                           fromfp
../../../../nan/nan.h:1752:5: error: expected primary-expression before ‘enum’
 1752 |   , enum Nan::Encoding encoding
      |     ^~~~
../../../../nan/nan.h:1753:12: error: expected primary-expression before ‘*’ token
 1753 |   , size_t *datalen
      |            ^
../../../../nan/nan.h:1753:13: error: ‘datalen’ was not declared in this scope
 1753 |   , size_t *datalen
      |             ^~~~~~~
../../../../nan/nan.h:1754:5: error: expected primary-expression before ‘void’
 1754 |   , void *buf
      |     ^~~~
../../../../nan/nan.h:1755:12: error: expected primary-expression before ‘buflen’
 1755 |   , size_t buflen
      |            ^~~~~~
../../../../nan/nan.h:1756:5: error: expected primary-expression before ‘int’
 1756 |   , int flags
      |     ^~~
../../../../nan/nan.h:1757:1: error: expression list treated as compound expression in initializer [-fpermissive]
 1757 | ) {
      | ^
../../../../nan/nan.h:164:21: warning: inline variables are only available with ‘-std=c++17’ or ‘-std=gnu++17’
  164 | # define NAN_INLINE inline __attribute__((always_inline))
      |                     ^~~~~~
../../../../nan/nan.h:1898:1: note: in expansion of macro ‘NAN_INLINE’
 1898 | NAN_INLINE char* NanCString(
      | ^~~~~~~~~~
../../../../nan/nan.h:1899:9: warning: ‘always_inline’ attribute ignored [-Wattributes]
 1899 |     v8::Handle<v8::Value> from
      |         ^~~~~~
../../../../nan/nan.h:1899:9: error: ‘Handle’ is not a member of ‘v8’; did you mean ‘JobHandle’?
 1899 |     v8::Handle<v8::Value> from
      |         ^~~~~~
      |         JobHandle
../../../../nan/nan.h:1899:25: error: expected primary-expression before ‘>’ token
 1899 |     v8::Handle<v8::Value> from
      |                         ^
../../../../nan/nan.h:1899:27: error: ‘from’ was not declared in this scope; did you mean ‘fromfp’?
 1899 |     v8::Handle<v8::Value> from
      |                           ^~~~
      |                           fromfp
../../../../nan/nan.h:1900:12: error: expected primary-expression before ‘*’ token
 1900 |   , size_t *datalen
      |            ^
../../../../nan/nan.h:1900:13: error: ‘datalen’ was not declared in this scope
 1900 |   , size_t *datalen
      |             ^~~~~~~
../../../../nan/nan.h:1901:5: error: expected primary-expression before ‘char’
 1901 |   , char *buf = NULL
      |     ^~~~
../../../../nan/nan.h:1902:12: error: expected primary-expression before ‘buflen’
 1902 |   , size_t buflen = 0
      |            ^~~~~~
../../../../nan/nan.h:1903:5: error: expected primary-expression before ‘int’
 1903 |   , int flags = v8::String::NO_OPTIONS
      |     ^~~
../../../../nan/nan.h:1904:1: error: expression list treated as compound expression in initializer [-fpermissive]
 1904 | ) {
      | ^
In file included from ../ext/bson.cc:35:
../ext/bson.h:56:25: error: ‘Handle’ has not been declared
   56 |  static void Initialize(Handle<Object> target);
      |                         ^~~~~~
../ext/bson.h:56:31: error: expected ‘,’ or ‘...’ before ‘<’ token
   56 |  static void Initialize(Handle<Object> target);
      |                               ^
../ext/bson.h:72:9: error: ‘Handle’ does not name a type
   72 |  static Handle<Value> deserialize(BSON *bson, char *data, uint32_t dataLength, uint32_t startIndex, bool is_array_item);
      |         ^~~~~~
../ext/bson.h:120:41: error: ‘Handle’ does not name a type
  120 |  Local<Object> GetSerializeObject(const Handle<Value>& object);
      |                                         ^~~~~~
../ext/bson.h:120:47: error: expected ‘,’ or ‘...’ before ‘<’ token
  120 |  Local<Object> GetSerializeObject(const Handle<Value>& object);
      |                                               ^
../ext/bson.h:134:23: error: ‘Handle’ does not name a type
  134 |  void WriteByte(const Handle<Object>&, const Handle<String>&) { ++count; }
      |                       ^~~~~~
../ext/bson.h:134:29: error: expected ‘,’ or ‘...’ before ‘<’ token
  134 |  void WriteByte(const Handle<Object>&, const Handle<String>&) { ++count; }
      |                             ^
../ext/bson.h:134:7: error: ‘void CountStream::WriteByte(int)’ cannot be overloaded with ‘void CountStream::WriteByte(int)’
  134 |  void WriteByte(const Handle<Object>&, const Handle<String>&) { ++count; }
      |       ^~~~~~~~~
../ext/bson.h:133:7: note: previous declaration ‘void CountStream::WriteByte(int)’
  133 |  void WriteByte(int value)         { ++count; }
      |       ^~~~~~~~~
../ext/bson.h:135:23: error: ‘Handle’ does not name a type
  135 |  void WriteBool(const Handle<Value>& value)     { ++count; }
      |                       ^~~~~~
../ext/bson.h:135:29: error: expected ‘,’ or ‘...’ before ‘<’ token
  135 |  void WriteBool(const Handle<Value>& value)     { ++count; }
      |                             ^
../ext/bson.h:137:24: error: ‘Handle’ does not name a type
  137 |  void WriteInt32(const Handle<Value>& value)     { count += 4; }
      |                        ^~~~~~
../ext/bson.h:137:30: error: expected ‘,’ or ‘...’ before ‘<’ token
  137 |  void WriteInt32(const Handle<Value>& value)     { count += 4; }
      |                              ^
../ext/bson.h:137:7: error: ‘void CountStream::WriteInt32(int)’ cannot be overloaded with ‘void CountStream::WriteInt32(int32_t)’
  137 |  void WriteInt32(const Handle<Value>& value)     { count += 4; }
      |       ^~~~~~~~~~
../ext/bson.h:136:7: note: previous declaration ‘void CountStream::WriteInt32(int32_t)’
  136 |  void WriteInt32(int32_t value)        { count += 4; }
      |       ^~~~~~~~~~
../ext/bson.h:138:24: error: ‘Handle’ does not name a type
  138 |  void WriteInt32(const Handle<Object>& object, const Handle<String>& key) { count += 4; }
      |                        ^~~~~~
../ext/bson.h:138:30: error: expected ‘,’ or ‘...’ before ‘<’ token
  138 |  void WriteInt32(const Handle<Object>& object, const Handle<String>& key) { count += 4; }
      |                              ^
../ext/bson.h:138:7: error: ‘void CountStream::WriteInt32(int)’ cannot be overloaded with ‘void CountStream::WriteInt32(int32_t)’
  138 |  void WriteInt32(const Handle<Object>& object, const Handle<String>& key) { count += 4; }
      |       ^~~~~~~~~~
../ext/bson.h:136:7: note: previous declaration ‘void CountStream::WriteInt32(int32_t)’
  136 |  void WriteInt32(int32_t value)        { count += 4; }
      |       ^~~~~~~~~~
../ext/bson.h:140:24: error: ‘Handle’ does not name a type
  140 |  void WriteInt64(const Handle<Value>& value)     { count += 8; }
      |                        ^~~~~~
../ext/bson.h:140:30: error: expected ‘,’ or ‘...’ before ‘<’ token
  140 |  void WriteInt64(const Handle<Value>& value)     { count += 8; }
      |                              ^
../ext/bson.h:142:25: error: ‘Handle’ does not name a type
  142 |  void WriteDouble(const Handle<Value>& value)     { count += 8; }
      |                         ^~~~~~
../ext/bson.h:142:31: error: expected ‘,’ or ‘...’ before ‘<’ token
  142 |  void WriteDouble(const Handle<Value>& value)     { count += 8; }
      |                               ^
../ext/bson.h:143:25: error: ‘Handle’ does not name a type
  143 |  void WriteDouble(const Handle<Object>&, const Handle<String>&) { count += 8; }
      |                         ^~~~~~
../ext/bson.h:143:31: error: expected ‘,’ or ‘...’ before ‘<’ token
  143 |  void WriteDouble(const Handle<Object>&, const Handle<String>&) { count += 8; }
      |                               ^
../ext/bson.h:143:7: error: ‘void CountStream::WriteDouble(int)’ cannot be overloaded with ‘void CountStream::WriteDouble(int)’
  143 |  void WriteDouble(const Handle<Object>&, const Handle<String>&) { count += 8; }
      |       ^~~~~~~~~~~
../ext/bson.h:142:7: note: previous declaration ‘void CountStream::WriteDouble(int)’
  142 |  void WriteDouble(const Handle<Value>& value)     { count += 8; }
      |       ^~~~~~~~~~~
../ext/bson.h:146:27: error: ‘Handle’ does not name a type
  146 |  void WriteObjectId(const Handle<Object>& object, const Handle<String>& key)    { count += 12; }
      |                           ^~~~~~
../ext/bson.h:146:33: error: expected ‘,’ or ‘...’ before ‘<’ token
  146 |  void WriteObjectId(const Handle<Object>& object, const Handle<String>& key)    { count += 12; }
      |                                 ^
../ext/bson.h: In member function ‘void CountStream::WriteLengthPrefixedString(const v8::Local<v8::String>&)’:
../ext/bson.h:145:90: error: no matching function for call to ‘v8::String::Utf8Length()’
  145 |  void WriteLengthPrefixedString(const Local<String>& value) { count += value->Utf8Length()+5; }
      |                                                                                          ^
In file included from ../ext/bson.cc:14:
/root/.cache/node-gyp/14.15.4/include/node/v8.h:2977:7: note: candidate: ‘int v8::String::Utf8Length(v8::Isolate*) const’
 2977 |   int Utf8Length(Isolate* isolate) const;
      |       ^~~~~~~~~~
/root/.cache/node-gyp/14.15.4/include/node/v8.h:2977:7: note:   candidate expects 1 argument, 0 provided
In file included from ../ext/bson.cc:35:
../ext/bson.h: In member function ‘void CountStream::WriteString(const v8::Local<v8::String>&)’:
../ext/bson.h:147:80: error: no matching function for call to ‘v8::String::Utf8Length()’
  147 |  void WriteString(const Local<String>& value)     { count += value->Utf8Length() + 1; } // This returns the number of bytes exclusive of the NULL terminator
      |                                                                                ^
In file included from ../ext/bson.cc:14:
/root/.cache/node-gyp/14.15.4/include/node/v8.h:2977:7: note: candidate: ‘int v8::String::Utf8Length(v8::Isolate*) const’
 2977 |   int Utf8Length(Isolate* isolate) const;
      |       ^~~~~~~~~~
/root/.cache/node-gyp/14.15.4/include/node/v8.h:2977:7: note:   candidate expects 1 argument, 0 provided
In file included from ../ext/bson.cc:35:
../ext/bson.h: At global scope:
../ext/bson.h:170:23: error: ‘Handle’ does not name a type
  170 |  void WriteByte(const Handle<Object>& object, const Handle<String>& key) { *p++ = object->Get(key)->Int32Value(); }
      |                       ^~~~~~
../ext/bson.h:170:29: error: expected ‘,’ or ‘...’ before ‘<’ token
  170 |  void WriteByte(const Handle<Object>& object, const Handle<String>& key) { *p++ = object->Get(key)->Int32Value(); }
      |                             ^
../ext/bson.h:170:7: error: ‘void DataStream::WriteByte(int)’ cannot be overloaded with ‘void DataStream::WriteByte(int)’
  170 |  void WriteByte(const Handle<Object>& object, const Handle<String>& key) { *p++ = object->Get(key)->Int32Value(); }
      |       ^~~~~~~~~
../ext/bson.h:169:7: note: previous declaration ‘void DataStream::WriteByte(int)’
  169 |  void WriteByte(int value)         { *p++ = value; }
      |       ^~~~~~~~~
../ext/bson.h:180:23: error: ‘Handle’ does not name a type
  180 |  void WriteBool(const Handle<Value>& value)     { WriteByte(value->BooleanValue() ? 1 : 0); }
      |                       ^~~~~~
../ext/bson.h:180:29: error: expected ‘,’ or ‘...’ before ‘<’ token
  180 |  void WriteBool(const Handle<Value>& value)     { WriteByte(value->BooleanValue() ? 1 : 0); }
      |                             ^
../ext/bson.h:181:24: error: ‘Handle’ does not name a type
  181 |  void WriteInt32(const Handle<Value>& value)     { WriteInt32(value->Int32Value());   }
      |                        ^~~~~~
../ext/bson.h:181:30: error: expected ‘,’ or ‘...’ before ‘<’ token
  181 |  void WriteInt32(const Handle<Value>& value)     { WriteInt32(value->Int32Value());   }
      |                              ^
../ext/bson.h:181:7: error: ‘void DataStream::WriteInt32(int)’ cannot be overloaded with ‘void DataStream::WriteInt32(int32_t)’
  181 |  void WriteInt32(const Handle<Value>& value)     { WriteInt32(value->Int32Value());   }
      |       ^~~~~~~~~~
../ext/bson.h:172:7: note: previous declaration ‘void DataStream::WriteInt32(int32_t)’
  172 |  void WriteInt32(int32_t value)        { *reinterpret_cast<int32_t*>(p) = value; p += 4; }
      |       ^~~~~~~~~~
../ext/bson.h:182:24: error: ‘Handle’ does not name a type
  182 |  void WriteInt32(const Handle<Object>& object, const Handle<String>& key) { WriteInt32(object->Get(key)); }
      |                        ^~~~~~
../ext/bson.h:182:30: error: expected ‘,’ or ‘...’ before ‘<’ token
  182 |  void WriteInt32(const Handle<Object>& object, const Handle<String>& key) { WriteInt32(object->Get(key)); }
      |                              ^
../ext/bson.h:182:7: error: ‘void DataStream::WriteInt32(int)’ cannot be overloaded with ‘void DataStream::WriteInt32(int32_t)’
  182 |  void WriteInt32(const Handle<Object>& object, const Handle<String>& key) { WriteInt32(object->Get(key)); }
      |       ^~~~~~~~~~
../ext/bson.h:172:7: note: previous declaration ‘void DataStream::WriteInt32(int32_t)’
  172 |  void WriteInt32(int32_t value)        { *reinterpret_cast<int32_t*>(p) = value; p += 4; }
      |       ^~~~~~~~~~
../ext/bson.h:183:24: error: ‘Handle’ does not name a type
  183 |  void WriteInt64(const Handle<Value>& value)     { WriteInt64(value->IntegerValue());  }
      |                        ^~~~~~
../ext/bson.h:183:30: error: expected ‘,’ or ‘...’ before ‘<’ token
  183 |  void WriteInt64(const Handle<Value>& value)     { WriteInt64(value->IntegerValue());  }
      |                              ^
../ext/bson.h:184:25: error: ‘Handle’ does not name a type
  184 |  void WriteDouble(const Handle<Value>& value)     { WriteDouble(value->NumberValue());  }
      |                         ^~~~~~
../ext/bson.h:184:31: error: expected ‘,’ or ‘...’ before ‘<’ token
  184 |  void WriteDouble(const Handle<Value>& value)     { WriteDouble(value->NumberValue());  }
      |                               ^
../ext/bson.h:185:25: error: ‘Handle’ does not name a type
  185 |  void WriteDouble(const Handle<Object>& object, const Handle<String>& key) { WriteDouble(object->Get(key)); }
      |                         ^~~~~~
../ext/bson.h:185:31: error: expected ‘,’ or ‘...’ before ‘<’ token
  185 |  void WriteDouble(const Handle<Object>& object, const Handle<String>& key) { WriteDouble(object->Get(key)); }
      |                               ^
../ext/bson.h:185:7: error: ‘void DataStream::WriteDouble(int)’ cannot be overloaded with ‘void DataStream::WriteDouble(int)’
  185 |  void WriteDouble(const Handle<Object>& object, const Handle<String>& key) { WriteDouble(object->Get(key)); }
      |       ^~~~~~~~~~~
../ext/bson.h:184:7: note: previous declaration ‘void DataStream::WriteDouble(int)’
  184 |  void WriteDouble(const Handle<Value>& value)     { WriteDouble(value->NumberValue());  }
      |       ^~~~~~~~~~~
../ext/bson.h:188:27: error: ‘Handle’ does not name a type
  188 |  void WriteObjectId(const Handle<Object>& object, const Handle<String>& key);
      |                           ^~~~~~
../ext/bson.h:188:33: error: expected ‘,’ or ‘...’ before ‘<’ token
  188 |  void WriteObjectId(const Handle<Object>& object, const Handle<String>& key);
      |                                 ^
../ext/bson.h: In member function ‘void DataStream::WriteByte(int)’:
../ext/bson.h:170:83: error: ‘object’ was not declared in this scope
  170 |  void WriteByte(const Handle<Object>& object, const Handle<String>& key) { *p++ = object->Get(key)->Int32Value(); }
      |                                                                                   ^~~~~~
../ext/bson.h:170:95: error: ‘key’ was not declared in this scope
  170 |  void WriteByte(const Handle<Object>& object, const Handle<String>& key) { *p++ = object->Get(key)->Int32Value(); }
      |                                                                                               ^~~
../ext/bson.h: In member function ‘void DataStream::WriteBool(int)’:
../ext/bson.h:180:61: error: ‘value’ was not declared in this scope
  180 |  void WriteBool(const Handle<Value>& value)     { WriteByte(value->BooleanValue() ? 1 : 0); }
      |                                                             ^~~~~
../ext/bson.h: In member function ‘void DataStream::WriteInt32(int)’:
../ext/bson.h:181:63: error: ‘value’ was not declared in this scope
  181 |  void WriteInt32(const Handle<Value>& value)     { WriteInt32(value->Int32Value());   }
      |                                                               ^~~~~
../ext/bson.h: In member function ‘void DataStream::WriteInt32(int)’:
../ext/bson.h:182:88: error: ‘object’ was not declared in this scope
  182 |  void WriteInt32(const Handle<Object>& object, const Handle<String>& key) { WriteInt32(object->Get(key)); }
      |                                                                                        ^~~~~~
../ext/bson.h:182:100: error: ‘key’ was not declared in this scope
  182 |  void WriteInt32(const Handle<Object>& object, const Handle<String>& key) { WriteInt32(object->Get(key)); }
      |                                                                                                    ^~~
../ext/bson.h: In member function ‘void DataStream::WriteInt64(int)’:
../ext/bson.h:183:63: error: ‘value’ was not declared in this scope
  183 |  void WriteInt64(const Handle<Value>& value)     { WriteInt64(value->IntegerValue());  }
      |                                                               ^~~~~
../ext/bson.h: In member function ‘void DataStream::WriteDouble(int)’:
../ext/bson.h:184:65: error: ‘value’ was not declared in this scope
  184 |  void WriteDouble(const Handle<Value>& value)     { WriteDouble(value->NumberValue());  }
      |                                                                 ^~~~~
../ext/bson.h: In member function ‘void DataStream::WriteDouble(int)’:
../ext/bson.h:185:90: error: ‘object’ was not declared in this scope
  185 |  void WriteDouble(const Handle<Object>& object, const Handle<String>& key) { WriteDouble(object->Get(key)); }
      |                                                                                          ^~~~~~
../ext/bson.h:185:102: error: ‘key’ was not declared in this scope
  185 |  void WriteDouble(const Handle<Object>& object, const Handle<String>& key) { WriteDouble(object->Get(key)); }
      |                                                                                                      ^~~
../ext/bson.h: In member function ‘void DataStream::WriteLengthPrefixedString(const v8::Local<v8::String>&)’:
../ext/bson.h:187:92: error: no matching function for call to ‘v8::String::Utf8Length()’
  187 |  void WriteLengthPrefixedString(const Local<String>& value) { WriteInt32(value->Utf8Length()+1); WriteString(value); }
      |                                                                                            ^
In file included from ../ext/bson.cc:14:
/root/.cache/node-gyp/14.15.4/include/node/v8.h:2977:7: note: candidate: ‘int v8::String::Utf8Length(v8::Isolate*) const’
 2977 |   int Utf8Length(Isolate* isolate) const;
      |       ^~~~~~~~~~
/root/.cache/node-gyp/14.15.4/include/node/v8.h:2977:7: note:   candidate expects 1 argument, 0 provided
In file included from ../ext/bson.cc:35:
../ext/bson.h: In member function ‘void DataStream::WriteString(const v8::Local<v8::String>&)’:
../ext/bson.h:189:76: error: no matching function for call to ‘v8::String::WriteUtf8(char*&)’
  189 |  void WriteString(const Local<String>& value)     { p += value->WriteUtf8(p); }  // This returns the number of bytes inclusive of the NULL terminator.
      |                                                                            ^
In file included from ../ext/bson.cc:14:
/root/.cache/node-gyp/14.15.4/include/node/v8.h:3037:7: note: candidate: ‘int v8::String::WriteUtf8(v8::Isolate*, char*, int, int*, int) const’
 3037 |   int WriteUtf8(Isolate* isolate, char* buffer, int length = -1,
      |       ^~~~~~~~~
/root/.cache/node-gyp/14.15.4/include/node/v8.h:3037:7: note:   candidate expects 5 arguments, 1 provided
In file included from ../ext/bson.cc:35:
../ext/bson.h: At global scope:
../ext/bson.h:220:31: error: ‘Handle’ does not name a type
  220 |  void SerializeDocument(const Handle<Value>& value);
      |                               ^~~~~~
../ext/bson.h:220:37: error: expected ‘,’ or ‘...’ before ‘<’ token
  220 |  void SerializeDocument(const Handle<Value>& value);
      |                                     ^
../ext/bson.h:221:28: error: ‘Handle’ does not name a type
  221 |  void SerializeArray(const Handle<Value>& value);
      |                            ^~~~~~
../ext/bson.h:221:34: error: expected ‘,’ or ‘...’ before ‘<’ token
  221 |  void SerializeArray(const Handle<Value>& value);
      |                                  ^
../ext/bson.h:222:48: error: ‘Handle’ does not name a type
  222 |  void SerializeValue(void* typeLocation, const Handle<Value>& value);
      |                                                ^~~~~~
../ext/bson.h:222:54: error: expected ‘,’ or ‘...’ before ‘<’ token
  222 |  void SerializeValue(void* typeLocation, const Handle<Value>& value);
      |                                                      ^
../ext/bson.h:238:2: error: ‘Handle’ does not name a type
  238 |  Handle<Value> DeserializeDocument(bool promoteLongs);
      |  ^~~~~~
../ext/bson.h:241:2: error: ‘Handle’ does not name a type
  241 |  Handle<Value> ReadCString();
      |  ^~~~~~
../ext/bson.h:263:2: error: ‘Handle’ does not name a type
  263 |  Handle<Value> DeserializeArray(bool promoteLongs);
      |  ^~~~~~
../ext/bson.h:264:2: error: ‘Handle’ does not name a type
  264 |  Handle<Value> DeserializeValue(BsonType type, bool promoteLongs);
      |  ^~~~~~
../ext/bson.h:265:2: error: ‘Handle’ does not name a type
  265 |  Handle<Value> DeserializeDocumentInternal(bool promoteLongs);
      |  ^~~~~~
../ext/bson.h:266:2: error: ‘Handle’ does not name a type
  266 |  Handle<Value> DeserializeArrayInternal(bool promoteLongs);
      |  ^~~~~~
../ext/bson.cc:42:38: error: ‘Handle’ does not name a type
   42 | void DataStream::WriteObjectId(const Handle<Object>& object, const Handle<String>& key)
      |                                      ^~~~~~
../ext/bson.cc:42:44: error: expected ‘,’ or ‘...’ before ‘<’ token
   42 | void DataStream::WriteObjectId(const Handle<Object>& object, const Handle<String>& key)
      |                                            ^
../ext/bson.cc: In member function ‘void DataStream::WriteObjectId(int)’:
../ext/bson.cc:45:2: error: ‘object’ was not declared in this scope
   45 |  object->Get(key)->ToString()->Write(buffer, 0, 12);
      |  ^~~~~~
../ext/bson.cc:45:14: error: ‘key’ was not declared in this scope
   45 |  object->Get(key)->ToString()->Write(buffer, 0, 12);
      |              ^~~
../ext/bson.cc: In member function ‘void DataStream::CheckKey(const v8::Local<v8::String>&)’:
../ext/bson.cc:65:41: error: no matching function for call to ‘v8::String::Utf8Length()’
   65 |  size_t keyLength = keyName->Utf8Length();
      |                                         ^
In file included from ../ext/bson.cc:14:
/root/.cache/node-gyp/14.15.4/include/node/v8.h:2977:7: note: candidate: ‘int v8::String::Utf8Length(v8::Isolate*) const’
 2977 |   int Utf8Length(Isolate* isolate) const;
      |       ^~~~~~~~~~
/root/.cache/node-gyp/14.15.4/include/node/v8.h:2977:7: note:   candidate expects 1 argument, 0 provided
../ext/bson.cc:71:36: error: no matching function for call to ‘v8::String::WriteUtf8(char*&)’
   71 |  keyName->WriteUtf8(keyStringBuffer);
      |                                    ^
In file included from ../ext/bson.cc:14:
/root/.cache/node-gyp/14.15.4/include/node/v8.h:3037:7: note: candidate: ‘int v8::String::WriteUtf8(v8::Isolate*, char*, int, int*, int) const’
 3037 |   int WriteUtf8(Isolate* isolate, char* buffer, int length = -1,
      |       ^~~~~~~~~
/root/.cache/node-gyp/14.15.4/include/node/v8.h:3037:7: note:   candidate expects 5 arguments, 1 provided
../ext/bson.cc: At global scope:
../ext/bson.cc:91:70: error: ‘Handle’ does not name a type
   91 | template<typename T> void BSONSerializer<T>::SerializeDocument(const Handle<Value>& value)
      |                                                                      ^~~~~~
../ext/bson.cc:91:76: error: expected ‘,’ or ‘...’ before ‘<’ token
   91 | template<typename T> void BSONSerializer<T>::SerializeDocument(const Handle<Value>& value)
      |                                                                            ^
../ext/bson.cc: In member function ‘void BSONSerializer<T>::SerializeDocument(int)’:
../ext/bson.cc:94:50: error: ‘value’ was not declared in this scope
   94 |  Local<Object> object = bson->GetSerializeObject(value);
      |                                                  ^~~~~
../ext/bson.cc:97:57: error: no matching function for call to ‘v8::Object::GetPropertyNames()’
   97 |   Local<Array> propertyNames = object->GetPropertyNames();
      |                                                         ^
In file included from ../ext/bson.cc:14:
/root/.cache/node-gyp/14.15.4/include/node/v8.h:3825:43: note: candidate: ‘v8::MaybeLocal<v8::Array> v8::Object::GetPropertyNames(v8::Local<v8::Context>)’
 3825 |   V8_WARN_UNUSED_RESULT MaybeLocal<Array> GetPropertyNames(
      |                                           ^~~~~~~~~~~~~~~~
/root/.cache/node-gyp/14.15.4/include/node/v8.h:3825:43: note:   candidate expects 1 argument, 0 provided
/root/.cache/node-gyp/14.15.4/include/node/v8.h:3827:43: note: candidate: ‘v8::MaybeLocal<v8::Array> v8::Object::GetPropertyNames(v8::Local<v8::Context>, v8::KeyCollectionMode, v8::PropertyFilter, v8::IndexFilter, v8::KeyConversionMode)’
 3827 |   V8_WARN_UNUSED_RESULT MaybeLocal<Array> GetPropertyNames(
      |                                           ^~~~~~~~~~~~~~~~
/root/.cache/node-gyp/14.15.4/include/node/v8.h:3827:43: note:   candidate expects 5 arguments, 0 provided
../ext/bson.cc:103:59: error: no matching function for call to ‘v8::Array::Get(int&)’
  103 |   const Local<String>& propertyName = propertyNames->Get(i)->ToString();
      |                                                           ^
In file included from ../ext/bson.cc:14:
/root/.cache/node-gyp/14.15.4/include/node/v8.h:3717:43: note: candidate: ‘v8::MaybeLocal<v8::Value> v8::Object::Get(v8::Local<v8::Context>, v8::Local<v8::Value>)’
 3717 |   V8_WARN_UNUSED_RESULT MaybeLocal<Value> Get(Local<Context> context,
      |                                           ^~~
/root/.cache/node-gyp/14.15.4/include/node/v8.h:3717:43: note:   candidate expects 2 arguments, 1 provided
/root/.cache/node-gyp/14.15.4/include/node/v8.h:3720:43: note: candidate: ‘v8::MaybeLocal<v8::Value> v8::Object::Get(v8::Local<v8::Context>, uint32_t)’
 3720 |   V8_WARN_UNUSED_RESULT MaybeLocal<Value> Get(Local<Context> context,
      |                                           ^~~
/root/.cache/node-gyp/14.15.4/include/node/v8.h:3720:43: note:   candidate expects 2 arguments, 1 provided
../ext/bson.cc:106:63: error: no matching function for call to ‘v8::Object::Get(const v8::Local<v8::String>&)’
  106 |   const Local<Value>& propertyValue = object->Get(propertyName);
      |                                                               ^
In file included from ../ext/bson.cc:14:
/root/.cache/node-gyp/14.15.4/include/node/v8.h:3717:43: note: candidate: ‘v8::MaybeLocal<v8::Value> v8::Object::Get(v8::Local<v8::Context>, v8::Local<v8::Value>)’
 3717 |   V8_WARN_UNUSED_RESULT MaybeLocal<Value> Get(Local<Context> context,
      |                                           ^~~
/root/.cache/node-gyp/14.15.4/include/node/v8.h:3717:43: note:   candidate expects 2 arguments, 1 provided
/root/.cache/node-gyp/14.15.4/include/node/v8.h:3720:43: note: candidate: ‘v8::MaybeLocal<v8::Value> v8::Object::Get(v8::Local<v8::Context>, uint32_t)’
 3720 |   V8_WARN_UNUSED_RESULT MaybeLocal<Value> Get(Local<Context> context,
      |                                           ^~~
/root/.cache/node-gyp/14.15.4/include/node/v8.h:3720:43: note:   candidate expects 2 arguments, 1 provided
../ext/bson.cc: At global scope:
../ext/bson.cc:120:67: error: ‘Handle’ does not name a type
  120 | template<typename T> void BSONSerializer<T>::SerializeArray(const Handle<Value>& value)
      |                                                                   ^~~~~~
../ext/bson.cc:120:73: error: expected ‘,’ or ‘...’ before ‘<’ token
  120 | template<typename T> void BSONSerializer<T>::SerializeArray(const Handle<Value>& value)
      |                                                                         ^
../ext/bson.cc: In member function ‘void BSONSerializer<T>::SerializeArray(int)’:
../ext/bson.cc:124:42: error: ‘value’ was not declared in this scope
  124 |  Local<Array> array = Local<Array>::Cast(value->ToObject());
      |                                          ^~~~~
../ext/bson.cc:131:44: error: no matching function for call to ‘v8::Array::Get(uint32_t&)’
  131 |   SerializeValue(typeLocation, array->Get(i));
      |                                            ^
In file included from ../ext/bson.cc:14:
/root/.cache/node-gyp/14.15.4/include/node/v8.h:3717:43: note: candidate: ‘v8::MaybeLocal<v8::Value> v8::Object::Get(v8::Local<v8::Context>, v8::Local<v8::Value>)’
 3717 |   V8_WARN_UNUSED_RESULT MaybeLocal<Value> Get(Local<Context> context,
      |                                           ^~~
/root/.cache/node-gyp/14.15.4/include/node/v8.h:3717:43: note:   candidate expects 2 arguments, 1 provided
/root/.cache/node-gyp/14.15.4/include/node/v8.h:3720:43: note: candidate: ‘v8::MaybeLocal<v8::Value> v8::Object::Get(v8::Local<v8::Context>, uint32_t)’
 3720 |   V8_WARN_UNUSED_RESULT MaybeLocal<Value> Get(Local<Context> context,
      |                                           ^~~
/root/.cache/node-gyp/14.15.4/include/node/v8.h:3720:43: note:   candidate expects 2 arguments, 1 provided
../ext/bson.cc: At global scope:
../ext/bson.cc:141:87: error: ‘Handle’ does not name a type
  141 | template<typename T> void BSONSerializer<T>::SerializeValue(void* typeLocation, const Handle<Value>& value)
      |                                                                                       ^~~~~~
../ext/bson.cc:141:93: error: expected ‘,’ or ‘...’ before ‘<’ token
  141 | template<typename T> void BSONSerializer<T>::SerializeValue(void* typeLocation, const Handle<Value>& value)
      |                                                                                             ^
../ext/bson.cc: In member function ‘void BSONSerializer<T>::SerializeValue(void*, int)’:
../ext/bson.cc:143:5: error: ‘value’ was not declared in this scope
  143 |  if(value->IsNumber())
      |     ^~~~~
../ext/bson.cc:181:9: error: ‘Handle’ does not name a type
  181 |   const Handle<RegExp>& regExp = Handle<RegExp>::Cast(value);
      |         ^~~~~~
../ext/bson.cc:183:21: error: ‘regExp’ was not declared in this scope
  183 |   this->WriteString(regExp->GetSource());
      |                     ^~~~~~
../ext/bson.cc:199:47: error: no matching function for call to ‘v8::Object::Has(v8::Local<v8::String>)’
  199 |   if(object->Has(NanNew(bson->_bsontypeString)))
      |                                               ^
In file included from ../ext/bson.cc:14:
/root/.cache/node-gyp/14.15.4/include/node/v8.h:3752:37: note: candidate: ‘v8::Maybe<bool> v8::Object::Has(v8::Local<v8::Context>, v8::Local<v8::Value>)’
 3752 |   V8_WARN_UNUSED_RESULT Maybe<bool> Has(Local<Context> context,
      |                                     ^~~
/root/.cache/node-gyp/14.15.4/include/node/v8.h:3752:37: note:   candidate expects 2 arguments, 1 provided
/root/.cache/node-gyp/14.15.4/include/node/v8.h:3758:37: note: candidate: ‘v8::Maybe<bool> v8::Object::Has(v8::Local<v8::Context>, uint32_t)’
 3758 |   V8_WARN_UNUSED_RESULT Maybe<bool> Has(Local<Context> context, uint32_t index);
      |                                     ^~~
/root/.cache/node-gyp/14.15.4/include/node/v8.h:3758:37: note:   candidate expects 2 arguments, 1 provided
../ext/bson.cc:223:70: error: no matching function for call to ‘v8::Object::Get(v8::Local<v8::String>)’
  223 |     uint32_t length = object->Get(NanNew(bson->_binaryPositionString))->Uint32Value();
      |                                                                      ^
In file included from ../ext/bson.cc:14:
/root/.cache/node-gyp/14.15.4/include/node/v8.h:3717:43: note: candidate: ‘v8::MaybeLocal<v8::Value> v8::Object::Get(v8::Local<v8::Context>, v8::Local<v8::Value>)’
 3717 |   V8_WARN_UNUSED_RESULT MaybeLocal<Value> Get(Local<Context> context,
      |                                           ^~~
/root/.cache/node-gyp/14.15.4/include/node/v8.h:3717:43: note:   candidate expects 2 arguments, 1 provided
/root/.cache/node-gyp/14.15.4/include/node/v8.h:3720:43: note: candidate: ‘v8::MaybeLocal<v8::Value> v8::Object::Get(v8::Local<v8::Context>, uint32_t)’
 3720 |   V8_WARN_UNUSED_RESULT MaybeLocal<Value> Get(Local<Context> context,
      |                                           ^~~
/root/.cache/node-gyp/14.15.4/include/node/v8.h:3720:43: note:   candidate expects 2 arguments, 1 provided
../ext/bson.cc:224:76: error: no matching function for call to ‘v8::Object::Get(v8::Local<v8::String>)’
  224 |     Local<Object> bufferObj = object->Get(NanNew(bson->_binaryBufferString))->ToObject();
      |                                                                            ^
In file included from ../ext/bson.cc:14:
/root/.cache/node-gyp/14.15.4/include/node/v8.h:3717:43: note: candidate: ‘v8::MaybeLocal<v8::Value> v8::Object::Get(v8::Local<v8::Context>, v8::Local<v8::Value>)’
 3717 |   V8_WARN_UNUSED_RESULT MaybeLocal<Value> Get(Local<Context> context,
      |                                           ^~~
/root/.cache/node-gyp/14.15.4/include/node/v8.h:3717:43: note:   candidate expects 2 arguments, 1 provided
/root/.cache/node-gyp/14.15.4/include/node/v8.h:3720:43: note: candidate: ‘v8::MaybeLocal<v8::Value> v8::Object::Get(v8::Local<v8::Context>, uint32_t)’
 3720 |   V8_WARN_UNUSED_RESULT MaybeLocal<Value> Get(Local<Context> context,
      |                                           ^~~
/root/.cache/node-gyp/14.15.4/include/node/v8.h:3720:43: note:   candidate expects 2 arguments, 1 provided
../ext/bson.cc:229:54: error: no matching function for call to ‘v8::Object::Get(v8::Local<v8::String>)’
  229 |     if(object->Get(NanNew(bson->_binarySubTypeString))->Int32Value() == 0x02) {
      |                                                      ^
In file included from ../ext/bson.cc:14:
/root/.cache/node-gyp/14.15.4/include/node/v8.h:3717:43: note: candidate: ‘v8::MaybeLocal<v8::Value> v8::Object::Get(v8::Local<v8::Context>, v8::Local<v8::Value>)’
 3717 |   V8_WARN_UNUSED_RESULT MaybeLocal<Value> Get(Local<Context> context,
      |                                           ^~~
/root/.cache/node-gyp/14.15.4/include/node/v8.h:3717:43: note:   candidate expects 2 arguments, 1 provided
/root/.cache/node-gyp/14.15.4/include/node/v8.h:3720:43: note: candidate: ‘v8::MaybeLocal<v8::Value> v8::Object::Get(v8::Local<v8::Context>, uint32_t)’
 3720 |   V8_WARN_UNUSED_RESULT MaybeLocal<Value> Get(Local<Context> context,
      |                                           ^~~
/root/.cache/node-gyp/14.15.4/include/node/v8.h:3720:43: note:   candidate expects 2 arguments, 1 provided
../ext/bson.cc:243:81: error: no matching function for call to ‘v8::Object::Get(v8::Local<v8::String>)’
  243 |     this->WriteLengthPrefixedString(object->Get(NanNew(bson->_symbolValueString))->ToString());
      |                                                                                 ^
In file included from ../ext/bson.cc:14:
/root/.cache/node-gyp/14.15.4/include/node/v8.h:3717:43: note: candidate: ‘v8::MaybeLocal<v8::Value> v8::Object::Get(v8::Local<v8::Context>, v8::Local<v8::Value>)’
 3717 |   V8_WARN_UNUSED_RESULT MaybeLocal<Value> Get(Local<Context> context,
      |                                           ^~~
/root/.cache/node-gyp/14.15.4/include/node/v8.h:3717:43: note:   candidate expects 2 arguments, 1 provided
/root/.cache/node-gyp/14.15.4/include/node/v8.h:3720:43: note: candidate: ‘v8::MaybeLocal<v8::Value> v8::Object::Get(v8::Local<v8::Context>, uint32_t)’
 3720 |   V8_WARN_UNUSED_RESULT MaybeLocal<Value> Get(Local<Context> context,
      |                                           ^~~
/root/.cache/node-gyp/14.15.4/include/node/v8.h:3720:43: note:   candidate expects 2 arguments, 1 provided
../ext/bson.cc:247:78: error: no matching function for call to ‘v8::Object::Get(v8::Local<v8::String>)’
  247 |     const Local<String>& function = object->Get(NanNew(bson->_codeCodeString))->ToString();
      |                                                                              ^
In file included from ../ext/bson.cc:14:
/root/.cache/node-gyp/14.15.4/include/node/v8.h:3717:43: note: candidate: ‘v8::MaybeLocal<v8::Value> v8::Object::Get(v8::Local<v8::Context>, v8::Local<v8::Value>)’
 3717 |   V8_WARN_UNUSED_RESULT MaybeLocal<Value> Get(Local<Context> context,
      |                                           ^~~
/root/.cache/node-gyp/14.15.4/include/node/v8.h:3717:43: note:   candidate expects 2 arguments, 1 provided
/root/.cache/node-gyp/14.15.4/include/node/v8.h:3720:43: note: candidate: ‘v8::MaybeLocal<v8::Value> v8::Object::Get(v8::Local<v8::Context>, uint32_t)’
 3720 |   V8_WARN_UNUSED_RESULT MaybeLocal<Value> Get(Local<Context> context,
      |                                           ^~~
/root/.cache/node-gyp/14.15.4/include/node/v8.h:3720:43: note:   candidate expects 2 arguments, 1 provided
../ext/bson.cc:248:76: error: no matching function for call to ‘v8::Object::Get(v8::Local<v8::String>)’
  248 |     const Local<Object>& scope = object->Get(NanNew(bson->_codeScopeString))->ToObject();
      |                                                                            ^
In file included from ../ext/bson.cc:14:
/root/.cache/node-gyp/14.15.4/include/node/v8.h:3717:43: note: candidate: ‘v8::MaybeLocal<v8::Value> v8::Object::Get(v8::Local<v8::Context>, v8::Local<v8::Value>)’
 3717 |   V8_WARN_UNUSED_RESULT MaybeLocal<Value> Get(Local<Context> context,
      |                                           ^~~
/root/.cache/node-gyp/14.15.4/include/node/v8.h:3717:43: note:   candidate expects 2 arguments, 1 provided
/root/.cache/node-gyp/14.15.4/include/node/v8.h:3720:43: note: candidate: ‘v8::MaybeLocal<v8::Value> v8::Object::Get(v8::Local<v8::Context>, uint32_t)’
 3720 |   V8_WARN_UNUSED_RESULT MaybeLocal<Value> Get(Local<Context> context,
      |                                           ^~~
/root/.cache/node-gyp/14.15.4/include/node/v8.h:3720:43: note:   candidate expects 2 arguments, 1 provided
../ext/bson.cc:254:67: error: no matching function for call to ‘v8::Object::GetOwnPropertyNames()’
  254 |          uint32_t propertyNameLength = scope->GetOwnPropertyNames()->Length();
      |                                                                   ^
In file included from ../ext/bson.cc:14:
/root/.cache/node-gyp/14.15.4/include/node/v8.h:3837:43: note: candidate: ‘v8::MaybeLocal<v8::Array> v8::Object::GetOwnPropertyNames(v8::Local<v8::Context>)’
 3837 |   V8_WARN_UNUSED_RESULT MaybeLocal<Array> GetOwnPropertyNames(
      |                                           ^~~~~~~~~~~~~~~~~~~
/root/.cache/node-gyp/14.15.4/include/node/v8.h:3837:43: note:   candidate expects 1 argument, 0 provided
/root/.cache/node-gyp/14.15.4/include/node/v8.h:3846:43: note: candidate: ‘v8::MaybeLocal<v8::Array> v8::Object::GetOwnPropertyNames(v8::Local<v8::Context>, v8::PropertyFilter, v8::KeyConversionMode)’
 3846 |   V8_WARN_UNUSED_RESULT MaybeLocal<Array> GetOwnPropertyNames(
      |                                           ^~~~~~~~~~~~~~~~~~~
/root/.cache/node-gyp/14.15.4/include/node/v8.h:3846:43: note:   candidate expects 3 arguments, 0 provided
../ext/bson.cc:261:57: error: no matching function for call to ‘v8::String::ToString()’
  261 |      this->WriteLengthPrefixedString(function->ToString());
      |                                                         ^
In file included from ../ext/bson.cc:14:
/root/.cache/node-gyp/14.15.4/include/node/v8.h:2810:44: note: candidate: ‘v8::MaybeLocal<v8::String> v8::Value::ToString(v8::Local<v8::Context>) const’
 2810 |   V8_WARN_UNUSED_RESULT MaybeLocal<String> ToString(
      |                                            ^~~~~~~~
/root/.cache/node-gyp/14.15.4/include/node/v8.h:2810:44: note:   candidate expects 1 argument, 0 provided
../ext/bson.cc:268:57: error: no matching function for call to ‘v8::String::ToString()’
  268 |      this->WriteLengthPrefixedString(function->ToString());
      |                                                         ^
In file included from ../ext/bson.cc:14:
/root/.cache/node-gyp/14.15.4/include/node/v8.h:2810:44: note: candidate: ‘v8::MaybeLocal<v8::String> v8::Value::ToString(v8::Local<v8::Context>) const’
 2810 |   V8_WARN_UNUSED_RESULT MaybeLocal<String> ToString(
      |                                            ^~~~~~~~
/root/.cache/node-gyp/14.15.4/include/node/v8.h:2810:44: note:   candidate expects 1 argument, 0 provided
../ext/bson.cc:279:76: error: no matching function for call to ‘v8::Object::Get(v8::Local<v8::String>)’
  279 |     SerializeValue(refType, object->Get(NanNew(bson->_dbRefNamespaceString)));
      |                                                                            ^
In file included from ../ext/bson.cc:14:
/root/.cache/node-gyp/14.15.4/include/node/v8.h:3717:43: note: candidate: ‘v8::MaybeLocal<v8::Value> v8::Object::Get(v8::Local<v8::Context>, v8::Local<v8::Value>)’
 3717 |   V8_WARN_UNUSED_RESULT MaybeLocal<Value> Get(Local<Context> context,
      |                                           ^~~
/root/.cache/node-gyp/14.15.4/include/node/v8.h:3717:43: note:   candidate expects 2 arguments, 1 provided
/root/.cache/node-gyp/14.15.4/include/node/v8.h:3720:43: note: candidate: ‘v8::MaybeLocal<v8::Value> v8::Object::Get(v8::Local<v8::Context>, uint32_t)’
 3720 |   V8_WARN_UNUSED_RESULT MaybeLocal<Value> Get(Local<Context> context,
      |                                           ^~~
/root/.cache/node-gyp/14.15.4/include/node/v8.h:3720:43: note:   candidate expects 2 arguments, 1 provided
../ext/bson.cc:283:69: error: no matching function for call to ‘v8::Object::Get(v8::Local<v8::String>)’
  283 |     SerializeValue(idType, object->Get(NanNew(bson->_dbRefOidString)));
      |                                                                     ^
In file included from ../ext/bson.cc:14:
/root/.cache/node-gyp/14.15.4/include/node/v8.h:3717:43: note: candidate: ‘v8::MaybeLocal<v8::Value> v8::Object::Get(v8::Local<v8::Context>, v8::Local<v8::Value>)’
 3717 |   V8_WARN_UNUSED_RESULT MaybeLocal<Value> Get(Local<Context> context,
      |                                           ^~~
/root/.cache/node-gyp/14.15.4/include/node/v8.h:3717:43: note:   candidate expects 2 arguments, 1 provided
/root/.cache/node-gyp/14.15.4/include/node/v8.h:3720:43: note: candidate: ‘v8::MaybeLocal<v8::Value> v8::Object::Get(v8::Local<v8::Context>, uint32_t)’
 3720 |   V8_WARN_UNUSED_RESULT MaybeLocal<Value> Get(Local<Context> context,
      |                                           ^~~
/root/.cache/node-gyp/14.15.4/include/node/v8.h:3720:43: note:   candidate expects 2 arguments, 1 provided
../ext/bson.cc:285:78: error: no matching function for call to ‘v8::Object::Get(v8::Local<v8::String>)’
  285 |     const Local<Value>& refDbValue = object->Get(NanNew(bson->_dbRefDbString));
      |                                                                              ^
In file included from ../ext/bson.cc:14:
/root/.cache/node-gyp/14.15.4/include/node/v8.h:3717:43: note: candidate: ‘v8::MaybeLocal<v8::Value> v8::Object::Get(v8::Local<v8::Context>, v8::Local<v8::Value>)’
 3717 |   V8_WARN_UNUSED_RESULT MaybeLocal<Value> Get(Local<Context> context,
      |                                           ^~~
/root/.cache/node-gyp/14.15.4/include/node/v8.h:3717:43: note:   candidate expects 2 arguments, 1 provided
/root/.cache/node-gyp/14.15.4/include/node/v8.h:3720:43: note: candidate: ‘v8::MaybeLocal<v8::Value> v8::Object::Get(v8::Local<v8::Context>, uint32_t)’
 3720 |   V8_WARN_UNUSED_RESULT MaybeLocal<Value> Get(Local<Context> context,
      |                                           ^~~
/root/.cache/node-gyp/14.15.4/include/node/v8.h:3720:43: note:   candidate expects 2 arguments, 1 provided
../ext/bson.cc: At global scope:
../ext/bson.cc:353:1: error: ‘Handle’ does not name a type
  353 | Handle<Value> BSONDeserializer::ReadCString()
      | ^~~~~~
../ext/bson.cc:408:1: error: ‘Handle’ does not name a type
  408 | Handle<Value> BSONDeserializer::DeserializeDocument(bool promoteLongs)
      | ^~~~~~
../ext/bson.cc:417:1: error: ‘Handle’ does not name a type
  417 | Handle<Value> BSONDeserializer::DeserializeDocumentInternal(bool promoteLongs)
      | ^~~~~~
../ext/bson.cc:445:1: error: ‘Handle’ does not name a type
  445 | Handle<Value> BSONDeserializer::DeserializeArray(bool promoteLongs)
      | ^~~~~~
../ext/bson.cc:454:1: error: ‘Handle’ does not name a type
  454 | Handle<Value> BSONDeserializer::DeserializeArrayInternal(bool promoteLongs)
      | ^~~~~~
../ext/bson.cc:470:1: error: ‘Handle’ does not name a type
  470 | Handle<Value> BSONDeserializer::DeserializeValue(BsonType type, bool promoteLongs)
      | ^~~~~~
../ext/bson.cc: In constructor ‘BSON::BSON()’:
../ext/bson.cc:603:73: error: no matching function for call to ‘NanAssignPersistent(v8::Persistent<v8::String, v8::NonCopyablePersistentTraits<v8::String> >&, v8::Local<v8::String>)’
  603 |         NanAssignPersistent(_bsontypeString, NanNew<String>("_bsontype"));
      |                                                                         ^
In file included from ../ext/bson.h:17,
                 from ../ext/bson.cc:35:
../../../../nan/nan.h:615:19: note: candidate: ‘template<class T> void NanAssignPersistent(v8::Persistent<T, v8::NonCopyablePersistentTraits<T> >&, int)’
  615 |   NAN_INLINE void NanAssignPersistent(
      |                   ^~~~~~~~~~~~~~~~~~~
../../../../nan/nan.h:615:19: note:   template argument deduction/substitution failed:
../ext/bson.cc:603:60: note:   cannot convert ‘NanNew<v8::String, const char*>(((const char*)"_bsontype"))’ (type ‘v8::Local<v8::String>’) to type ‘int’
  603 |         NanAssignPersistent(_bsontypeString, NanNew<String>("_bsontype"));
      |                                              ~~~~~~~~~~~~~~^~~~~~~~~~~~~
In file included from ../ext/bson.h:17,
                 from ../ext/bson.cc:35:
../../../../nan/nan.h:622:19: note: candidate: ‘template<class T> void NanAssignPersistent(v8::Persistent<T, v8::NonCopyablePersistentTraits<T> >&, const v8::Persistent<T, v8::NonCopyablePersistentTraits<T> >&)’
  622 |   NAN_INLINE void NanAssignPersistent(
      |                   ^~~~~~~~~~~~~~~~~~~
../../../../nan/nan.h:622:19: note:   template argument deduction/substitution failed:
../ext/bson.cc:603:73: note:   ‘v8::Local<v8::String>’ is not derived from ‘const v8::Persistent<T, v8::NonCopyablePersistentTraits<T> >’
  603 |         NanAssignPersistent(_bsontypeString, NanNew<String>("_bsontype"));
      |                                                                         ^
../ext/bson.cc:604:67: error: no matching function for call to ‘NanAssignPersistent(v8::Persistent<v8::String, v8::NonCopyablePersistentTraits<v8::String> >&, v8::Local<v8::String>)’
  604 |         NanAssignPersistent(_longLowString, NanNew<String>("low_"));
      |                                                                   ^
In file included from ../ext/bson.h:17,
                 from ../ext/bson.cc:35:
../../../../nan/nan.h:615:19: note: candidate: ‘template<class T> void NanAssignPersistent(v8::Persistent<T, v8::NonCopyablePersistentTraits<T> >&, int)’
  615 |   NAN_INLINE void NanAssignPersistent(
      |                   ^~~~~~~~~~~~~~~~~~~
../../../../nan/nan.h:615:19: note:   template argument deduction/substitution failed:
../ext/bson.cc:604:59: note:   cannot convert ‘NanNew<v8::String, const char*>(((const char*)"low_"))’ (type ‘v8::Local<v8::String>’) to type ‘int’
  604 |         NanAssignPersistent(_longLowString, NanNew<String>("low_"));
      |                                             ~~~~~~~~~~~~~~^~~~~~~~
In file included from ../ext/bson.h:17,
                 from ../ext/bson.cc:35:
../../../../nan/nan.h:622:19: note: candidate: ‘template<class T> void NanAssignPersistent(v8::Persistent<T, v8::NonCopyablePersistentTraits<T> >&, const v8::Persistent<T, v8::NonCopyablePersistentTraits<T> >&)’
  622 |   NAN_INLINE void NanAssignPersistent(
      |                   ^~~~~~~~~~~~~~~~~~~
../../../../nan/nan.h:622:19: note:   template argument deduction/substitution failed:
../ext/bson.cc:604:67: note:   ‘v8::Local<v8::String>’ is not derived from ‘const v8::Persistent<T, v8::NonCopyablePersistentTraits<T> >’
  604 |         NanAssignPersistent(_longLowString, NanNew<String>("low_"));
      |                                                                   ^
../ext/bson.cc:605:69: error: no matching function for call to ‘NanAssignPersistent(v8::Persistent<v8::String, v8::NonCopyablePersistentTraits<v8::String> >&, v8::Local<v8::String>)’
  605 |         NanAssignPersistent(_longHighString, NanNew<String>("high_"));
      |                                                                     ^
In file included from ../ext/bson.h:17,
                 from ../ext/bson.cc:35:
../../../../nan/nan.h:615:19: note: candidate: ‘template<class T> void NanAssignPersistent(v8::Persistent<T, v8::NonCopyablePersistentTraits<T> >&, int)’
  615 |   NAN_INLINE void NanAssignPersistent(
      |                   ^~~~~~~~~~~~~~~~~~~
../../../../nan/nan.h:615:19: note:   template argument deduction/substitution failed:
../ext/bson.cc:605:60: note:   cannot convert ‘NanNew<v8::String, const char*>(((const char*)"high_"))’ (type ‘v8::Local<v8::String>’) to type ‘int’
  605 |         NanAssignPersistent(_longHighString, NanNew<String>("high_"));
      |                                              ~~~~~~~~~~~~~~^~~~~~~~~
In file included from ../ext/bson.h:17,
                 from ../ext/bson.cc:35:
../../../../nan/nan.h:622:19: note: candidate: ‘template<class T> void NanAssignPersistent(v8::Persistent<T, v8::NonCopyablePersistentTraits<T> >&, const v8::Persistent<T, v8::NonCopyablePersistentTraits<T> >&)’
  622 |   NAN_INLINE void NanAssignPersistent(
      |                   ^~~~~~~~~~~~~~~~~~~
../../../../nan/nan.h:622:19: note:   template argument deduction/substitution failed:
../ext/bson.cc:605:69: note:   ‘v8::Local<v8::String>’ is not derived from ‘const v8::Persistent<T, v8::NonCopyablePersistentTraits<T> >’
  605 |         NanAssignPersistent(_longHighString, NanNew<String>("high_"));
      |                                                                     ^
../ext/bson.cc:606:68: error: no matching function for call to ‘NanAssignPersistent(v8::Persistent<v8::String, v8::NonCopyablePersistentTraits<v8::String> >&, v8::Local<v8::String>)’
  606 |         NanAssignPersistent(_objectIDidString, NanNew<String>("id"));
      |                                                                    ^
In file included from ../ext/bson.h:17,
                 from ../ext/bson.cc:35:
../../../../nan/nan.h:615:19: note: candidate: ‘template<class T> void NanAssignPersistent(v8::Persistent<T, v8::NonCopyablePersistentTraits<T> >&, int)’
  615 |   NAN_INLINE void NanAssignPersistent(
      |                   ^~~~~~~~~~~~~~~~~~~
../../../../nan/nan.h:615:19: note:   template argument deduction/substitution failed:
../ext/bson.cc:606:62: note:   cannot convert ‘NanNew<v8::String, const char*>(((const char*)"id"))’ (type ‘v8::Local<v8::String>’) to type ‘int’
  606 |         NanAssignPersistent(_objectIDidString, NanNew<String>("id"));
      |                                                ~~~~~~~~~~~~~~^~~~~~
In file included from ../ext/bson.h:17,
                 from ../ext/bson.cc:35:
../../../../nan/nan.h:622:19: note: candidate: ‘template<class T> void NanAssignPersistent(v8::Persistent<T, v8::NonCopyablePersistentTraits<T> >&, const v8::Persistent<T, v8::NonCopyablePersistentTraits<T> >&)’
  622 |   NAN_INLINE void NanAssignPersistent(
      |                   ^~~~~~~~~~~~~~~~~~~
../../../../nan/nan.h:622:19: note:   template argument deduction/substitution failed:
../ext/bson.cc:606:68: note:   ‘v8::Local<v8::String>’ is not derived from ‘const v8::Persistent<T, v8::NonCopyablePersistentTraits<T> >’
  606 |         NanAssignPersistent(_objectIDidString, NanNew<String>("id"));
      |                                                                    ^
../ext/bson.cc:607:78: error: no matching function for call to ‘NanAssignPersistent(v8::Persistent<v8::String, v8::NonCopyablePersistentTraits<v8::String> >&, v8::Local<v8::String>)’
  607 |         NanAssignPersistent(_binaryPositionString, NanNew<String>("position"));
      |                                                                              ^
In file included from ../ext/bson.h:17,
                 from ../ext/bson.cc:35:
../../../../nan/nan.h:615:19: note: candidate: ‘template<class T> void NanAssignPersistent(v8::Persistent<T, v8::NonCopyablePersistentTraits<T> >&, int)’
  615 |   NAN_INLINE void NanAssignPersistent(
      |                   ^~~~~~~~~~~~~~~~~~~
../../../../nan/nan.h:615:19: note:   template argument deduction/substitution failed:
../ext/bson.cc:607:66: note:   cannot convert ‘NanNew<v8::String, const char*>(((const char*)"position"))’ (type ‘v8::Local<v8::String>’) to type ‘int’
  607 |         NanAssignPersistent(_binaryPositionString, NanNew<String>("position"));
      |                                                    ~~~~~~~~~~~~~~^~~~~~~~~~~~
In file included from ../ext/bson.h:17,
                 from ../ext/bson.cc:35:
../../../../nan/nan.h:622:19: note: candidate: ‘template<class T> void NanAssignPersistent(v8::Persistent<T, v8::NonCopyablePersistentTraits<T> >&, const v8::Persistent<T, v8::NonCopyablePersistentTraits<T> >&)’
  622 |   NAN_INLINE void NanAssignPersistent(
      |                   ^~~~~~~~~~~~~~~~~~~
../../../../nan/nan.h:622:19: note:   template argument deduction/substitution failed:
../ext/bson.cc:607:78: note:   ‘v8::Local<v8::String>’ is not derived from ‘const v8::Persistent<T, v8::NonCopyablePersistentTraits<T> >’
  607 |         NanAssignPersistent(_binaryPositionString, NanNew<String>("position"));
      |                                                                              ^
../ext/bson.cc:608:77: error: no matching function for call to ‘NanAssignPersistent(v8::Persistent<v8::String, v8::NonCopyablePersistentTraits<v8::String> >&, v8::Local<v8::String>)’
  608 |         NanAssignPersistent(_binarySubTypeString, NanNew<String>("sub_type"));
      |                                                                             ^
In file included from ../ext/bson.h:17,
                 from ../ext/bson.cc:35:
../../../../nan/nan.h:615:19: note: candidate: ‘template<class T> void NanAssignPersistent(v8::Persistent<T, v8::NonCopyablePersistentTraits<T> >&, int)’
  615 |   NAN_INLINE void NanAssignPersistent(
      |                   ^~~~~~~~~~~~~~~~~~~
../../../../nan/nan.h:615:19: note:   template argument deduction/substitution failed:
../ext/bson.cc:608:65: note:   cannot convert ‘NanNew<v8::String, const char*>(((const char*)"sub_type"))’ (type ‘v8::Local<v8::String>’) to type ‘int’
  608 |         NanAssignPersistent(_binarySubTypeString, NanNew<String>("sub_type"));
      |                                                   ~~~~~~~~~~~~~~^~~~~~~~~~~~
In file included from ../ext/bson.h:17,
                 from ../ext/bson.cc:35:
../../../../nan/nan.h:622:19: note: candidate: ‘template<class T> void NanAssignPersistent(v8::Persistent<T, v8::NonCopyablePersistentTraits<T> >&, const v8::Persistent<T, v8::NonCopyablePersistentTraits<T> >&)’
  622 |   NAN_INLINE void NanAssignPersistent(
      |                   ^~~~~~~~~~~~~~~~~~~
../../../../nan/nan.h:622:19: note:   template argument deduction/substitution failed:
../ext/bson.cc:608:77: note:   ‘v8::Local<v8::String>’ is not derived from ‘const v8::Persistent<T, v8::NonCopyablePersistentTraits<T> >’
  608 |         NanAssignPersistent(_binarySubTypeString, NanNew<String>("sub_type"));
      |                                                                             ^
../ext/bson.cc:609:74: error: no matching function for call to ‘NanAssignPersistent(v8::Persistent<v8::String, v8::NonCopyablePersistentTraits<v8::String> >&, v8::Local<v8::String>)’
  609 |         NanAssignPersistent(_binaryBufferString, NanNew<String>("buffer"));
      |                                                                          ^
In file included from ../ext/bson.h:17,
                 from ../ext/bson.cc:35:
../../../../nan/nan.h:615:19: note: candidate: ‘template<class T> void NanAssignPersistent(v8::Persistent<T, v8::NonCopyablePersistentTraits<T> >&, int)’
  615 |   NAN_INLINE void NanAssignPersistent(
      |                   ^~~~~~~~~~~~~~~~~~~
../../../../nan/nan.h:615:19: note:   template argument deduction/substitution failed:
../ext/bson.cc:609:64: note:   cannot convert ‘NanNew<v8::String, const char*>(((const char*)"buffer"))’ (type ‘v8::Local<v8::String>’) to type ‘int’
  609 |         NanAssignPersistent(_binaryBufferString, NanNew<String>("buffer"));
      |                                                  ~~~~~~~~~~~~~~^~~~~~~~~~
In file included from ../ext/bson.h:17,
                 from ../ext/bson.cc:35:
../../../../nan/nan.h:622:19: note: candidate: ‘template<class T> void NanAssignPersistent(v8::Persistent<T, v8::NonCopyablePersistentTraits<T> >&, const v8::Persistent<T, v8::NonCopyablePersistentTraits<T> >&)’
  622 |   NAN_INLINE void NanAssignPersistent(
      |                   ^~~~~~~~~~~~~~~~~~~
../../../../nan/nan.h:622:19: note:   template argument deduction/substitution failed:
../ext/bson.cc:609:74: note:   ‘v8::Local<v8::String>’ is not derived from ‘const v8::Persistent<T, v8::NonCopyablePersistentTraits<T> >’
  609 |         NanAssignPersistent(_binaryBufferString, NanNew<String>("buffer"));
      |                                                                          ^
../ext/bson.cc:610:72: error: no matching function for call to ‘NanAssignPersistent(v8::Persistent<v8::String, v8::NonCopyablePersistentTraits<v8::String> >&, v8::Local<v8::String>)’
  610 |         NanAssignPersistent(_doubleValueString, NanNew<String>("value"));
      |                                                                        ^
In file included from ../ext/bson.h:17,
                 from ../ext/bson.cc:35:
../../../../nan/nan.h:615:19: note: candidate: ‘template<class T> void NanAssignPersistent(v8::Persistent<T, v8::NonCopyablePersistentTraits<T> >&, int)’
  615 |   NAN_INLINE void NanAssignPersistent(
      |                   ^~~~~~~~~~~~~~~~~~~
../../../../nan/nan.h:615:19: note:   template argument deduction/substitution failed:
../ext/bson.cc:610:63: note:   cannot convert ‘NanNew<v8::String, const char*>(((const char*)"value"))’ (type ‘v8::Local<v8::String>’) to type ‘int’
  610 |         NanAssignPersistent(_doubleValueString, NanNew<String>("value"));
      |                                                 ~~~~~~~~~~~~~~^~~~~~~~~
In file included from ../ext/bson.h:17,
                 from ../ext/bson.cc:35:
../../../../nan/nan.h:622:19: note: candidate: ‘template<class T> void NanAssignPersistent(v8::Persistent<T, v8::NonCopyablePersistentTraits<T> >&, const v8::Persistent<T, v8::NonCopyablePersistentTraits<T> >&)’
  622 |   NAN_INLINE void NanAssignPersistent(
      |                   ^~~~~~~~~~~~~~~~~~~
../../../../nan/nan.h:622:19: note:   template argument deduction/substitution failed:
../ext/bson.cc:610:72: note:   ‘v8::Local<v8::String>’ is not derived from ‘const v8::Persistent<T, v8::NonCopyablePersistentTraits<T> >’
  610 |         NanAssignPersistent(_doubleValueString, NanNew<String>("value"));
      |                                                                        ^
../ext/bson.cc:611:72: error: no matching function for call to ‘NanAssignPersistent(v8::Persistent<v8::String, v8::NonCopyablePersistentTraits<v8::String> >&, v8::Local<v8::String>)’
  611 |         NanAssignPersistent(_symbolValueString, NanNew<String>("value"));
      |                                                                        ^
In file included from ../ext/bson.h:17,
                 from ../ext/bson.cc:35:
../../../../nan/nan.h:615:19: note: candidate: ‘template<class T> void NanAssignPersistent(v8::Persistent<T, v8::NonCopyablePersistentTraits<T> >&, int)’
  615 |   NAN_INLINE void NanAssignPersistent(
      |                   ^~~~~~~~~~~~~~~~~~~
../../../../nan/nan.h:615:19: note:   template argument deduction/substitution failed:
../ext/bson.cc:611:63: note:   cannot convert ‘NanNew<v8::String, const char*>(((const char*)"value"))’ (type ‘v8::Local<v8::String>’) to type ‘int’
  611 |         NanAssignPersistent(_symbolValueString, NanNew<String>("value"));
      |                                                 ~~~~~~~~~~~~~~^~~~~~~~~
In file included from ../ext/bson.h:17,
                 from ../ext/bson.cc:35:
../../../../nan/nan.h:622:19: note: candidate: ‘template<class T> void NanAssignPersistent(v8::Persistent<T, v8::NonCopyablePersistentTraits<T> >&, const v8::Persistent<T, v8::NonCopyablePersistentTraits<T> >&)’
  622 |   NAN_INLINE void NanAssignPersistent(
      |                   ^~~~~~~~~~~~~~~~~~~
../../../../nan/nan.h:622:19: note:   template argument deduction/substitution failed:
../ext/bson.cc:611:72: note:   ‘v8::Local<v8::String>’ is not derived from ‘const v8::Persistent<T, v8::NonCopyablePersistentTraits<T> >’
  611 |         NanAssignPersistent(_symbolValueString, NanNew<String>("value"));
      |                                                                        ^
../ext/bson.cc:612:68: error: no matching function for call to ‘NanAssignPersistent(v8::Persistent<v8::String, v8::NonCopyablePersistentTraits<v8::String> >&, v8::Local<v8::String>)’
  612 |         NanAssignPersistent(_dbRefRefString, NanNew<String>("$ref"));
      |                                                                    ^
In file included from ../ext/bson.h:17,
                 from ../ext/bson.cc:35:
../../../../nan/nan.h:615:19: note: candidate: ‘template<class T> void NanAssignPersistent(v8::Persistent<T, v8::NonCopyablePersistentTraits<T> >&, int)’
  615 |   NAN_INLINE void NanAssignPersistent(
      |                   ^~~~~~~~~~~~~~~~~~~
../../../../nan/nan.h:615:19: note:   template argument deduction/substitution failed:
../ext/bson.cc:612:60: note:   cannot convert ‘NanNew<v8::String, const char*>(((const char*)"$ref"))’ (type ‘v8::Local<v8::String>’) to type ‘int’
  612 |         NanAssignPersistent(_dbRefRefString, NanNew<String>("$ref"));
      |                                              ~~~~~~~~~~~~~~^~~~~~~~
In file included from ../ext/bson.h:17,
                 from ../ext/bson.cc:35:
../../../../nan/nan.h:622:19: note: candidate: ‘template<class T> void NanAssignPersistent(v8::Persistent<T, v8::NonCopyablePersistentTraits<T> >&, const v8::Persistent<T, v8::NonCopyablePersistentTraits<T> >&)’
  622 |   NAN_INLINE void NanAssignPersistent(
      |                   ^~~~~~~~~~~~~~~~~~~
../../../../nan/nan.h:622:19: note:   template argument deduction/substitution failed:
../ext/bson.cc:612:68: note:   ‘v8::Local<v8::String>’ is not derived from ‘const v8::Persistent<T, v8::NonCopyablePersistentTraits<T> >’
  612 |         NanAssignPersistent(_dbRefRefString, NanNew<String>("$ref"));
      |                                                                    ^
../ext/bson.cc:613:69: error: no matching function for call to ‘NanAssignPersistent(v8::Persistent<v8::String, v8::NonCopyablePersistentTraits<v8::String> >&, v8::Local<v8::String>)’
  613 |         NanAssignPersistent(_dbRefIdRefString, NanNew<String>("$id"));
      |                                                                     ^
In file included from ../ext/bson.h:17,
                 from ../ext/bson.cc:35:
../../../../nan/nan.h:615:19: note: candidate: ‘template<class T> void NanAssignPersistent(v8::Persistent<T, v8::NonCopyablePersistentTraits<T> >&, int)’
  615 |   NAN_INLINE void NanAssignPersistent(
      |                   ^~~~~~~~~~~~~~~~~~~
../../../../nan/nan.h:615:19: note:   template argument deduction/substitution failed:
../ext/bson.cc:613:62: note:   cannot convert ‘NanNew<v8::String, const char*>(((const char*)"$id"))’ (type ‘v8::Local<v8::String>’) to type ‘int’
  613 |         NanAssignPersistent(_dbRefIdRefString, NanNew<String>("$id"));
      |                                                ~~~~~~~~~~~~~~^~~~~~~
In file included from ../ext/bson.h:17,
                 from ../ext/bson.cc:35:
../../../../nan/nan.h:622:19: note: candidate: ‘template<class T> void NanAssignPersistent(v8::Persistent<T, v8::NonCopyablePersistentTraits<T> >&, const v8::Persistent<T, v8::NonCopyablePersistentTraits<T> >&)’
  622 |   NAN_INLINE void NanAssignPersistent(
      |                   ^~~~~~~~~~~~~~~~~~~
../../../../nan/nan.h:622:19: note:   template argument deduction/substitution failed:
../ext/bson.cc:613:69: note:   ‘v8::Local<v8::String>’ is not derived from ‘const v8::Persistent<T, v8::NonCopyablePersistentTraits<T> >’
  613 |         NanAssignPersistent(_dbRefIdRefString, NanNew<String>("$id"));
      |                                                                     ^
../ext/bson.cc:614:69: error: no matching function for call to ‘NanAssignPersistent(v8::Persistent<v8::String, v8::NonCopyablePersistentTraits<v8::String> >&, v8::Local<v8::String>)’
  614 |         NanAssignPersistent(_dbRefDbRefString, NanNew<String>("$db"));
      |                                                                     ^
In file included from ../ext/bson.h:17,
                 from ../ext/bson.cc:35:
../../../../nan/nan.h:615:19: note: candidate: ‘template<class T> void NanAssignPersistent(v8::Persistent<T, v8::NonCopyablePersistentTraits<T> >&, int)’
  615 |   NAN_INLINE void NanAssignPersistent(
      |                   ^~~~~~~~~~~~~~~~~~~
../../../../nan/nan.h:615:19: note:   template argument deduction/substitution failed:
../ext/bson.cc:614:62: note:   cannot convert ‘NanNew<v8::String, const char*>(((const char*)"$db"))’ (type ‘v8::Local<v8::String>’) to type ‘int’
  614 |         NanAssignPersistent(_dbRefDbRefString, NanNew<String>("$db"));
      |                                                ~~~~~~~~~~~~~~^~~~~~~
In file included from ../ext/bson.h:17,
                 from ../ext/bson.cc:35:
../../../../nan/nan.h:622:19: note: candidate: ‘template<class T> void NanAssignPersistent(v8::Persistent<T, v8::NonCopyablePersistentTraits<T> >&, const v8::Persistent<T, v8::NonCopyablePersistentTraits<T> >&)’
  622 |   NAN_INLINE void NanAssignPersistent(
      |                   ^~~~~~~~~~~~~~~~~~~
../../../../nan/nan.h:622:19: note:   template argument deduction/substitution failed:
../ext/bson.cc:614:69: note:   ‘v8::Local<v8::String>’ is not derived from ‘const v8::Persistent<T, v8::NonCopyablePersistentTraits<T> >’
  614 |         NanAssignPersistent(_dbRefDbRefString, NanNew<String>("$db"));
      |                                                                     ^
../ext/bson.cc:615:79: error: no matching function for call to ‘NanAssignPersistent(v8::Persistent<v8::String, v8::NonCopyablePersistentTraits<v8::String> >&, v8::Local<v8::String>)’
  615 |         NanAssignPersistent(_dbRefNamespaceString, NanNew<String>("namespace"));
      |                                                                               ^
In file included from ../ext/bson.h:17,
                 from ../ext/bson.cc:35:
../../../../nan/nan.h:615:19: note: candidate: ‘template<class T> void NanAssignPersistent(v8::Persistent<T, v8::NonCopyablePersistentTraits<T> >&, int)’
  615 |   NAN_INLINE void NanAssignPersistent(
      |                   ^~~~~~~~~~~~~~~~~~~
../../../../nan/nan.h:615:19: note:   template argument deduction/substitution failed:
../ext/bson.cc:615:66: note:   cannot convert ‘NanNew<v8::String, const char*>(((const char*)"namespace"))’ (type ‘v8::Local<v8::String>’) to type ‘int’
  615 |         NanAssignPersistent(_dbRefNamespaceString, NanNew<String>("namespace"));
      |                                                    ~~~~~~~~~~~~~~^~~~~~~~~~~~~
In file included from ../ext/bson.h:17,
                 from ../ext/bson.cc:35:
../../../../nan/nan.h:622:19: note: candidate: ‘template<class T> void NanAssignPersistent(v8::Persistent<T, v8::NonCopyablePersistentTraits<T> >&, const v8::Persistent<T, v8::NonCopyablePersistentTraits<T> >&)’
  622 |   NAN_INLINE void NanAssignPersistent(
      |                   ^~~~~~~~~~~~~~~~~~~
../../../../nan/nan.h:622:19: note:   template argument deduction/substitution failed:
../ext/bson.cc:615:79: note:   ‘v8::Local<v8::String>’ is not derived from ‘const v8::Persistent<T, v8::NonCopyablePersistentTraits<T> >’
  615 |         NanAssignPersistent(_dbRefNamespaceString, NanNew<String>("namespace"));
      |                                                                               ^
../ext/bson.cc:616:65: error: no matching function for call to ‘NanAssignPersistent(v8::Persistent<v8::String, v8::NonCopyablePersistentTraits<v8::String> >&, v8::Local<v8::String>)’
  616 |         NanAssignPersistent(_dbRefDbString, NanNew<String>("db"));
      |                                                                 ^
In file included from ../ext/bson.h:17,
                 from ../ext/bson.cc:35:
../../../../nan/nan.h:615:19: note: candidate: ‘template<class T> void NanAssignPersistent(v8::Persistent<T, v8::NonCopyablePersistentTraits<T> >&, int)’
  615 |   NAN_INLINE void NanAssignPersistent(
      |                   ^~~~~~~~~~~~~~~~~~~
../../../../nan/nan.h:615:19: note:   template argument deduction/substitution failed:
../ext/bson.cc:616:59: note:   cannot convert ‘NanNew<v8::String, const char*>(((const char*)"db"))’ (type ‘v8::Local<v8::String>’) to type ‘int’
  616 |         NanAssignPersistent(_dbRefDbString, NanNew<String>("db"));
      |                                             ~~~~~~~~~~~~~~^~~~~~
In file included from ../ext/bson.h:17,
                 from ../ext/bson.cc:35:
../../../../nan/nan.h:622:19: note: candidate: ‘template<class T> void NanAssignPersistent(v8::Persistent<T, v8::NonCopyablePersistentTraits<T> >&, const v8::Persistent<T, v8::NonCopyablePersistentTraits<T> >&)’
  622 |   NAN_INLINE void NanAssignPersistent(
      |                   ^~~~~~~~~~~~~~~~~~~
../../../../nan/nan.h:622:19: note:   template argument deduction/substitution failed:
../ext/bson.cc:616:65: note:   ‘v8::Local<v8::String>’ is not derived from ‘const v8::Persistent<T, v8::NonCopyablePersistentTraits<T> >’
  616 |         NanAssignPersistent(_dbRefDbString, NanNew<String>("db"));
      |                                                                 ^
../ext/bson.cc:617:67: error: no matching function for call to ‘NanAssignPersistent(v8::Persistent<v8::String, v8::NonCopyablePersistentTraits<v8::String> >&, v8::Local<v8::String>)’
  617 |         NanAssignPersistent(_dbRefOidString, NanNew<String>("oid"));
      |                                                                   ^
In file included from ../ext/bson.h:17,
                 from ../ext/bson.cc:35:
../../../../nan/nan.h:615:19: note: candidate: ‘template<class T> void NanAssignPersistent(v8::Persistent<T, v8::NonCopyablePersistentTraits<T> >&, int)’
  615 |   NAN_INLINE void NanAssignPersistent(
      |                   ^~~~~~~~~~~~~~~~~~~
../../../../nan/nan.h:615:19: note:   template argument deduction/substitution failed:
../ext/bson.cc:617:60: note:   cannot convert ‘NanNew<v8::String, const char*>(((const char*)"oid"))’ (type ‘v8::Local<v8::String>’) to type ‘int’
  617 |         NanAssignPersistent(_dbRefOidString, NanNew<String>("oid"));
      |                                              ~~~~~~~~~~~~~~^~~~~~~
In file included from ../ext/bson.h:17,
                 from ../ext/bson.cc:35:
../../../../nan/nan.h:622:19: note: candidate: ‘template<class T> void NanAssignPersistent(v8::Persistent<T, v8::NonCopyablePersistentTraits<T> >&, const v8::Persistent<T, v8::NonCopyablePersistentTraits<T> >&)’
  622 |   NAN_INLINE void NanAssignPersistent(
      |                   ^~~~~~~~~~~~~~~~~~~
../../../../nan/nan.h:622:19: note:   template argument deduction/substitution failed:
../ext/bson.cc:617:67: note:   ‘v8::Local<v8::String>’ is not derived from ‘const v8::Persistent<T, v8::NonCopyablePersistentTraits<T> >’
  617 |         NanAssignPersistent(_dbRefOidString, NanNew<String>("oid"));
      |                                                                   ^
../ext/bson.cc:618:68: error: no matching function for call to ‘NanAssignPersistent(v8::Persistent<v8::String, v8::NonCopyablePersistentTraits<v8::String> >&, v8::Local<v8::String>)’
  618 |         NanAssignPersistent(_codeCodeString, NanNew<String>("code"));
      |                                                                    ^
In file included from ../ext/bson.h:17,
                 from ../ext/bson.cc:35:
../../../../nan/nan.h:615:19: note: candidate: ‘template<class T> void NanAssignPersistent(v8::Persistent<T, v8::NonCopyablePersistentTraits<T> >&, int)’
  615 |   NAN_INLINE void NanAssignPersistent(
      |                   ^~~~~~~~~~~~~~~~~~~
../../../../nan/nan.h:615:19: note:   template argument deduction/substitution failed:
../ext/bson.cc:618:60: note:   cannot convert ‘NanNew<v8::String, const char*>(((const char*)"code"))’ (type ‘v8::Local<v8::String>’) to type ‘int’
  618 |         NanAssignPersistent(_codeCodeString, NanNew<String>("code"));
      |                                              ~~~~~~~~~~~~~~^~~~~~~~
In file included from ../ext/bson.h:17,
                 from ../ext/bson.cc:35:
../../../../nan/nan.h:622:19: note: candidate: ‘template<class T> void NanAssignPersistent(v8::Persistent<T, v8::NonCopyablePersistentTraits<T> >&, const v8::Persistent<T, v8::NonCopyablePersistentTraits<T> >&)’
  622 |   NAN_INLINE void NanAssignPersistent(
      |                   ^~~~~~~~~~~~~~~~~~~
../../../../nan/nan.h:622:19: note:   template argument deduction/substitution failed:
../ext/bson.cc:618:68: note:   ‘v8::Local<v8::String>’ is not derived from ‘const v8::Persistent<T, v8::NonCopyablePersistentTraits<T> >’
  618 |         NanAssignPersistent(_codeCodeString, NanNew<String>("code"));
      |                                                                    ^
../ext/bson.cc:619:70: error: no matching function for call to ‘NanAssignPersistent(v8::Persistent<v8::String, v8::NonCopyablePersistentTraits<v8::String> >&, v8::Local<v8::String>)’
  619 |         NanAssignPersistent(_codeScopeString, NanNew<String>("scope"));
      |                                                                      ^
In file included from ../ext/bson.h:17,
                 from ../ext/bson.cc:35:
../../../../nan/nan.h:615:19: note: candidate: ‘template<class T> void NanAssignPersistent(v8::Persistent<T, v8::NonCopyablePersistentTraits<T> >&, int)’
  615 |   NAN_INLINE void NanAssignPersistent(
      |                   ^~~~~~~~~~~~~~~~~~~
../../../../nan/nan.h:615:19: note:   template argument deduction/substitution failed:
../ext/bson.cc:619:61: note:   cannot convert ‘NanNew<v8::String, const char*>(((const char*)"scope"))’ (type ‘v8::Local<v8::String>’) to type ‘int’
  619 |         NanAssignPersistent(_codeScopeString, NanNew<String>("scope"));
      |                                               ~~~~~~~~~~~~~~^~~~~~~~~
In file included from ../ext/bson.h:17,
                 from ../ext/bson.cc:35:
../../../../nan/nan.h:622:19: note: candidate: ‘template<class T> void NanAssignPersistent(v8::Persistent<T, v8::NonCopyablePersistentTraits<T> >&, const v8::Persistent<T, v8::NonCopyablePersistentTraits<T> >&)’
  622 |   NAN_INLINE void NanAssignPersistent(
      |                   ^~~~~~~~~~~~~~~~~~~
../../../../nan/nan.h:622:19: note:   template argument deduction/substitution failed:
../ext/bson.cc:619:70: note:   ‘v8::Local<v8::String>’ is not derived from ‘const v8::Persistent<T, v8::NonCopyablePersistentTraits<T> >’
  619 |         NanAssignPersistent(_codeScopeString, NanNew<String>("scope"));
      |                                                                      ^
../ext/bson.cc:620:68: error: no matching function for call to ‘NanAssignPersistent(v8::Persistent<v8::String, v8::NonCopyablePersistentTraits<v8::String> >&, v8::Local<v8::String>)’
  620 |         NanAssignPersistent(_toBSONString, NanNew<String>("toBSON"));
      |                                                                    ^
In file included from ../ext/bson.h:17,
                 from ../ext/bson.cc:35:
../../../../nan/nan.h:615:19: note: candidate: ‘template<class T> void NanAssignPersistent(v8::Persistent<T, v8::NonCopyablePersistentTraits<T> >&, int)’
  615 |   NAN_INLINE void NanAssignPersistent(
      |                   ^~~~~~~~~~~~~~~~~~~
../../../../nan/nan.h:615:19: note:   template argument deduction/substitution failed:
../ext/bson.cc:620:58: note:   cannot convert ‘NanNew<v8::String, const char*>(((const char*)"toBSON"))’ (type ‘v8::Local<v8::String>’) to type ‘int’
  620 |         NanAssignPersistent(_toBSONString, NanNew<String>("toBSON"));
      |                                            ~~~~~~~~~~~~~~^~~~~~~~~~
In file included from ../ext/bson.h:17,
                 from ../ext/bson.cc:35:
../../../../nan/nan.h:622:19: note: candidate: ‘template<class T> void NanAssignPersistent(v8::Persistent<T, v8::NonCopyablePersistentTraits<T> >&, const v8::Persistent<T, v8::NonCopyablePersistentTraits<T> >&)’
  622 |   NAN_INLINE void NanAssignPersistent(
      |                   ^~~~~~~~~~~~~~~~~~~
../../../../nan/nan.h:622:19: note:   template argument deduction/substitution failed:
../ext/bson.cc:620:68: note:   ‘v8::Local<v8::String>’ is not derived from ‘const v8::Persistent<T, v8::NonCopyablePersistentTraits<T> >’
  620 |         NanAssignPersistent(_toBSONString, NanNew<String>("toBSON"));
      |                                                                    ^
../ext/bson.cc:622:63: error: no matching function for call to ‘NanAssignPersistent(v8::Persistent<v8::String, v8::NonCopyablePersistentTraits<v8::String> >&, v8::Local<v8::String>)’
  622 |         NanAssignPersistent(longString, NanNew<String>("Long"));
      |                                                               ^
In file included from ../ext/bson.h:17,
                 from ../ext/bson.cc:35:
../../../../nan/nan.h:615:19: note: candidate: ‘template<class T> void NanAssignPersistent(v8::Persistent<T, v8::NonCopyablePersistentTraits<T> >&, int)’
  615 |   NAN_INLINE void NanAssignPersistent(
      |                   ^~~~~~~~~~~~~~~~~~~
../../../../nan/nan.h:615:19: note:   template argument deduction/substitution failed:
../ext/bson.cc:622:55: note:   cannot convert ‘NanNew<v8::String, const char*>(((const char*)"Long"))’ (type ‘v8::Local<v8::String>’) to type ‘int’
  622 |         NanAssignPersistent(longString, NanNew<String>("Long"));
      |                                         ~~~~~~~~~~~~~~^~~~~~~~
In file included from ../ext/bson.h:17,
                 from ../ext/bson.cc:35:
../../../../nan/nan.h:622:19: note: candidate: ‘template<class T> void NanAssignPersistent(v8::Persistent<T, v8::NonCopyablePersistentTraits<T> >&, const v8::Persistent<T, v8::NonCopyablePersistentTraits<T> >&)’
  622 |   NAN_INLINE void NanAssignPersistent(
      |                   ^~~~~~~~~~~~~~~~~~~
../../../../nan/nan.h:622:19: note:   template argument deduction/substitution failed:
../ext/bson.cc:622:63: note:   ‘v8::Local<v8::String>’ is not derived from ‘const v8::Persistent<T, v8::NonCopyablePersistentTraits<T> >’
  622 |         NanAssignPersistent(longString, NanNew<String>("Long"));
      |                                                               ^
../ext/bson.cc:623:71: error: no matching function for call to ‘NanAssignPersistent(v8::Persistent<v8::String, v8::NonCopyablePersistentTraits<v8::String> >&, v8::Local<v8::String>)’
  623 |         NanAssignPersistent(objectIDString, NanNew<String>("ObjectID"));
      |                                                                       ^
In file included from ../ext/bson.h:17,
                 from ../ext/bson.cc:35:
../../../../nan/nan.h:615:19: note: candidate: ‘template<class T> void NanAssignPersistent(v8::Persistent<T, v8::NonCopyablePersistentTraits<T> >&, int)’
  615 |   NAN_INLINE void NanAssignPersistent(
      |                   ^~~~~~~~~~~~~~~~~~~
../../../../nan/nan.h:615:19: note:   template argument deduction/substitution failed:
../ext/bson.cc:623:59: note:   cannot convert ‘NanNew<v8::String, const char*>(((const char*)"ObjectID"))’ (type ‘v8::Local<v8::String>’) to type ‘int’
  623 |         NanAssignPersistent(objectIDString, NanNew<String>("ObjectID"));
      |                                             ~~~~~~~~~~~~~~^~~~~~~~~~~~
In file included from ../ext/bson.h:17,
                 from ../ext/bson.cc:35:
../../../../nan/nan.h:622:19: note: candidate: ‘template<class T> void NanAssignPersistent(v8::Persistent<T, v8::NonCopyablePersistentTraits<T> >&, const v8::Persistent<T, v8::NonCopyablePersistentTraits<T> >&)’
  622 |   NAN_INLINE void NanAssignPersistent(
      |                   ^~~~~~~~~~~~~~~~~~~
../../../../nan/nan.h:622:19: note:   template argument deduction/substitution failed:
../ext/bson.cc:623:71: note:   ‘v8::Local<v8::String>’ is not derived from ‘const v8::Persistent<T, v8::NonCopyablePersistentTraits<T> >’
  623 |         NanAssignPersistent(objectIDString, NanNew<String>("ObjectID"));
      |                                                                       ^
../ext/bson.cc:624:67: error: no matching function for call to ‘NanAssignPersistent(v8::Persistent<v8::String, v8::NonCopyablePersistentTraits<v8::String> >&, v8::Local<v8::String>)’
  624 |         NanAssignPersistent(binaryString, NanNew<String>("Binary"));
      |                                                                   ^
In file included from ../ext/bson.h:17,
                 from ../ext/bson.cc:35:
../../../../nan/nan.h:615:19: note: candidate: ‘template<class T> void NanAssignPersistent(v8::Persistent<T, v8::NonCopyablePersistentTraits<T> >&, int)’
  615 |   NAN_INLINE void NanAssignPersistent(
      |                   ^~~~~~~~~~~~~~~~~~~
../../../../nan/nan.h:615:19: note:   template argument deduction/substitution failed:
../ext/bson.cc:624:57: note:   cannot convert ‘NanNew<v8::String, const char*>(((const char*)"Binary"))’ (type ‘v8::Local<v8::String>’) to type ‘int’
  624 |         NanAssignPersistent(binaryString, NanNew<String>("Binary"));
      |                                           ~~~~~~~~~~~~~~^~~~~~~~~~
In file included from ../ext/bson.h:17,
                 from ../ext/bson.cc:35:
../../../../nan/nan.h:622:19: note: candidate: ‘template<class T> void NanAssignPersistent(v8::Persistent<T, v8::NonCopyablePersistentTraits<T> >&, const v8::Persistent<T, v8::NonCopyablePersistentTraits<T> >&)’
  622 |   NAN_INLINE void NanAssignPersistent(
      |                   ^~~~~~~~~~~~~~~~~~~
../../../../nan/nan.h:622:19: note:   template argument deduction/substitution failed:
../ext/bson.cc:624:67: note:   ‘v8::Local<v8::String>’ is not derived from ‘const v8::Persistent<T, v8::NonCopyablePersistentTraits<T> >’
  624 |         NanAssignPersistent(binaryString, NanNew<String>("Binary"));
      |                                                                   ^
../ext/bson.cc:625:63: error: no matching function for call to ‘NanAssignPersistent(v8::Persistent<v8::String, v8::NonCopyablePersistentTraits<v8::String> >&, v8::Local<v8::String>)’
  625 |         NanAssignPersistent(codeString, NanNew<String>("Code"));
      |                                                               ^
In file included from ../ext/bson.h:17,
                 from ../ext/bson.cc:35:
../../../../nan/nan.h:615:19: note: candidate: ‘template<class T> void NanAssignPersistent(v8::Persistent<T, v8::NonCopyablePersistentTraits<T> >&, int)’
  615 |   NAN_INLINE void NanAssignPersistent(
      |                   ^~~~~~~~~~~~~~~~~~~
../../../../nan/nan.h:615:19: note:   template argument deduction/substitution failed:
../ext/bson.cc:625:55: note:   cannot convert ‘NanNew<v8::String, const char*>(((const char*)"Code"))’ (type ‘v8::Local<v8::String>’) to type ‘int’
  625 |         NanAssignPersistent(codeString, NanNew<String>("Code"));
      |                                         ~~~~~~~~~~~~~~^~~~~~~~
In file included from ../ext/bson.h:17,
                 from ../ext/bson.cc:35:
../../../../nan/nan.h:622:19: note: candidate: ‘template<class T> void NanAssignPersistent(v8::Persistent<T, v8::NonCopyablePersistentTraits<T> >&, const v8::Persistent<T, v8::NonCopyablePersistentTraits<T> >&)’
  622 |   NAN_INLINE void NanAssignPersistent(
      |                   ^~~~~~~~~~~~~~~~~~~
../../../../nan/nan.h:622:19: note:   template argument deduction/substitution failed:
../ext/bson.cc:625:63: note:   ‘v8::Local<v8::String>’ is not derived from ‘const v8::Persistent<T, v8::NonCopyablePersistentTraits<T> >’
  625 |         NanAssignPersistent(codeString, NanNew<String>("Code"));
      |                                                               ^
../ext/bson.cc:626:65: error: no matching function for call to ‘NanAssignPersistent(v8::Persistent<v8::String, v8::NonCopyablePersistentTraits<v8::String> >&, v8::Local<v8::String>)’
  626 |         NanAssignPersistent(dbrefString, NanNew<String>("DBRef"));
      |                                                                 ^
In file included from ../ext/bson.h:17,
                 from ../ext/bson.cc:35:
../../../../nan/nan.h:615:19: note: candidate: ‘template<class T> void NanAssignPersistent(v8::Persistent<T, v8::NonCopyablePersistentTraits<T> >&, int)’
  615 |   NAN_INLINE void NanAssignPersistent(
      |                   ^~~~~~~~~~~~~~~~~~~
../../../../nan/nan.h:615:19: note:   template argument deduction/substitution failed:
../ext/bson.cc:626:56: note:   cannot convert ‘NanNew<v8::String, const char*>(((const char*)"DBRef"))’ (type ‘v8::Local<v8::String>’) to type ‘int’
  626 |         NanAssignPersistent(dbrefString, NanNew<String>("DBRef"));
      |                                          ~~~~~~~~~~~~~~^~~~~~~~~
In file included from ../ext/bson.h:17,
                 from ../ext/bson.cc:35:
../../../../nan/nan.h:622:19: note: candidate: ‘template<class T> void NanAssignPersistent(v8::Persistent<T, v8::NonCopyablePersistentTraits<T> >&, const v8::Persistent<T, v8::NonCopyablePersistentTraits<T> >&)’
  622 |   NAN_INLINE void NanAssignPersistent(
      |                   ^~~~~~~~~~~~~~~~~~~
../../../../nan/nan.h:622:19: note:   template argument deduction/substitution failed:
../ext/bson.cc:626:65: note:   ‘v8::Local<v8::String>’ is not derived from ‘const v8::Persistent<T, v8::NonCopyablePersistentTraits<T> >’
  626 |         NanAssignPersistent(dbrefString, NanNew<String>("DBRef"));
      |                                                                 ^
../ext/bson.cc:627:67: error: no matching function for call to ‘NanAssignPersistent(v8::Persistent<v8::String, v8::NonCopyablePersistentTraits<v8::String> >&, v8::Local<v8::String>)’
  627 |         NanAssignPersistent(symbolString, NanNew<String>("Symbol"));
      |                                                                   ^
In file included from ../ext/bson.h:17,
                 from ../ext/bson.cc:35:
../../../../nan/nan.h:615:19: note: candidate: ‘template<class T> void NanAssignPersistent(v8::Persistent<T, v8::NonCopyablePersistentTraits<T> >&, int)’
  615 |   NAN_INLINE void NanAssignPersistent(
      |                   ^~~~~~~~~~~~~~~~~~~
../../../../nan/nan.h:615:19: note:   template argument deduction/substitution failed:
../ext/bson.cc:627:57: note:   cannot convert ‘NanNew<v8::String, const char*>(((const char*)"Symbol"))’ (type ‘v8::Local<v8::String>’) to type ‘int’
  627 |         NanAssignPersistent(symbolString, NanNew<String>("Symbol"));
      |                                           ~~~~~~~~~~~~~~^~~~~~~~~~
In file included from ../ext/bson.h:17,
                 from ../ext/bson.cc:35:
../../../../nan/nan.h:622:19: note: candidate: ‘template<class T> void NanAssignPersistent(v8::Persistent<T, v8::NonCopyablePersistentTraits<T> >&, const v8::Persistent<T, v8::NonCopyablePersistentTraits<T> >&)’
  622 |   NAN_INLINE void NanAssignPersistent(
      |                   ^~~~~~~~~~~~~~~~~~~
../../../../nan/nan.h:622:19: note:   template argument deduction/substitution failed:
../ext/bson.cc:627:67: note:   ‘v8::Local<v8::String>’ is not derived from ‘const v8::Persistent<T, v8::NonCopyablePersistentTraits<T> >’
  627 |         NanAssignPersistent(symbolString, NanNew<String>("Symbol"));
      |                                                                   ^
../ext/bson.cc:628:67: error: no matching function for call to ‘NanAssignPersistent(v8::Persistent<v8::String, v8::NonCopyablePersistentTraits<v8::String> >&, v8::Local<v8::String>)’
  628 |         NanAssignPersistent(doubleString, NanNew<String>("Double"));
      |                                                                   ^
In file included from ../ext/bson.h:17,
                 from ../ext/bson.cc:35:
../../../../nan/nan.h:615:19: note: candidate: ‘template<class T> void NanAssignPersistent(v8::Persistent<T, v8::NonCopyablePersistentTraits<T> >&, int)’
  615 |   NAN_INLINE void NanAssignPersistent(
      |                   ^~~~~~~~~~~~~~~~~~~
../../../../nan/nan.h:615:19: note:   template argument deduction/substitution failed:
../ext/bson.cc:628:57: note:   cannot convert ‘NanNew<v8::String, const char*>(((const char*)"Double"))’ (type ‘v8::Local<v8::String>’) to type ‘int’
  628 |         NanAssignPersistent(doubleString, NanNew<String>("Double"));
      |                                           ~~~~~~~~~~~~~~^~~~~~~~~~
In file included from ../ext/bson.h:17,
                 from ../ext/bson.cc:35:
../../../../nan/nan.h:622:19: note: candidate: ‘template<class T> void NanAssignPersistent(v8::Persistent<T, v8::NonCopyablePersistentTraits<T> >&, const v8::Persistent<T, v8::NonCopyablePersistentTraits<T> >&)’
  622 |   NAN_INLINE void NanAssignPersistent(
      |                   ^~~~~~~~~~~~~~~~~~~
../../../../nan/nan.h:622:19: note:   template argument deduction/substitution failed:
../ext/bson.cc:628:67: note:   ‘v8::Local<v8::String>’ is not derived from ‘const v8::Persistent<T, v8::NonCopyablePersistentTraits<T> >’
  628 |         NanAssignPersistent(doubleString, NanNew<String>("Double"));
      |                                                                   ^
../ext/bson.cc:629:73: error: no matching function for call to ‘NanAssignPersistent(v8::Persistent<v8::String, v8::NonCopyablePersistentTraits<v8::String> >&, v8::Local<v8::String>)’
  629 |         NanAssignPersistent(timestampString, NanNew<String>("Timestamp"));
      |                                                                         ^
In file included from ../ext/bson.h:17,
                 from ../ext/bson.cc:35:
../../../../nan/nan.h:615:19: note: candidate: ‘template<class T> void NanAssignPersistent(v8::Persistent<T, v8::NonCopyablePersistentTraits<T> >&, int)’
  615 |   NAN_INLINE void NanAssignPersistent(
      |                   ^~~~~~~~~~~~~~~~~~~
../../../../nan/nan.h:615:19: note:   template argument deduction/substitution failed:
../ext/bson.cc:629:60: note:   cannot convert ‘NanNew<v8::String, const char*>(((const char*)"Timestamp"))’ (type ‘v8::Local<v8::String>’) to type ‘int’
  629 |         NanAssignPersistent(timestampString, NanNew<String>("Timestamp"));
      |                                              ~~~~~~~~~~~~~~^~~~~~~~~~~~~
In file included from ../ext/bson.h:17,
                 from ../ext/bson.cc:35:
../../../../nan/nan.h:622:19: note: candidate: ‘template<class T> void NanAssignPersistent(v8::Persistent<T, v8::NonCopyablePersistentTraits<T> >&, const v8::Persistent<T, v8::NonCopyablePersistentTraits<T> >&)’
  622 |   NAN_INLINE void NanAssignPersistent(
      |                   ^~~~~~~~~~~~~~~~~~~
../../../../nan/nan.h:622:19: note:   template argument deduction/substitution failed:
../ext/bson.cc:629:73: note:   ‘v8::Local<v8::String>’ is not derived from ‘const v8::Persistent<T, v8::NonCopyablePersistentTraits<T> >’
  629 |         NanAssignPersistent(timestampString, NanNew<String>("Timestamp"));
      |                                                                         ^
../ext/bson.cc:630:67: error: no matching function for call to ‘NanAssignPersistent(v8::Persistent<v8::String, v8::NonCopyablePersistentTraits<v8::String> >&, v8::Local<v8::String>)’
  630 |         NanAssignPersistent(minKeyString, NanNew<String>("MinKey"));
      |                                                                   ^
In file included from ../ext/bson.h:17,
                 from ../ext/bson.cc:35:
../../../../nan/nan.h:615:19: note: candidate: ‘template<class T> void NanAssignPersistent(v8::Persistent<T, v8::NonCopyablePersistentTraits<T> >&, int)’
  615 |   NAN_INLINE void NanAssignPersistent(
      |                   ^~~~~~~~~~~~~~~~~~~
../../../../nan/nan.h:615:19: note:   template argument deduction/substitution failed:
../ext/bson.cc:630:57: note:   cannot convert ‘NanNew<v8::String, const char*>(((const char*)"MinKey"))’ (type ‘v8::Local<v8::String>’) to type ‘int’
  630 |         NanAssignPersistent(minKeyString, NanNew<String>("MinKey"));
      |                                           ~~~~~~~~~~~~~~^~~~~~~~~~
In file included from ../ext/bson.h:17,
                 from ../ext/bson.cc:35:
../../../../nan/nan.h:622:19: note: candidate: ‘template<class T> void NanAssignPersistent(v8::Persistent<T, v8::NonCopyablePersistentTraits<T> >&, const v8::Persistent<T, v8::NonCopyablePersistentTraits<T> >&)’
  622 |   NAN_INLINE void NanAssignPersistent(
      |                   ^~~~~~~~~~~~~~~~~~~
../../../../nan/nan.h:622:19: note:   template argument deduction/substitution failed:
../ext/bson.cc:630:67: note:   ‘v8::Local<v8::String>’ is not derived from ‘const v8::Persistent<T, v8::NonCopyablePersistentTraits<T> >’
  630 |         NanAssignPersistent(minKeyString, NanNew<String>("MinKey"));
      |                                                                   ^
../ext/bson.cc:631:67: error: no matching function for call to ‘NanAssignPersistent(v8::Persistent<v8::String, v8::NonCopyablePersistentTraits<v8::String> >&, v8::Local<v8::String>)’
  631 |         NanAssignPersistent(maxKeyString, NanNew<String>("MaxKey"));
      |                                                                   ^
In file included from ../ext/bson.h:17,
                 from ../ext/bson.cc:35:
../../../../nan/nan.h:615:19: note: candidate: ‘template<class T> void NanAssignPersistent(v8::Persistent<T, v8::NonCopyablePersistentTraits<T> >&, int)’
  615 |   NAN_INLINE void NanAssignPersistent(
      |                   ^~~~~~~~~~~~~~~~~~~
../../../../nan/nan.h:615:19: note:   template argument deduction/substitution failed:
../ext/bson.cc:631:57: note:   cannot convert ‘NanNew<v8::String, const char*>(((const char*)"MaxKey"))’ (type ‘v8::Local<v8::String>’) to type ‘int’
  631 |         NanAssignPersistent(maxKeyString, NanNew<String>("MaxKey"));
      |                                           ~~~~~~~~~~~~~~^~~~~~~~~~
In file included from ../ext/bson.h:17,
                 from ../ext/bson.cc:35:
../../../../nan/nan.h:622:19: note: candidate: ‘template<class T> void NanAssignPersistent(v8::Persistent<T, v8::NonCopyablePersistentTraits<T> >&, const v8::Persistent<T, v8::NonCopyablePersistentTraits<T> >&)’
  622 |   NAN_INLINE void NanAssignPersistent(
      |                   ^~~~~~~~~~~~~~~~~~~
../../../../nan/nan.h:622:19: note:   template argument deduction/substitution failed:
../ext/bson.cc:631:67: note:   ‘v8::Local<v8::String>’ is not derived from ‘const v8::Persistent<T, v8::NonCopyablePersistentTraits<T> >’
  631 |         NanAssignPersistent(maxKeyString, NanNew<String>("MaxKey"));
      |                                                                   ^
../ext/bson.cc: At global scope:
../ext/bson.cc:634:27: error: variable or field ‘Initialize’ declared void
  634 | void BSON::Initialize(v8::Handle<v8::Object> target)
      |                           ^~~~~~
../ext/bson.cc:634:27: error: ‘Handle’ is not a member of ‘v8’; did you mean ‘JobHandle’?
  634 | void BSON::Initialize(v8::Handle<v8::Object> target)
      |                           ^~~~~~
      |                           JobHandle
../ext/bson.cc:634:44: error: expected primary-expression before ‘>’ token
  634 | void BSON::Initialize(v8::Handle<v8::Object> target)
      |                                            ^
../ext/bson.cc:634:46: error: ‘target’ was not declared in this scope
  634 | void BSON::Initialize(v8::Handle<v8::Object> target)
      |                                              ^~~~~~
../ext/bson.cc: In static member function ‘static void BSON::New(const v8::FunctionCallbackInfo<v8::Value>&)’:
../ext/bson.cc:676:62: error: no matching function for call to ‘v8::Array::Get(uint32_t&)’
  676 |     Local<Function> func = Local<Function>::Cast(array->Get(i));
      |                                                              ^
In file included from ../ext/bson.cc:14:
/root/.cache/node-gyp/14.15.4/include/node/v8.h:3717:43: note: candidate: ‘v8::MaybeLocal<v8::Value> v8::Object::Get(v8::Local<v8::Context>, v8::Local<v8::Value>)’
 3717 |   V8_WARN_UNUSED_RESULT MaybeLocal<Value> Get(Local<Context> context,
      |                                           ^~~
/root/.cache/node-gyp/14.15.4/include/node/v8.h:3717:43: note:   candidate expects 2 arguments, 1 provided
/root/.cache/node-gyp/14.15.4/include/node/v8.h:3720:43: note: candidate: ‘v8::MaybeLocal<v8::Value> v8::Object::Get(v8::Local<v8::Context>, uint32_t)’
 3720 |   V8_WARN_UNUSED_RESULT MaybeLocal<Value> Get(Local<Context> context,
      |                                           ^~~
/root/.cache/node-gyp/14.15.4/include/node/v8.h:3720:43: note:   candidate expects 2 arguments, 1 provided
../ext/bson.cc:677:60: error: no matching function for call to ‘v8::Value::ToString()’
  677 |     Local<String> functionName = func->GetName()->ToString();
      |                                                            ^
In file included from ../ext/bson.cc:14:
/root/.cache/node-gyp/14.15.4/include/node/v8.h:2810:44: note: candidate: ‘v8::MaybeLocal<v8::String> v8::Value::ToString(v8::Local<v8::Context>) const’
 2810 |   V8_WARN_UNUSED_RESULT MaybeLocal<String> ToString(
      |                                            ^~~~~~~~
/root/.cache/node-gyp/14.15.4/include/node/v8.h:2810:44: note:   candidate expects 1 argument, 0 provided
../ext/bson.cc:681:53: error: no matching function for call to ‘NanAssignPersistent(v8::Persistent<v8::Function>&, v8::Local<v8::Function>&)’
  681 |      NanAssignPersistent(bson->longConstructor, func);
      |                                                     ^
In file included from ../ext/bson.h:17,
                 from ../ext/bson.cc:35:
../../../../nan/nan.h:615:19: note: candidate: ‘template<class T> void NanAssignPersistent(v8::Persistent<T, v8::NonCopyablePersistentTraits<T> >&, int)’
  615 |   NAN_INLINE void NanAssignPersistent(
      |                   ^~~~~~~~~~~~~~~~~~~
../../../../nan/nan.h:615:19: note:   template argument deduction/substitution failed:
../ext/bson.cc:681:49: note:   cannot convert ‘func’ (type ‘v8::Local<v8::Function>’) to type ‘int’
  681 |      NanAssignPersistent(bson->longConstructor, func);
      |                                                 ^~~~
In file included from ../ext/bson.h:17,
                 from ../ext/bson.cc:35:
../../../../nan/nan.h:622:19: note: candidate: ‘template<class T> void NanAssignPersistent(v8::Persistent<T, v8::NonCopyablePersistentTraits<T> >&, const v8::Persistent<T, v8::NonCopyablePersistentTraits<T> >&)’
  622 |   NAN_INLINE void NanAssignPersistent(
      |                   ^~~~~~~~~~~~~~~~~~~
../../../../nan/nan.h:622:19: note:   template argument deduction/substitution failed:
../ext/bson.cc:681:53: note:   ‘v8::Local<v8::Function>’ is not derived from ‘const v8::Persistent<T, v8::NonCopyablePersistentTraits<T> >’
  681 |      NanAssignPersistent(bson->longConstructor, func);
      |                                                     ^
../ext/bson.cc:684:57: error: no matching function for call to ‘NanAssignPersistent(v8::Persistent<v8::Function>&, v8::Local<v8::Function>&)’
  684 |      NanAssignPersistent(bson->objectIDConstructor, func);
      |                                                         ^
In file included from ../ext/bson.h:17,
                 from ../ext/bson.cc:35:
../../../../nan/nan.h:615:19: note: candidate: ‘template<class T> void NanAssignPersistent(v8::Persistent<T, v8::NonCopyablePersistentTraits<T> >&, int)’
  615 |   NAN_INLINE void NanAssignPersistent(
      |                   ^~~~~~~~~~~~~~~~~~~
../../../../nan/nan.h:615:19: note:   template argument deduction/substitution failed:
../ext/bson.cc:684:53: note:   cannot convert ‘func’ (type ‘v8::Local<v8::Function>’) to type ‘int’
  684 |      NanAssignPersistent(bson->objectIDConstructor, func);
      |                                                     ^~~~
In file included from ../ext/bson.h:17,
                 from ../ext/bson.cc:35:
../../../../nan/nan.h:622:19: note: candidate: ‘template<class T> void NanAssignPersistent(v8::Persistent<T, v8::NonCopyablePersistentTraits<T> >&, const v8::Persistent<T, v8::NonCopyablePersistentTraits<T> >&)’
  622 |   NAN_INLINE void NanAssignPersistent(
      |                   ^~~~~~~~~~~~~~~~~~~
../../../../nan/nan.h:622:19: note:   template argument deduction/substitution failed:
../ext/bson.cc:684:57: note:   ‘v8::Local<v8::Function>’ is not derived from ‘const v8::Persistent<T, v8::NonCopyablePersistentTraits<T> >’
  684 |      NanAssignPersistent(bson->objectIDConstructor, func);
      |                                                         ^
../ext/bson.cc:687:55: error: no matching function for call to ‘NanAssignPersistent(v8::Persistent<v8::Function>&, v8::Local<v8::Function>&)’
  687 |      NanAssignPersistent(bson->binaryConstructor, func);
      |                                                       ^
In file included from ../ext/bson.h:17,
                 from ../ext/bson.cc:35:
../../../../nan/nan.h:615:19: note: candidate: ‘template<class T> void NanAssignPersistent(v8::Persistent<T, v8::NonCopyablePersistentTraits<T> >&, int)’
  615 |   NAN_INLINE void NanAssignPersistent(
      |                   ^~~~~~~~~~~~~~~~~~~
../../../../nan/nan.h:615:19: note:   template argument deduction/substitution failed:
../ext/bson.cc:687:51: note:   cannot convert ‘func’ (type ‘v8::Local<v8::Function>’) to type ‘int’
  687 |      NanAssignPersistent(bson->binaryConstructor, func);
      |                                                   ^~~~
In file included from ../ext/bson.h:17,
                 from ../ext/bson.cc:35:
../../../../nan/nan.h:622:19: note: candidate: ‘template<class T> void NanAssignPersistent(v8::Persistent<T, v8::NonCopyablePersistentTraits<T> >&, const v8::Persistent<T, v8::NonCopyablePersistentTraits<T> >&)’
  622 |   NAN_INLINE void NanAssignPersistent(
      |                   ^~~~~~~~~~~~~~~~~~~
../../../../nan/nan.h:622:19: note:   template argument deduction/substitution failed:
../ext/bson.cc:687:55: note:   ‘v8::Local<v8::Function>’ is not derived from ‘const v8::Persistent<T, v8::NonCopyablePersistentTraits<T> >’
  687 |      NanAssignPersistent(bson->binaryConstructor, func);
      |                                                       ^
../ext/bson.cc:690:53: error: no matching function for call to ‘NanAssignPersistent(v8::Persistent<v8::Function>&, v8::Local<v8::Function>&)’
  690 |      NanAssignPersistent(bson->codeConstructor, func);
      |                                                     ^
In file included from ../ext/bson.h:17,
                 from ../ext/bson.cc:35:
../../../../nan/nan.h:615:19: note: candidate: ‘template<class T> void NanAssignPersistent(v8::Persistent<T, v8::NonCopyablePersistentTraits<T> >&, int)’
  615 |   NAN_INLINE void NanAssignPersistent(
      |                   ^~~~~~~~~~~~~~~~~~~
../../../../nan/nan.h:615:19: note:   template argument deduction/substitution failed:
../ext/bson.cc:690:49: note:   cannot convert ‘func’ (type ‘v8::Local<v8::Function>’) to type ‘int’
  690 |      NanAssignPersistent(bson->codeConstructor, func);
      |                                                 ^~~~
In file included from ../ext/bson.h:17,
                 from ../ext/bson.cc:35:
../../../../nan/nan.h:622:19: note: candidate: ‘template<class T> void NanAssignPersistent(v8::Persistent<T, v8::NonCopyablePersistentTraits<T> >&, const v8::Persistent<T, v8::NonCopyablePersistentTraits<T> >&)’
  622 |   NAN_INLINE void NanAssignPersistent(
      |                   ^~~~~~~~~~~~~~~~~~~
../../../../nan/nan.h:622:19: note:   template argument deduction/substitution failed:
../ext/bson.cc:690:53: note:   ‘v8::Local<v8::Function>’ is not derived from ‘const v8::Persistent<T, v8::NonCopyablePersistentTraits<T> >’
  690 |      NanAssignPersistent(bson->codeConstructor, func);
      |                                                     ^
../ext/bson.cc:693:54: error: no matching function for call to ‘NanAssignPersistent(v8::Persistent<v8::Function>&, v8::Local<v8::Function>&)’
  693 |      NanAssignPersistent(bson->dbrefConstructor, func);
      |                                                      ^
In file included from ../ext/bson.h:17,
                 from ../ext/bson.cc:35:
../../../../nan/nan.h:615:19: note: candidate: ‘template<class T> void NanAssignPersistent(v8::Persistent<T, v8::NonCopyablePersistentTraits<T> >&, int)’
  615 |   NAN_INLINE void NanAssignPersistent(
      |                   ^~~~~~~~~~~~~~~~~~~
../../../../nan/nan.h:615:19: note:   template argument deduction/substitution failed:
../ext/bson.cc:693:50: note:   cannot convert ‘func’ (type ‘v8::Local<v8::Function>’) to type ‘int’
  693 |      NanAssignPersistent(bson->dbrefConstructor, func);
      |                                                  ^~~~
In file included from ../ext/bson.h:17,
                 from ../ext/bson.cc:35:
../../../../nan/nan.h:622:19: note: candidate: ‘template<class T> void NanAssignPersistent(v8::Persistent<T, v8::NonCopyablePersistentTraits<T> >&, const v8::Persistent<T, v8::NonCopyablePersistentTraits<T> >&)’
  622 |   NAN_INLINE void NanAssignPersistent(
      |                   ^~~~~~~~~~~~~~~~~~~
../../../../nan/nan.h:622:19: note:   template argument deduction/substitution failed:
../ext/bson.cc:693:54: note:   ‘v8::Local<v8::Function>’ is not derived from ‘const v8::Persistent<T, v8::NonCopyablePersistentTraits<T> >’
  693 |      NanAssignPersistent(bson->dbrefConstructor, func);
      |                                                      ^
../ext/bson.cc:696:55: error: no matching function for call to ‘NanAssignPersistent(v8::Persistent<v8::Function>&, v8::Local<v8::Function>&)’
  696 |      NanAssignPersistent(bson->symbolConstructor, func);
      |                                                       ^
In file included from ../ext/bson.h:17,
                 from ../ext/bson.cc:35:
../../../../nan/nan.h:615:19: note: candidate: ‘template<class T> void NanAssignPersistent(v8::Persistent<T, v8::NonCopyablePersistentTraits<T> >&, int)’
  615 |   NAN_INLINE void NanAssignPersistent(
      |                   ^~~~~~~~~~~~~~~~~~~
../../../../nan/nan.h:615:19: note:   template argument deduction/substitution failed:
../ext/bson.cc:696:51: note:   cannot convert ‘func’ (type ‘v8::Local<v8::Function>’) to type ‘int’
  696 |      NanAssignPersistent(bson->symbolConstructor, func);
      |                                                   ^~~~
In file included from ../ext/bson.h:17,
                 from ../ext/bson.cc:35:
../../../../nan/nan.h:622:19: note: candidate: ‘template<class T> void NanAssignPersistent(v8::Persistent<T, v8::NonCopyablePersistentTraits<T> >&, const v8::Persistent<T, v8::NonCopyablePersistentTraits<T> >&)’
  622 |   NAN_INLINE void NanAssignPersistent(
      |                   ^~~~~~~~~~~~~~~~~~~
../../../../nan/nan.h:622:19: note:   template argument deduction/substitution failed:
../ext/bson.cc:696:55: note:   ‘v8::Local<v8::Function>’ is not derived from ‘const v8::Persistent<T, v8::NonCopyablePersistentTraits<T> >’
  696 |      NanAssignPersistent(bson->symbolConstructor, func);
      |                                                       ^
../ext/bson.cc:699:55: error: no matching function for call to ‘NanAssignPersistent(v8::Persistent<v8::Function>&, v8::Local<v8::Function>&)’
  699 |      NanAssignPersistent(bson->doubleConstructor, func);
      |                                                       ^
In file included from ../ext/bson.h:17,
                 from ../ext/bson.cc:35:
../../../../nan/nan.h:615:19: note: candidate: ‘template<class T> void NanAssignPersistent(v8::Persistent<T, v8::NonCopyablePersistentTraits<T> >&, int)’
  615 |   NAN_INLINE void NanAssignPersistent(
      |                   ^~~~~~~~~~~~~~~~~~~
../../../../nan/nan.h:615:19: note:   template argument deduction/substitution failed:
../ext/bson.cc:699:51: note:   cannot convert ‘func’ (type ‘v8::Local<v8::Function>’) to type ‘int’
  699 |      NanAssignPersistent(bson->doubleConstructor, func);
      |                                                   ^~~~
In file included from ../ext/bson.h:17,
                 from ../ext/bson.cc:35:
../../../../nan/nan.h:622:19: note: candidate: ‘template<class T> void NanAssignPersistent(v8::Persistent<T, v8::NonCopyablePersistentTraits<T> >&, const v8::Persistent<T, v8::NonCopyablePersistentTraits<T> >&)’
  622 |   NAN_INLINE void NanAssignPersistent(
      |                   ^~~~~~~~~~~~~~~~~~~
../../../../nan/nan.h:622:19: note:   template argument deduction/substitution failed:
../ext/bson.cc:699:55: note:   ‘v8::Local<v8::Function>’ is not derived from ‘const v8::Persistent<T, v8::NonCopyablePersistentTraits<T> >’
  699 |      NanAssignPersistent(bson->doubleConstructor, func);
      |                                                       ^
../ext/bson.cc:702:58: error: no matching function for call to ‘NanAssignPersistent(v8::Persistent<v8::Function>&, v8::Local<v8::Function>&)’
  702 |      NanAssignPersistent(bson->timestampConstructor, func);
      |                                                          ^
In file included from ../ext/bson.h:17,
                 from ../ext/bson.cc:35:
../../../../nan/nan.h:615:19: note: candidate: ‘template<class T> void NanAssignPersistent(v8::Persistent<T, v8::NonCopyablePersistentTraits<T> >&, int)’
  615 |   NAN_INLINE void NanAssignPersistent(
      |                   ^~~~~~~~~~~~~~~~~~~
../../../../nan/nan.h:615:19: note:   template argument deduction/substitution failed:
../ext/bson.cc:702:54: note:   cannot convert ‘func’ (type ‘v8::Local<v8::Function>’) to type ‘int’
  702 |      NanAssignPersistent(bson->timestampConstructor, func);
      |                                                      ^~~~
In file included from ../ext/bson.h:17,
                 from ../ext/bson.cc:35:
../../../../nan/nan.h:622:19: note: candidate: ‘template<class T> void NanAssignPersistent(v8::Persistent<T, v8::NonCopyablePersistentTraits<T> >&, const v8::Persistent<T, v8::NonCopyablePersistentTraits<T> >&)’
  622 |   NAN_INLINE void NanAssignPersistent(
      |                   ^~~~~~~~~~~~~~~~~~~
../../../../nan/nan.h:622:19: note:   template argument deduction/substitution failed:
../ext/bson.cc:702:58: note:   ‘v8::Local<v8::Function>’ is not derived from ‘const v8::Persistent<T, v8::NonCopyablePersistentTraits<T> >’
  702 |      NanAssignPersistent(bson->timestampConstructor, func);
      |                                                          ^
../ext/bson.cc:705:55: error: no matching function for call to ‘NanAssignPersistent(v8::Persistent<v8::Function>&, v8::Local<v8::Function>&)’
  705 |      NanAssignPersistent(bson->minKeyConstructor, func);
      |                                                       ^
In file included from ../ext/bson.h:17,
                 from ../ext/bson.cc:35:
../../../../nan/nan.h:615:19: note: candidate: ‘template<class T> void NanAssignPersistent(v8::Persistent<T, v8::NonCopyablePersistentTraits<T> >&, int)’
  615 |   NAN_INLINE void NanAssignPersistent(
      |                   ^~~~~~~~~~~~~~~~~~~
../../../../nan/nan.h:615:19: note:   template argument deduction/substitution failed:
../ext/bson.cc:705:51: note:   cannot convert ‘func’ (type ‘v8::Local<v8::Function>’) to type ‘int’
  705 |      NanAssignPersistent(bson->minKeyConstructor, func);
      |                                                   ^~~~
In file included from ../ext/bson.h:17,
                 from ../ext/bson.cc:35:
../../../../nan/nan.h:622:19: note: candidate: ‘template<class T> void NanAssignPersistent(v8::Persistent<T, v8::NonCopyablePersistentTraits<T> >&, const v8::Persistent<T, v8::NonCopyablePersistentTraits<T> >&)’
  622 |   NAN_INLINE void NanAssignPersistent(
      |                   ^~~~~~~~~~~~~~~~~~~
../../../../nan/nan.h:622:19: note:   template argument deduction/substitution failed:
../ext/bson.cc:705:55: note:   ‘v8::Local<v8::Function>’ is not derived from ‘const v8::Persistent<T, v8::NonCopyablePersistentTraits<T> >’
  705 |      NanAssignPersistent(bson->minKeyConstructor, func);
      |                                                       ^
../ext/bson.cc:708:55: error: no matching function for call to ‘NanAssignPersistent(v8::Persistent<v8::Function>&, v8::Local<v8::Function>&)’
  708 |      NanAssignPersistent(bson->maxKeyConstructor, func);
      |                                                       ^
In file included from ../ext/bson.h:17,
                 from ../ext/bson.cc:35:
../../../../nan/nan.h:615:19: note: candidate: ‘template<class T> void NanAssignPersistent(v8::Persistent<T, v8::NonCopyablePersistentTraits<T> >&, int)’
  615 |   NAN_INLINE void NanAssignPersistent(
      |                   ^~~~~~~~~~~~~~~~~~~
../../../../nan/nan.h:615:19: note:   template argument deduction/substitution failed:
../ext/bson.cc:708:51: note:   cannot convert ‘func’ (type ‘v8::Local<v8::Function>’) to type ‘int’
  708 |      NanAssignPersistent(bson->maxKeyConstructor, func);
      |                                                   ^~~~
In file included from ../ext/bson.h:17,
                 from ../ext/bson.cc:35:
../../../../nan/nan.h:622:19: note: candidate: ‘template<class T> void NanAssignPersistent(v8::Persistent<T, v8::NonCopyablePersistentTraits<T> >&, const v8::Persistent<T, v8::NonCopyablePersistentTraits<T> >&)’
  622 |   NAN_INLINE void NanAssignPersistent(
      |                   ^~~~~~~~~~~~~~~~~~~
../../../../nan/nan.h:622:19: note:   template argument deduction/substitution failed:
../ext/bson.cc:708:55: note:   ‘v8::Local<v8::Function>’ is not derived from ‘const v8::Persistent<T, v8::NonCopyablePersistentTraits<T> >’
  708 |      NanAssignPersistent(bson->maxKeyConstructor, func);
      |                                                       ^
../ext/bson.cc: In static member function ‘static void BSON::BSONDeserialize(const v8::FunctionCallbackInfo<v8::Value>&)’:
../ext/bson.cc:751:45: error: no matching function for call to ‘v8::Value::ToObject()’
  751 |   Local<Object> options = args[1]->ToObject();
      |                                             ^
In file included from ../ext/bson.cc:14:
/root/.cache/node-gyp/14.15.4/include/node/v8.h:2822:44: note: candidate: ‘v8::MaybeLocal<v8::Object> v8::Value::ToObject(v8::Local<v8::Context>) const’
 2822 |   V8_WARN_UNUSED_RESULT MaybeLocal<Object> ToObject(
      |                                            ^~~~~~~~
/root/.cache/node-gyp/14.15.4/include/node/v8.h:2822:44: note:   candidate expects 1 argument, 0 provided
../ext/bson.cc:753:49: error: no matching function for call to ‘v8::Object::Has(v8::Local<v8::String>)’
  753 |   if(options->Has(NanNew<String>("promoteLongs"))) {
      |                                                 ^
In file included from ../ext/bson.cc:14:
/root/.cache/node-gyp/14.15.4/include/node/v8.h:3752:37: note: candidate: ‘v8::Maybe<bool> v8::Object::Has(v8::Local<v8::Context>, v8::Local<v8::Value>)’
 3752 |   V8_WARN_UNUSED_RESULT Maybe<bool> Has(Local<Context> context,
      |                                     ^~~
/root/.cache/node-gyp/14.15.4/include/node/v8.h:3752:37: note:   candidate expects 2 arguments, 1 provided
/root/.cache/node-gyp/14.15.4/include/node/v8.h:3758:37: note: candidate: ‘v8::Maybe<bool> v8::Object::Has(v8::Local<v8::Context>, uint32_t)’
 3758 |   V8_WARN_UNUSED_RESULT Maybe<bool> Has(Local<Context> context, uint32_t index);
      |                                     ^~~
/root/.cache/node-gyp/14.15.4/include/node/v8.h:3758:37: note:   candidate expects 2 arguments, 1 provided
../ext/bson.cc:754:62: error: no matching function for call to ‘v8::Object::Get(v8::Local<v8::String>)’
  754 |    promoteLongs = options->Get(NanNew<String>("promoteLongs"))->ToBoolean()->Value();
      |                                                              ^
In file included from ../ext/bson.cc:14:
/root/.cache/node-gyp/14.15.4/include/node/v8.h:3717:43: note: candidate: ‘v8::MaybeLocal<v8::Value> v8::Object::Get(v8::Local<v8::Context>, v8::Local<v8::Value>)’
 3717 |   V8_WARN_UNUSED_RESULT MaybeLocal<Value> Get(Local<Context> context,
      |                                           ^~~
/root/.cache/node-gyp/14.15.4/include/node/v8.h:3717:43: note:   candidate expects 2 arguments, 1 provided
/root/.cache/node-gyp/14.15.4/include/node/v8.h:3720:43: note: candidate: ‘v8::MaybeLocal<v8::Value> v8::Object::Get(v8::Local<v8::Context>, uint32_t)’
 3720 |   V8_WARN_UNUSED_RESULT MaybeLocal<Value> Get(Local<Context> context,
      |                                           ^~~
/root/.cache/node-gyp/14.15.4/include/node/v8.h:3720:43: note:   candidate expects 2 arguments, 1 provided
../ext/bson.cc:759:40: error: no matching function for call to ‘v8::Value::ToObject()’
  759 |  Local<Object> obj = args[0]->ToObject();
      |                                        ^
In file included from ../ext/bson.cc:14:
/root/.cache/node-gyp/14.15.4/include/node/v8.h:2822:44: note: candidate: ‘v8::MaybeLocal<v8::Object> v8::Value::ToObject(v8::Local<v8::Context>) const’
 2822 |   V8_WARN_UNUSED_RESULT MaybeLocal<Object> ToObject(
      |                                            ^~~~~~~~
/root/.cache/node-gyp/14.15.4/include/node/v8.h:2822:44: note:   candidate expects 1 argument, 0 provided
In file included from ../ext/bson.h:17,
                 from ../ext/bson.cc:35:
../ext/bson.cc:783:32: error: ‘class BSONDeserializer’ has no member named ‘DeserializeDocument’
  783 |    NanReturnValue(deserializer.DeserializeDocument(promoteLongs));
      |                                ^~~~~~~~~~~~~~~~~~~
../../../../nan/nan.h:687:65: note: in definition of macro ‘NanReturnValue’
  687 | # define NanReturnValue(value) return args.GetReturnValue().Set(value)
      |                                                                 ^~~~~
../../../../nan/nan.h:687:70: error: return-statement with a value, in function returning ‘void’ [-fpermissive]
  687 | # define NanReturnValue(value) return args.GetReturnValue().Set(value)
      |                                                                      ^
../ext/bson.cc:783:4: note: in expansion of macro ‘NanReturnValue’
  783 |    NanReturnValue(deserializer.DeserializeDocument(promoteLongs));
      |    ^~~~~~~~~~~~~~
../ext/bson.cc:789:30: error: no matching function for call to ‘NanThrowError(v8::Local<v8::String>&)’
  789 |    return NanThrowError(error);
      |                              ^
In file included from ../ext/bson.h:17,
                 from ../ext/bson.cc:35:
../../../../nan/nan.h:716:19: note: candidate: ‘void NanThrowError(const char*)’
  716 |   NAN_INLINE void NanThrowError(const char* errmsg) {
      |                   ^~~~~~~~~~~~~
../../../../nan/nan.h:716:45: note:   no known conversion for argument 1 from ‘v8::Local<v8::String>’ to ‘const char*’
  716 |   NAN_INLINE void NanThrowError(const char* errmsg) {
      |                                 ~~~~~~~~~~~~^~~~~~
../../../../nan/nan.h:735:19: note: candidate: ‘void NanThrowError(const char*, int)’
  735 |   NAN_INLINE void NanThrowError(
      |                   ^~~~~~~~~~~~~
../../../../nan/nan.h:735:19: note:   candidate expects 2 arguments, 1 provided
../ext/bson.cc:789:30: error: return-statement with a value, in function returning ‘void’ [-fpermissive]
  789 |    return NanThrowError(error);
      |                              ^
../ext/bson.cc:796:35: error: cannot convert ‘v8::Local<v8::Value>’ to ‘v8::Isolate*’
  796 |   ssize_t len = DecodeBytes(args[0], BINARY);
      |                             ~~~~~~^
      |                                   |
      |                                   v8::Local<v8::Value>
In file included from ../ext/bson.cc:22:
/root/.cache/node-gyp/14.15.4/include/node/node.h:675:46: note:   initializing argument 1 of ‘ssize_t node::DecodeBytes(v8::Isolate*, v8::Local<v8::Value>, node::encoding)’
  675 | NODE_EXTERN ssize_t DecodeBytes(v8::Isolate* isolate,
      |                                 ~~~~~~~~~~~~~^~~~~~~
../ext/bson.cc:803:15: error: cannot convert ‘char*’ to ‘v8::Isolate*’
  803 |   DecodeWrite(data, len, args[0], BINARY);
      |               ^~~~
      |               |
      |               char*
In file included from ../ext/bson.cc:22:
/root/.cache/node-gyp/14.15.4/include/node/node.h:679:46: note:   initializing argument 1 of ‘ssize_t node::DecodeWrite(v8::Isolate*, char*, size_t, v8::Local<v8::Value>, node::encoding)’
  679 | NODE_EXTERN ssize_t DecodeWrite(v8::Isolate* isolate,
      |                                 ~~~~~~~~~~~~~^~~~~~~
../ext/bson.cc:809:4: error: ‘Handle’ was not declared in this scope; did you mean ‘handle’?
  809 |    Handle<Value> result = deserializer.DeserializeDocument(promoteLongs);
      |    ^~~~~~
      |    handle
../ext/bson.cc:809:16: error: expected primary-expression before ‘>’ token
  809 |    Handle<Value> result = deserializer.DeserializeDocument(promoteLongs);
      |                ^
../ext/bson.cc:809:18: error: ‘result’ was not declared in this scope
  809 |    Handle<Value> result = deserializer.DeserializeDocument(promoteLongs);
      |                  ^~~~~~
../ext/bson.cc:809:40: error: ‘class BSONDeserializer’ has no member named ‘DeserializeDocument’
  809 |    Handle<Value> result = deserializer.DeserializeDocument(promoteLongs);
      |                                        ^~~~~~~~~~~~~~~~~~~
In file included from ../ext/bson.h:17,
                 from ../ext/bson.cc:35:
../../../../nan/nan.h:687:70: error: return-statement with a value, in function returning ‘void’ [-fpermissive]
  687 | # define NanReturnValue(value) return args.GetReturnValue().Set(value)
      |                                                                      ^
../ext/bson.cc:811:4: note: in expansion of macro ‘NanReturnValue’
  811 |    NanReturnValue(result);
      |    ^~~~~~~~~~~~~~
../ext/bson.cc:819:30: error: no matching function for call to ‘NanThrowError(v8::Local<v8::String>&)’
  819 |    return NanThrowError(error);
      |                              ^
In file included from ../ext/bson.h:17,
                 from ../ext/bson.cc:35:
../../../../nan/nan.h:716:19: note: candidate: ‘void NanThrowError(const char*)’
  716 |   NAN_INLINE void NanThrowError(const char* errmsg) {
      |                   ^~~~~~~~~~~~~
../../../../nan/nan.h:716:45: note:   no known conversion for argument 1 from ‘v8::Local<v8::String>’ to ‘const char*’
  716 |   NAN_INLINE void NanThrowError(const char* errmsg) {
      |                                 ~~~~~~~~~~~~^~~~~~
../../../../nan/nan.h:735:19: note: candidate: ‘void NanThrowError(const char*, int)’
  735 |   NAN_INLINE void NanThrowError(
      |                   ^~~~~~~~~~~~~
../../../../nan/nan.h:735:19: note:   candidate expects 2 arguments, 1 provided
../ext/bson.cc:819:30: error: return-statement with a value, in function returning ‘void’ [-fpermissive]
  819 |    return NanThrowError(error);
      |                              ^
../ext/bson.cc: At global scope:
../ext/bson.cc:824:46: error: ‘Handle’ does not name a type
  824 | Local<Object> BSON::GetSerializeObject(const Handle<Value>& argValue)
      |                                              ^~~~~~
../ext/bson.cc:824:52: error: expected ‘,’ or ‘...’ before ‘<’ token
  824 | Local<Object> BSON::GetSerializeObject(const Handle<Value>& argValue)
      |                                                    ^
../ext/bson.cc: In member function ‘v8::Local<v8::Object> BSON::GetSerializeObject(int)’:
../ext/bson.cc:826:25: error: ‘argValue’ was not declared in this scope
  826 |  Local<Object> object = argValue->ToObject();
      |                         ^~~~~~~~
../ext/bson.cc:827:38: error: no matching function for call to ‘v8::Object::Has(v8::Local<v8::String>)’
  827 |  if(object->Has(NanNew(_toBSONString)))
      |                                      ^
In file included from ../ext/bson.cc:14:
/root/.cache/node-gyp/14.15.4/include/node/v8.h:3752:37: note: candidate: ‘v8::Maybe<bool> v8::Object::Has(v8::Local<v8::Context>, v8::Local<v8::Value>)’
 3752 |   V8_WARN_UNUSED_RESULT Maybe<bool> Has(Local<Context> context,
      |                                     ^~~
/root/.cache/node-gyp/14.15.4/include/node/v8.h:3752:37: note:   candidate expects 2 arguments, 1 provided
/root/.cache/node-gyp/14.15.4/include/node/v8.h:3758:37: note: candidate: ‘v8::Maybe<bool> v8::Object::Has(v8::Local<v8::Context>, uint32_t)’
 3758 |   V8_WARN_UNUSED_RESULT Maybe<bool> Has(Local<Context> context, uint32_t index);
      |                                     ^~~
/root/.cache/node-gyp/14.15.4/include/node/v8.h:3758:37: note:   candidate expects 2 arguments, 1 provided
../ext/bson.cc:829:65: error: no matching function for call to ‘v8::Object::Get(v8::Local<v8::String>)’
  829 |   const Local<Value>& toBSON = object->Get(NanNew(_toBSONString));
      |                                                                 ^
In file included from ../ext/bson.cc:14:
/root/.cache/node-gyp/14.15.4/include/node/v8.h:3717:43: note: candidate: ‘v8::MaybeLocal<v8::Value> v8::Object::Get(v8::Local<v8::Context>, v8::Local<v8::Value>)’
 3717 |   V8_WARN_UNUSED_RESULT MaybeLocal<Value> Get(Local<Context> context,
      |                                           ^~~
/root/.cache/node-gyp/14.15.4/include/node/v8.h:3717:43: note:   candidate expects 2 arguments, 1 provided
/root/.cache/node-gyp/14.15.4/include/node/v8.h:3720:43: note: candidate: ‘v8::MaybeLocal<v8::Value> v8::Object::Get(v8::Local<v8::Context>, uint32_t)’
 3720 |   V8_WARN_UNUSED_RESULT MaybeLocal<Value> Get(Local<Context> context,
      |                                           ^~~
/root/.cache/node-gyp/14.15.4/include/node/v8.h:3720:43: note:   candidate expects 2 arguments, 1 provided
../ext/bson.cc:832:76: error: no matching function for call to ‘v8::Function::Call(v8::Local<v8::Object>&, int, NULL)’
  832 |   Local<Value> result = Local<Function>::Cast(toBSON)->Call(object, 0, NULL);
      |                                                                            ^
In file included from ../ext/bson.cc:14:
/root/.cache/node-gyp/14.15.4/include/node/v8.h:4468:43: note: candidate: ‘v8::MaybeLocal<v8::Value> v8::Function::Call(v8::Local<v8::Context>, v8::Local<v8::Value>, int, v8::Local<v8::Value>*)’
 4468 |   V8_WARN_UNUSED_RESULT MaybeLocal<Value> Call(Local<Context> context,
      |                                           ^~~~
/root/.cache/node-gyp/14.15.4/include/node/v8.h:4468:43: note:   candidate expects 4 arguments, 3 provided
../ext/bson.cc:834:27: error: no matching function for call to ‘v8::Value::ToObject()’
  834 |   return result->ToObject();
      |                           ^
In file included from ../ext/bson.cc:14:
/root/.cache/node-gyp/14.15.4/include/node/v8.h:2822:44: note: candidate: ‘v8::MaybeLocal<v8::Object> v8::Value::ToObject(v8::Local<v8::Context>) const’
 2822 |   V8_WARN_UNUSED_RESULT MaybeLocal<Object> ToObject(
      |                                            ^~~~~~~~
/root/.cache/node-gyp/14.15.4/include/node/v8.h:2822:44: note:   candidate expects 1 argument, 0 provided
../ext/bson.cc: In static member function ‘static void BSON::BSONSerialize(const v8::FunctionCallbackInfo<v8::Value>&)’:
../ext/bson.cc:860:74: error: no matching function for call to ‘v8::Value::BooleanValue()’
  860 |  bool serializeFunctions = (args.Length() >= 4) && args[3]->BooleanValue();
      |                                                                          ^
In file included from ../ext/bson.cc:14:
/root/.cache/node-gyp/14.15.4/include/node/v8.h:2858:8: note: candidate: ‘bool v8::Value::BooleanValue(v8::Isolate*) const’
 2858 |   bool BooleanValue(Isolate* isolate) const;
      |        ^~~~~~~~~~~~
/root/.cache/node-gyp/14.15.4/include/node/v8.h:2858:8: note:   candidate expects 1 argument, 0 provided
../ext/bson.cc:866:57: error: cannot convert ‘v8::Local<v8::Value>’ to ‘int’
  866 |   Local<Object> object = bson->GetSerializeObject(args[0]);
      |                                                   ~~~~~~^
      |                                                         |
      |                                                         v8::Local<v8::Value>
../ext/bson.cc:824:40: note:   initializing argument 1 of ‘v8::Local<v8::Object> BSON::GetSerializeObject(int)’
  824 | Local<Object> BSON::GetSerializeObject(const Handle<Value>& argValue)
      |                                        ^~~~~~~~~~~~
../ext/bson.cc:869:29: error: cannot convert ‘v8::Local<v8::Object>’ to ‘int’
  869 |   counter.SerializeDocument(object);
      |                             ^~~~~~
      |                             |
      |                             v8::Local<v8::Object>
../ext/bson.cc:91:64: note:   initializing argument 1 of ‘void BSONSerializer<T>::SerializeDocument(int) [with T = CountStream]’
   91 | template<typename T> void BSONSerializer<T>::SerializeDocument(const Handle<Value>& value)
      |                                                                ^~~~~~~~~~~~
../ext/bson.cc:876:88: error: no matching function for call to ‘v8::Value::BooleanValue()’
  876 |   bool checkKeys = args.Length() >= 3 && args[1]->IsBoolean() && args[1]->BooleanValue();
      |                                                                                        ^
In file included from ../ext/bson.cc:14:
/root/.cache/node-gyp/14.15.4/include/node/v8.h:2858:8: note: candidate: ‘bool v8::Value::BooleanValue(v8::Isolate*) const’
 2858 |   bool BooleanValue(Isolate* isolate) const;
      |        ^~~~~~~~~~~~
/root/.cache/node-gyp/14.15.4/include/node/v8.h:2858:8: note:   candidate expects 1 argument, 0 provided
../ext/bson.cc:878:26: error: cannot convert ‘v8::Local<v8::Object>’ to ‘int’
  878 |   data.SerializeDocument(object);
      |                          ^~~~~~
      |                          |
      |                          v8::Local<v8::Object>
../ext/bson.cc:91:64: note:   initializing argument 1 of ‘void BSONSerializer<T>::SerializeDocument(int) [with T = DataStream]’
   91 | template<typename T> void BSONSerializer<T>::SerializeDocument(const Handle<Value>& value)
      |                                                                ^~~~~~~~~~~~
../ext/bson.cc:885:29: error: no matching function for call to ‘NanThrowError(v8::Local<v8::String>&)’
  885 |   return NanThrowError(error);
      |                             ^
In file included from ../ext/bson.h:17,
                 from ../ext/bson.cc:35:
../../../../nan/nan.h:716:19: note: candidate: ‘void NanThrowError(const char*)’
  716 |   NAN_INLINE void NanThrowError(const char* errmsg) {
      |                   ^~~~~~~~~~~~~
../../../../nan/nan.h:716:45: note:   no known conversion for argument 1 from ‘v8::Local<v8::String>’ to ‘const char*’
  716 |   NAN_INLINE void NanThrowError(const char* errmsg) {
      |                                 ~~~~~~~~~~~~^~~~~~
../../../../nan/nan.h:735:19: note: candidate: ‘void NanThrowError(const char*, int)’
  735 |   NAN_INLINE void NanThrowError(
      |                   ^~~~~~~~~~~~~
../../../../nan/nan.h:735:19: note:   candidate expects 2 arguments, 1 provided
../ext/bson.cc:885:29: error: return-statement with a value, in function returning ‘void’ [-fpermissive]
  885 |   return NanThrowError(error);
      |                             ^
../ext/bson.cc:897:73: error: no matching function for call to ‘Encode(char*&, size_t&, node::encoding)’
  897 |   Local<Value> bin_value = Encode(serialized_object, object_size, BINARY)->ToString();
      |                                                                         ^
In file included from ../ext/bson.cc:22:
/root/.cache/node-gyp/14.15.4/include/node/node.h:663:34: note: candidate: ‘v8::Local<v8::Value> node::Encode(v8::Isolate*, const char*, size_t, node::encoding)’
  663 | NODE_EXTERN v8::Local<v8::Value> Encode(v8::Isolate* isolate,
      |                                  ^~~~~~
/root/.cache/node-gyp/14.15.4/include/node/node.h:663:54: note:   no known conversion for argument 1 from ‘char*’ to ‘v8::Isolate*’
  663 | NODE_EXTERN v8::Local<v8::Value> Encode(v8::Isolate* isolate,
      |                                         ~~~~~~~~~~~~~^~~~~~~
/root/.cache/node-gyp/14.15.4/include/node/node.h:670:34: note: candidate: ‘v8::Local<v8::Value> node::Encode(v8::Isolate*, const uint16_t*, size_t)’
  670 | NODE_EXTERN v8::Local<v8::Value> Encode(v8::Isolate* isolate,
      |                                  ^~~~~~
/root/.cache/node-gyp/14.15.4/include/node/node.h:670:54: note:   no known conversion for argument 1 from ‘char*’ to ‘v8::Isolate*’
  670 | NODE_EXTERN v8::Local<v8::Value> Encode(v8::Isolate* isolate,
      |                                         ~~~~~~~~~~~~~^~~~~~~
../ext/bson.cc: In static member function ‘static void BSON::CalculateObjectSize(const v8::FunctionCallbackInfo<v8::Value>&)’:
../ext/bson.cc:913:74: error: no matching function for call to ‘v8::Value::BooleanValue()’
  913 |  bool serializeFunctions = (args.Length() >= 2) && args[1]->BooleanValue();
      |                                                                          ^
In file included from ../ext/bson.cc:14:
/root/.cache/node-gyp/14.15.4/include/node/v8.h:2858:8: note: candidate: ‘bool v8::Value::BooleanValue(v8::Isolate*) const’
 2858 |   bool BooleanValue(Isolate* isolate) const;
      |        ^~~~~~~~~~~~
/root/.cache/node-gyp/14.15.4/include/node/v8.h:2858:8: note:   candidate expects 1 argument, 0 provided
../ext/bson.cc:915:42: error: cannot convert ‘v8::Local<v8::Value>’ to ‘int’
  915 |  countSerializer.SerializeDocument(args[0]);
      |                                    ~~~~~~^
      |                                          |
      |                                          v8::Local<v8::Value>
../ext/bson.cc:91:64: note:   initializing argument 1 of ‘void BSONSerializer<T>::SerializeDocument(int) [with T = CountStream]’
   91 | template<typename T> void BSONSerializer<T>::SerializeDocument(const Handle<Value>& value)
      |                                                                ^~~~~~~~~~~~
../ext/bson.cc: In static member function ‘static void BSON::SerializeWithBufferAndIndex(const v8::FunctionCallbackInfo<v8::Value>&)’:
../ext/bson.cc:938:41: error: no matching function for call to ‘v8::Value::ToObject()’
  938 |   Local<Object> obj = args[2]->ToObject();
      |                                         ^
In file included from ../ext/bson.cc:14:
/root/.cache/node-gyp/14.15.4/include/node/v8.h:2822:44: note: candidate: ‘v8::MaybeLocal<v8::Object> v8::Value::ToObject(v8::Local<v8::Context>) const’
 2822 |   V8_WARN_UNUSED_RESULT MaybeLocal<Object> ToObject(
      |                                            ^~~~~~~~
/root/.cache/node-gyp/14.15.4/include/node/v8.h:2822:44: note:   candidate expects 1 argument, 0 provided
../ext/bson.cc:942:32: error: no matching function for call to ‘v8::Value::Uint32Value()’
  942 |   index = args[3]->Uint32Value();
      |                                ^
In file included from ../ext/bson.cc:14:
/root/.cache/node-gyp/14.15.4/include/node/v8.h:2866:41: note: candidate: ‘v8::Maybe<unsigned int> v8::Value::Uint32Value(v8::Local<v8::Context>) const’
 2866 |   V8_WARN_UNUSED_RESULT Maybe<uint32_t> Uint32Value(
      |                                         ^~~~~~~~~~~
/root/.cache/node-gyp/14.15.4/include/node/v8.h:2866:41: note:   candidate expects 1 argument, 0 provided
../ext/bson.cc:943:88: error: no matching function for call to ‘v8::Value::BooleanValue()’
  943 |   bool checkKeys = args.Length() >= 4 && args[1]->IsBoolean() && args[1]->BooleanValue();
      |                                                                                        ^
In file included from ../ext/bson.cc:14:
/root/.cache/node-gyp/14.15.4/include/node/v8.h:2858:8: note: candidate: ‘bool v8::Value::BooleanValue(v8::Isolate*) const’
 2858 |   bool BooleanValue(Isolate* isolate) const;
      |        ^~~~~~~~~~~~
/root/.cache/node-gyp/14.15.4/include/node/v8.h:2858:8: note:   candidate expects 1 argument, 0 provided
../ext/bson.cc:944:75: error: no matching function for call to ‘v8::Value::BooleanValue()’
  944 |   bool serializeFunctions = (args.Length() == 5) && args[4]->BooleanValue();
      |                                                                           ^
In file included from ../ext/bson.cc:14:
/root/.cache/node-gyp/14.15.4/include/node/v8.h:2858:8: note: candidate: ‘bool v8::Value::BooleanValue(v8::Isolate*) const’
 2858 |   bool BooleanValue(Isolate* isolate) const;
      |        ^~~~~~~~~~~~
/root/.cache/node-gyp/14.15.4/include/node/v8.h:2858:8: note:   candidate expects 1 argument, 0 provided
../ext/bson.cc:947:67: error: cannot convert ‘v8::Local<v8::Value>’ to ‘int’
  947 |   dataSerializer.SerializeDocument(bson->GetSerializeObject(args[0]));
      |                                                             ~~~~~~^
      |                                                                   |
      |                                                                   v8::Local<v8::Value>
../ext/bson.cc:824:40: note:   initializing argument 1 of ‘v8::Local<v8::Object> BSON::GetSerializeObject(int)’
  824 | Local<Object> BSON::GetSerializeObject(const Handle<Value>& argValue)
      |                                        ^~~~~~~~~~~~
../ext/bson.cc:956:43: error: no matching function for call to ‘NanThrowError(v8::Local<v8::String>&)’
  956 |                 return NanThrowError(error);
      |                                           ^
In file included from ../ext/bson.h:17,
                 from ../ext/bson.cc:35:
../../../../nan/nan.h:716:19: note: candidate: ‘void NanThrowError(const char*)’
  716 |   NAN_INLINE void NanThrowError(const char* errmsg) {
      |                   ^~~~~~~~~~~~~
../../../../nan/nan.h:716:45: note:   no known conversion for argument 1 from ‘v8::Local<v8::String>’ to ‘const char*’
  716 |   NAN_INLINE void NanThrowError(const char* errmsg) {
      |                                 ~~~~~~~~~~~~^~~~~~
../../../../nan/nan.h:735:19: note: candidate: ‘void NanThrowError(const char*, int)’
  735 |   NAN_INLINE void NanThrowError(
      |                   ^~~~~~~~~~~~~
../../../../nan/nan.h:735:19: note:   candidate expects 2 arguments, 1 provided
../ext/bson.cc:956:43: error: return-statement with a value, in function returning ‘void’ [-fpermissive]
  956 |                 return NanThrowError(error);
      |                                           ^
../ext/bson.cc: In static member function ‘static void BSON::BSONDeserializeStream(const v8::FunctionCallbackInfo<v8::Value>&)’:
../ext/bson.cc:983:40: error: no matching function for call to ‘v8::Value::ToObject()’
  983 |  Local<Object> obj = args[0]->ToObject();
      |                                        ^
In file included from ../ext/bson.cc:14:
/root/.cache/node-gyp/14.15.4/include/node/v8.h:2822:44: note: candidate: ‘v8::MaybeLocal<v8::Object> v8::Value::ToObject(v8::Local<v8::Context>) const’
 2822 |   V8_WARN_UNUSED_RESULT MaybeLocal<Object> ToObject(
      |                                            ^~~~~~~~
/root/.cache/node-gyp/14.15.4/include/node/v8.h:2822:44: note:   candidate expects 1 argument, 0 provided
../ext/bson.cc:984:52: error: no matching function for call to ‘v8::Value::Uint32Value()’
  984 |  uint32_t numberOfDocuments = args[2]->Uint32Value();
      |                                                    ^
In file included from ../ext/bson.cc:14:
/root/.cache/node-gyp/14.15.4/include/node/v8.h:2866:41: note: candidate: ‘v8::Maybe<unsigned int> v8::Value::Uint32Value(v8::Local<v8::Context>) const’
 2866 |   V8_WARN_UNUSED_RESULT Maybe<uint32_t> Uint32Value(
      |                                         ^~~~~~~~~~~
/root/.cache/node-gyp/14.15.4/include/node/v8.h:2866:41: note:   candidate expects 1 argument, 0 provided
../ext/bson.cc:985:40: error: no matching function for call to ‘v8::Value::Uint32Value()’
  985 |  uint32_t index = args[1]->Uint32Value();
      |                                        ^
In file included from ../ext/bson.cc:14:
/root/.cache/node-gyp/14.15.4/include/node/v8.h:2866:41: note: candidate: ‘v8::Maybe<unsigned int> v8::Value::Uint32Value(v8::Local<v8::Context>) const’
 2866 |   V8_WARN_UNUSED_RESULT Maybe<uint32_t> Uint32Value(
      |                                         ^~~~~~~~~~~
/root/.cache/node-gyp/14.15.4/include/node/v8.h:2866:41: note:   candidate expects 1 argument, 0 provided
../ext/bson.cc:986:46: error: no matching function for call to ‘v8::Value::Uint32Value()’
  986 |  uint32_t resultIndex = args[4]->Uint32Value();
      |                                              ^
In file included from ../ext/bson.cc:14:
/root/.cache/node-gyp/14.15.4/include/node/v8.h:2866:41: note: candidate: ‘v8::Maybe<unsigned int> v8::Value::Uint32Value(v8::Local<v8::Context>) const’
 2866 |   V8_WARN_UNUSED_RESULT Maybe<uint32_t> Uint32Value(
      |                                         ^~~~~~~~~~~
/root/.cache/node-gyp/14.15.4/include/node/v8.h:2866:41: note:   candidate expects 1 argument, 0 provided
../ext/bson.cc:991:45: error: no matching function for call to ‘v8::Value::ToObject()’
  991 |   Local<Object> options = args[5]->ToObject();
      |                                             ^
In file included from ../ext/bson.cc:14:
/root/.cache/node-gyp/14.15.4/include/node/v8.h:2822:44: note: candidate: ‘v8::MaybeLocal<v8::Object> v8::Value::ToObject(v8::Local<v8::Context>) const’
 2822 |   V8_WARN_UNUSED_RESULT MaybeLocal<Object> ToObject(
      |                                            ^~~~~~~~
/root/.cache/node-gyp/14.15.4/include/node/v8.h:2822:44: note:   candidate expects 1 argument, 0 provided
../ext/bson.cc:994:49: error: no matching function for call to ‘v8::Object::Has(v8::Local<v8::String>)’
  994 |   if(options->Has(NanNew<String>("promoteLongs"))) {
      |                                                 ^
In file included from ../ext/bson.cc:14:
/root/.cache/node-gyp/14.15.4/include/node/v8.h:3752:37: note: candidate: ‘v8::Maybe<bool> v8::Object::Has(v8::Local<v8::Context>, v8::Local<v8::Value>)’
 3752 |   V8_WARN_UNUSED_RESULT Maybe<bool> Has(Local<Context> context,
      |                                     ^~~
/root/.cache/node-gyp/14.15.4/include/node/v8.h:3752:37: note:   candidate expects 2 arguments, 1 provided
/root/.cache/node-gyp/14.15.4/include/node/v8.h:3758:37: note: candidate: ‘v8::Maybe<bool> v8::Object::Has(v8::Local<v8::Context>, uint32_t)’
 3758 |   V8_WARN_UNUSED_RESULT Maybe<bool> Has(Local<Context> context, uint32_t index);
      |                                     ^~~
/root/.cache/node-gyp/14.15.4/include/node/v8.h:3758:37: note:   candidate expects 2 arguments, 1 provided
../ext/bson.cc:995:62: error: no matching function for call to ‘v8::Object::Get(v8::Local<v8::String>)’
  995 |    promoteLongs = options->Get(NanNew<String>("promoteLongs"))->ToBoolean()->Value();
      |                                                              ^
In file included from ../ext/bson.cc:14:
/root/.cache/node-gyp/14.15.4/include/node/v8.h:3717:43: note: candidate: ‘v8::MaybeLocal<v8::Value> v8::Object::Get(v8::Local<v8::Context>, v8::Local<v8::Value>)’
 3717 |   V8_WARN_UNUSED_RESULT MaybeLocal<Value> Get(Local<Context> context,
      |                                           ^~~
/root/.cache/node-gyp/14.15.4/include/node/v8.h:3717:43: note:   candidate expects 2 arguments, 1 provided
/root/.cache/node-gyp/14.15.4/include/node/v8.h:3720:43: note: candidate: ‘v8::MaybeLocal<v8::Value> v8::Object::Get(v8::Local<v8::Context>, uint32_t)’
 3720 |   V8_WARN_UNUSED_RESULT MaybeLocal<Value> Get(Local<Context> context,
      |                                           ^~~
/root/.cache/node-gyp/14.15.4/include/node/v8.h:3720:43: note:   candidate expects 2 arguments, 1 provided
../ext/bson.cc:1013:46: error: no matching function for call to ‘v8::Value::ToObject()’
 1013 |  Local<Object> documents = args[3]->ToObject();
      |                                              ^
In file included from ../ext/bson.cc:14:
/root/.cache/node-gyp/14.15.4/include/node/v8.h:2822:44: note: candidate: ‘v8::MaybeLocal<v8::Object> v8::Value::ToObject(v8::Local<v8::Context>) const’
 2822 |   V8_WARN_UNUSED_RESULT MaybeLocal<Object> ToObject(
      |                                            ^~~~~~~~
/root/.cache/node-gyp/14.15.4/include/node/v8.h:2822:44: note:   candidate expects 1 argument, 0 provided
../ext/bson.cc:1020:49: error: ‘class BSONDeserializer’ has no member named ‘DeserializeDocument’
 1020 |    documents->Set(i + resultIndex, deserializer.DeserializeDocument(promoteLongs));
      |                                                 ^~~~~~~~~~~~~~~~~~~
../ext/bson.cc:1026:30: error: no matching function for call to ‘NanThrowError(v8::Local<v8::String>&)’
 1026 |    return NanThrowError(error);
      |                              ^
In file included from ../ext/bson.h:17,
                 from ../ext/bson.cc:35:
../../../../nan/nan.h:716:19: note: candidate: ‘void NanThrowError(const char*)’
  716 |   NAN_INLINE void NanThrowError(const char* errmsg) {
      |                   ^~~~~~~~~~~~~
../../../../nan/nan.h:716:45: note:   no known conversion for argument 1 from ‘v8::Local<v8::String>’ to ‘const char*’
  716 |   NAN_INLINE void NanThrowError(const char* errmsg) {
      |                                 ~~~~~~~~~~~~^~~~~~
../../../../nan/nan.h:735:19: note: candidate: ‘void NanThrowError(const char*, int)’
  735 |   NAN_INLINE void NanThrowError(
      |                   ^~~~~~~~~~~~~
../../../../nan/nan.h:735:19: note:   candidate expects 2 arguments, 1 provided
../ext/bson.cc:1026:30: error: return-statement with a value, in function returning ‘void’ [-fpermissive]
 1026 |    return NanThrowError(error);
      |                              ^
../ext/bson.cc: At global scope:
../ext/bson.cc:1035:22: error: variable or field ‘init’ declared void
 1035 | extern "C" void init(Handle<Object> target)
      |                      ^~~~~~
../ext/bson.cc:1035:22: error: ‘Handle’ was not declared in this scope
../ext/bson.cc:1035:35: error: expected primary-expression before ‘>’ token
 1035 | extern "C" void init(Handle<Object> target)
      |                                   ^
../ext/bson.cc:1035:37: error: ‘target’ was not declared in this scope
 1035 | extern "C" void init(Handle<Object> target)
      |                                     ^~~~~~
In file included from ../ext/bson.cc:22:
/root/.cache/node-gyp/14.15.4/include/node/node.h:758:43: warning: cast between incompatible function types from ‘void (*)(int)’ to ‘node::addon_register_func’ {aka ‘void (*)(v8::Local<v8::Object>, v8::Local<v8::Value>, void*)’} [-Wcast-function-type]
  758 |       (node::addon_register_func) (regfunc),                          \
      |                                           ^
/root/.cache/node-gyp/14.15.4/include/node/node.h:792:3: note: in expansion of macro ‘NODE_MODULE_X’
  792 |   NODE_MODULE_X(modname, regfunc, NULL, 0)  // NOLINT (readability/null_usage)
      |   ^~~~~~~~~~~~~
../ext/bson.cc:1041:1: note: in expansion of macro ‘NODE_MODULE’
 1041 | NODE_MODULE(bson, BSON::Initialize);
      | ^~~~~~~~~~~
In file included from ../ext/bson.cc:14:
/root/.cache/node-gyp/14.15.4/include/node/v8.h: In instantiation of ‘void v8::PersistentBase<T>::SetWeak(P*, typename v8::WeakCallbackInfo<P>::Callback, v8::WeakCallbackType) [with P = node::ObjectWrap; T = v8::Object; typename v8::WeakCallbackInfo<P>::Callback = void (*)(const v8::WeakCallbackInfo<node::ObjectWrap>&)]’:
/root/.cache/node-gyp/14.15.4/include/node/node_object_wrap.h:85:78:   required from here
/root/.cache/node-gyp/14.15.4/include/node/v8.h:10874:16: warning: cast between incompatible function types from ‘v8::WeakCallbackInfo<node::ObjectWrap>::Callback’ {aka ‘void (*)(const v8::WeakCallbackInfo<node::ObjectWrap>&)’} to ‘Callback’ {aka ‘void (*)(const v8::WeakCallbackInfo<void>&)’} [-Wcast-function-type]
10874 |                reinterpret_cast<Callback>(callback), type);
      |                ^~~~~~~~~~~~~~~~~~~~~~~~~~~~~~~~~~~~
In file included from ../ext/bson.h:17,
                 from ../ext/bson.cc:35:
../../../../nan/nan.h:1714:13: warning: ‘_NanGetExternalParts’ defined but not used [-Wunused-variable]
 1714 | static bool _NanGetExternalParts(
      |             ^~~~~~~~~~~~~~~~~~~~
make: *** [bson.target.mk:109: Release/obj.target/bson/ext/bson.o] Error 1
gyp ERR! build error 
gyp ERR! stack Error: `make` failed with exit code: 2
gyp ERR! stack     at ChildProcess.onExit (/usr/local/lib/node_modules/npm/node_modules/node-gyp/lib/build.js:194:23)
gyp ERR! stack     at ChildProcess.emit (events.js:315:20)
gyp ERR! stack     at Process.ChildProcess._handle.onexit (internal/child_process.js:277:12)
gyp ERR! System Linux 5.8.0-38-generic
gyp ERR! command "/usr/local/bin/node" "/usr/local/lib/node_modules/npm/node_modules/node-gyp/bin/node-gyp.js" "rebuild"
gyp ERR! cwd /home/tonilogar/Documentos/trabajos/servidorVirtual/www/html/repositoriesTonilogar/CursosPlatzi/cursoDeNode/node_modules/mongoo/node_modules/bson
gyp ERR! node -v v14.15.4
gyp ERR! node-gyp -v v5.1.0
gyp ERR! not ok 
